---------------------------------------------------------------
[ 2018-04-10T05:24:23+08:00 ] 121.42.87.135 203.208.60.139 GET /
[ info ] www.yi-23.com/ [运行时间：0.031920s][吞吐率：31.33req/s] [内存消耗：2,289.02kb] [文件加载：40]
[ info ] [ LANG ] /data/home/qxu1146510236/htdocs/thinkphp/lang/zh-cn.php
[ info ] [ ROUTE ] array (
  'type' => 'module',
  'module' => 
  array (
    0 => '',
    1 => NULL,
    2 => NULL,
  ),
)
[ info ] [ HEADER ] array (
  'accept' => 'text/html,application/xhtml+xml,application/xml;q=0.9,*/*;q=0.8',
  'accept-encoding' => 'gzip,deflate,br',
  'connection' => 'keep-alive',
  'from' => 'googlebot(at)googlebot.com',
  'host' => 'www.yi-23.com',
  'user-agent' => 'Mozilla/5.0 (Linux; Android 6.0.1; Nexus 5X Build/MMB29P) AppleWebKit/537.36 (KHTML, like Gecko) Chrome/41.0.2272.96 Mobile Safari/537.36 (compatible; Googlebot/2.1; +http://www.google.com/bot.html)',
)
[ info ] [ PARAM ] array (
)
[ info ] [ RUN ] app\index\controller\index->index[ /data/home/qxu1146510236/htdocs/application/index/controller/Index.php ]
[ info ] [ VIEW ] ./application/index/view/index/index.html [ array (
) ]
[ info ] [ LOG ] INIT File
---------------------------------------------------------------
[ 2018-04-10T08:07:08+08:00 ] 121.42.87.135 203.208.60.141 GET /
[ info ] www.yi-23.com/ [运行时间：0.032855s][吞吐率：30.44req/s] [内存消耗：2,288.49kb] [文件加载：40]
[ info ] [ LANG ] /data/home/qxu1146510236/htdocs/thinkphp/lang/zh-cn.php
[ info ] [ ROUTE ] array (
  'type' => 'module',
  'module' => 
  array (
    0 => '',
    1 => NULL,
    2 => NULL,
  ),
)
[ info ] [ HEADER ] array (
  'accept' => 'text/html,application/xhtml+xml,application/xml;q=0.9,*/*;q=0.8',
  'accept-encoding' => 'gzip,deflate,br',
  'connection' => 'keep-alive',
  'from' => 'googlebot(at)googlebot.com',
  'host' => 'www.yi-23.com',
  'user-agent' => 'Mozilla/5.0 (compatible; Googlebot/2.1; +http://www.google.com/bot.html)',
)
[ info ] [ PARAM ] array (
)
[ info ] [ RUN ] app\index\controller\index->index[ /data/home/qxu1146510236/htdocs/application/index/controller/Index.php ]
[ info ] [ VIEW ] ./application/index/view/index/index.html [ array (
) ]
[ info ] [ LOG ] INIT File
---------------------------------------------------------------
[ 2018-04-10T08:37:33+08:00 ] 121.42.87.135 203.208.60.143 GET /
[ info ] www.yi-23.com/ [运行时间：0.032043s][吞吐率：31.21req/s] [内存消耗：2,289.02kb] [文件加载：40]
[ info ] [ LANG ] /data/home/qxu1146510236/htdocs/thinkphp/lang/zh-cn.php
[ info ] [ ROUTE ] array (
  'type' => 'module',
  'module' => 
  array (
    0 => '',
    1 => NULL,
    2 => NULL,
  ),
)
[ info ] [ HEADER ] array (
  'accept' => 'text/html,application/xhtml+xml,application/xml;q=0.9,*/*;q=0.8',
  'accept-encoding' => 'gzip,deflate,br',
  'connection' => 'keep-alive',
  'from' => 'googlebot(at)googlebot.com',
  'host' => 'www.yi-23.com',
  'user-agent' => 'Mozilla/5.0 (Linux; Android 6.0.1; Nexus 5X Build/MMB29P) AppleWebKit/537.36 (KHTML, like Gecko) Chrome/41.0.2272.96 Mobile Safari/537.36 (compatible; Googlebot/2.1; +http://www.google.com/bot.html)',
)
[ info ] [ PARAM ] array (
)
[ info ] [ RUN ] app\index\controller\index->index[ /data/home/qxu1146510236/htdocs/application/index/controller/Index.php ]
[ info ] [ VIEW ] ./application/index/view/index/index.html [ array (
) ]
[ info ] [ LOG ] INIT File
---------------------------------------------------------------
[ 2018-04-10T09:08:15+08:00 ] 121.42.87.135 27.154.170.142 GET /
[ info ] www.yi-23.com/ [运行时间：0.033785s][吞吐率：29.60req/s] [内存消耗：2,272.64kb] [文件加载：39]
[ info ] [ LANG ] /data/home/qxu1146510236/htdocs/thinkphp/lang/zh-cn.php
[ info ] [ ROUTE ] array (
  'type' => 'module',
  'module' => 
  array (
    0 => '',
    1 => NULL,
    2 => NULL,
  ),
)
[ info ] [ HEADER ] array (
  'accept' => 'text/html,application/xhtml+xml,application/xml;q=0.9,image/webp,image/apng,*/*;q=0.8',
  'accept-encoding' => 'gzip, deflate',
  'accept-language' => 'zh-CN,zh;q=0.8',
  'connection' => 'keep-alive',
  'cookie' => 'token=7892BDDA8F06E8B8B1D8143E68210EE3',
  'dnt' => '1',
  'host' => 'www.yi-23.com',
  'upgrade-insecure-requests' => '1',
  'user-agent' => 'Mozilla/5.0 (Windows NT 10.0; WOW64) AppleWebKit/537.36 (KHTML, like Gecko) Chrome/61.0.3163.100 Safari/537.36',
)
[ info ] [ PARAM ] array (
)
[ info ] [ RUN ] app\index\controller\index->index[ /data/home/qxu1146510236/htdocs/application/index/controller/Index.php ]
[ info ] [ VIEW ] ./application/index/view/index/index.html [ array (
  0 => 'key',
  1 => 'aaa',
) ]
[ info ] [ LOG ] INIT File
---------------------------------------------------------------
[ 2018-04-10T09:08:17+08:00 ] 121.42.87.135 27.154.170.142 POST /public/admin/html/show
[ info ] www.yi-23.com/public/admin/html/show [运行时间：0.025052s][吞吐率：39.92req/s] [内存消耗：1,676.83kb] [文件加载：30]
[ info ] [ LANG ] /data/home/qxu1146510236/htdocs/thinkphp/lang/zh-cn.php
[ info ] [ ROUTE ] array (
  'type' => 'module',
  'module' => 
  array (
    0 => 'admin',
    1 => 'html',
    2 => 'show',
  ),
)
[ info ] [ HEADER ] array (
  'content-length' => '0',
  'accept' => 'application/json, text/javascript, */*; q=0.01',
  'accept-encoding' => 'gzip, deflate',
  'accept-language' => 'zh-CN,zh;q=0.8',
  'connection' => 'keep-alive',
  'cookie' => 'token=7892BDDA8F06E8B8B1D8143E68210EE3; PHPSESSID=5a2kmrk1mb9idqljc9hl0oger6',
  'dnt' => '1',
  'host' => 'www.yi-23.com',
  'origin' => 'http://www.yi-23.com',
  'referer' => 'http://www.yi-23.com/',
  'user-agent' => 'Mozilla/5.0 (Windows NT 10.0; WOW64) AppleWebKit/537.36 (KHTML, like Gecko) Chrome/61.0.3163.100 Safari/537.36',
  'x-requested-with' => 'XMLHttpRequest',
)
[ info ] [ PARAM ] array (
)
[ info ] [ RUN ] app\admin\controller\Html->show[ /data/home/qxu1146510236/htdocs/application/admin/controller/Html.php ]
[ info ] [ LOG ] INIT File
---------------------------------------------------------------
[ 2018-04-10T09:08:17+08:00 ] 121.42.87.135 27.154.170.142 POST /public/index/Usermsg/usermsg
[ info ] www.yi-23.com/public/index/Usermsg/usermsg [运行时间：0.094977s][吞吐率：10.53req/s] [内存消耗：2,863.63kb] [文件加载：37]
[ info ] [ LANG ] /data/home/qxu1146510236/htdocs/thinkphp/lang/zh-cn.php
[ info ] [ ROUTE ] array (
  'type' => 'module',
  'module' => 
  array (
    0 => 'index',
    1 => 'Usermsg',
    2 => 'usermsg',
  ),
)
[ info ] [ HEADER ] array (
  'content-length' => '0',
  'accept' => 'application/json, text/javascript, */*; q=0.01',
  'accept-encoding' => 'gzip, deflate',
  'accept-language' => 'zh-CN,zh;q=0.8',
  'connection' => 'keep-alive',
  'cookie' => 'token=7892BDDA8F06E8B8B1D8143E68210EE3; PHPSESSID=5a2kmrk1mb9idqljc9hl0oger6',
  'dnt' => '1',
  'host' => 'www.yi-23.com',
  'origin' => 'http://www.yi-23.com',
  'referer' => 'http://www.yi-23.com/',
  'user-agent' => 'Mozilla/5.0 (Windows NT 10.0; WOW64) AppleWebKit/537.36 (KHTML, like Gecko) Chrome/61.0.3163.100 Safari/537.36',
  'x-requested-with' => 'XMLHttpRequest',
)
[ info ] [ PARAM ] array (
)
[ info ] [ DB ] INIT mysql
[ info ] [ RUN ] app\index\controller\usermsg->usermsg[ /data/home/qxu1146510236/htdocs/application/index/controller/Usermsg.php ]
[ info ] [ LOG ] INIT File
---------------------------------------------------------------
[ 2018-04-10T09:08:17+08:00 ] 121.42.87.135 27.154.170.142 POST /public/admin/html/showimg
[ info ] www.yi-23.com/public/admin/html/showimg [运行时间：0.024493s][吞吐率：40.83req/s] [内存消耗：1,677.85kb] [文件加载：30]
[ info ] [ LANG ] /data/home/qxu1146510236/htdocs/thinkphp/lang/zh-cn.php
[ info ] [ ROUTE ] array (
  'type' => 'module',
  'module' => 
  array (
    0 => 'admin',
    1 => 'html',
    2 => 'showimg',
  ),
)
[ info ] [ HEADER ] array (
  'content-length' => '9',
  'content-type' => 'application/x-www-form-urlencoded; charset=UTF-8',
  'accept' => 'application/json, text/javascript, */*; q=0.01',
  'accept-encoding' => 'gzip, deflate',
  'accept-language' => 'zh-CN,zh;q=0.8',
  'connection' => 'keep-alive',
  'cookie' => 'token=7892BDDA8F06E8B8B1D8143E68210EE3; PHPSESSID=5a2kmrk1mb9idqljc9hl0oger6',
  'dnt' => '1',
  'host' => 'www.yi-23.com',
  'origin' => 'http://www.yi-23.com',
  'referer' => 'http://www.yi-23.com/',
  'user-agent' => 'Mozilla/5.0 (Windows NT 10.0; WOW64) AppleWebKit/537.36 (KHTML, like Gecko) Chrome/61.0.3163.100 Safari/537.36',
  'x-requested-with' => 'XMLHttpRequest',
)
[ info ] [ PARAM ] array (
  'key' => 'belle',
)
[ info ] [ RUN ] app\admin\controller\Html->showimg[ /data/home/qxu1146510236/htdocs/application/admin/controller/Html.php ]
[ info ] [ LOG ] INIT File
---------------------------------------------------------------
[ 2018-04-10T09:08:17+08:00 ] 121.42.87.135 27.154.170.142 POST /public/index/Usermsg/classname
[ info ] www.yi-23.com/public/index/Usermsg/classname [运行时间：0.048043s][吞吐率：20.81req/s] [内存消耗：3,058.70kb] [文件加载：37]
[ info ] [ LANG ] /data/home/qxu1146510236/htdocs/thinkphp/lang/zh-cn.php
[ info ] [ ROUTE ] array (
  'type' => 'module',
  'module' => 
  array (
    0 => 'index',
    1 => 'Usermsg',
    2 => 'classname',
  ),
)
[ info ] [ HEADER ] array (
  'content-length' => '0',
  'accept' => 'application/json, text/javascript, */*; q=0.01',
  'accept-encoding' => 'gzip, deflate',
  'accept-language' => 'zh-CN,zh;q=0.8',
  'connection' => 'keep-alive',
  'cookie' => 'token=7892BDDA8F06E8B8B1D8143E68210EE3; PHPSESSID=5a2kmrk1mb9idqljc9hl0oger6',
  'dnt' => '1',
  'host' => 'www.yi-23.com',
  'origin' => 'http://www.yi-23.com',
  'referer' => 'http://www.yi-23.com/',
  'user-agent' => 'Mozilla/5.0 (Windows NT 10.0; WOW64) AppleWebKit/537.36 (KHTML, like Gecko) Chrome/61.0.3163.100 Safari/537.36',
  'x-requested-with' => 'XMLHttpRequest',
)
[ info ] [ PARAM ] array (
)
[ info ] [ DB ] INIT mysql
[ info ] [ RUN ] app\index\controller\usermsg->classname[ /data/home/qxu1146510236/htdocs/application/index/controller/Usermsg.php ]
[ info ] [ LOG ] INIT File
---------------------------------------------------------------
[ 2018-04-10T10:48:32+08:00 ] 121.42.87.135 27.154.170.142 POST /public/index/Usermsg/SaveSet
[ info ] www.yi-23.com/public/index/Usermsg/SaveSet [运行时间：0.073437s][吞吐率：13.62req/s] [内存消耗：2,674.85kb] [文件加载：37]
[ info ] [ LANG ] /data/home/qxu1146510236/htdocs/thinkphp/lang/zh-cn.php
[ info ] [ ROUTE ] array (
  'type' => 'module',
  'module' => 
  array (
    0 => 'index',
    1 => 'Usermsg',
    2 => 'SaveSet',
  ),
)
[ info ] [ HEADER ] array (
  'content-length' => '38',
  'content-type' => 'application/x-www-form-urlencoded; charset=UTF-8',
  'accept' => 'application/json, text/javascript, */*; q=0.01',
  'accept-encoding' => 'gzip, deflate',
  'accept-language' => 'zh-CN,zh;q=0.8',
  'connection' => 'keep-alive',
  'cookie' => 'token=7892BDDA8F06E8B8B1D8143E68210EE3; PHPSESSID=5a2kmrk1mb9idqljc9hl0oger6',
  'dnt' => '1',
  'host' => 'www.yi-23.com',
  'origin' => 'http://www.yi-23.com',
  'referer' => 'http://www.yi-23.com/',
  'user-agent' => 'Mozilla/5.0 (Windows NT 10.0; WOW64) AppleWebKit/537.36 (KHTML, like Gecko) Chrome/61.0.3163.100 Safari/537.36',
  'x-requested-with' => 'XMLHttpRequest',
)
[ info ] [ PARAM ] array (
  'Recommend' => '0',
  'history' => '1',
  'remind' => '1',
  'color' => '0',
)
[ info ] [ DB ] INIT mysql
[ info ] [ RUN ] app\index\controller\usermsg->SaveSet[ /data/home/qxu1146510236/htdocs/application/index/controller/Usermsg.php ]
[ info ] [ LOG ] INIT File
---------------------------------------------------------------
[ 2018-04-10T10:48:34+08:00 ] 121.42.87.135 27.154.170.142 GET /
[ info ] www.yi-23.com/ [运行时间：0.035567s][吞吐率：28.12req/s] [内存消耗：2,272.99kb] [文件加载：39]
[ info ] [ LANG ] /data/home/qxu1146510236/htdocs/thinkphp/lang/zh-cn.php
[ info ] [ ROUTE ] array (
  'type' => 'module',
  'module' => 
  array (
    0 => '',
    1 => NULL,
    2 => NULL,
  ),
)
[ info ] [ HEADER ] array (
  'accept' => 'text/html,application/xhtml+xml,application/xml;q=0.9,image/webp,image/apng,*/*;q=0.8',
  'accept-encoding' => 'gzip, deflate',
  'accept-language' => 'zh-CN,zh;q=0.8',
  'cache-control' => 'max-age=0',
  'connection' => 'keep-alive',
  'cookie' => 'token=7892BDDA8F06E8B8B1D8143E68210EE3; PHPSESSID=5a2kmrk1mb9idqljc9hl0oger6',
  'dnt' => '1',
  'host' => 'www.yi-23.com',
  'upgrade-insecure-requests' => '1',
  'user-agent' => 'Mozilla/5.0 (Windows NT 10.0; WOW64) AppleWebKit/537.36 (KHTML, like Gecko) Chrome/61.0.3163.100 Safari/537.36',
)
[ info ] [ PARAM ] array (
)
[ info ] [ RUN ] app\index\controller\index->index[ /data/home/qxu1146510236/htdocs/application/index/controller/Index.php ]
[ info ] [ VIEW ] ./application/index/view/index/index.html [ array (
  0 => 'key',
  1 => 'aaa',
) ]
[ info ] [ LOG ] INIT File
---------------------------------------------------------------
[ 2018-04-10T10:48:34+08:00 ] 121.42.87.135 27.154.170.142 POST /public/admin/html/show
[ info ] www.yi-23.com/public/admin/html/show [运行时间：0.024590s][吞吐率：40.67req/s] [内存消耗：1,676.83kb] [文件加载：30]
[ info ] [ LANG ] /data/home/qxu1146510236/htdocs/thinkphp/lang/zh-cn.php
[ info ] [ ROUTE ] array (
  'type' => 'module',
  'module' => 
  array (
    0 => 'admin',
    1 => 'html',
    2 => 'show',
  ),
)
[ info ] [ HEADER ] array (
  'content-length' => '0',
  'accept' => 'application/json, text/javascript, */*; q=0.01',
  'accept-encoding' => 'gzip, deflate',
  'accept-language' => 'zh-CN,zh;q=0.8',
  'connection' => 'keep-alive',
  'cookie' => 'token=7892BDDA8F06E8B8B1D8143E68210EE3; PHPSESSID=5a2kmrk1mb9idqljc9hl0oger6',
  'dnt' => '1',
  'host' => 'www.yi-23.com',
  'origin' => 'http://www.yi-23.com',
  'referer' => 'http://www.yi-23.com/',
  'user-agent' => 'Mozilla/5.0 (Windows NT 10.0; WOW64) AppleWebKit/537.36 (KHTML, like Gecko) Chrome/61.0.3163.100 Safari/537.36',
  'x-requested-with' => 'XMLHttpRequest',
)
[ info ] [ PARAM ] array (
)
[ info ] [ RUN ] app\admin\controller\Html->show[ /data/home/qxu1146510236/htdocs/application/admin/controller/Html.php ]
[ info ] [ LOG ] INIT File
---------------------------------------------------------------
[ 2018-04-10T10:48:34+08:00 ] 121.42.87.135 27.154.170.142 POST /public/index/Usermsg/usermsg
[ info ] www.yi-23.com/public/index/Usermsg/usermsg [运行时间：0.045064s][吞吐率：22.19req/s] [内存消耗：2,863.63kb] [文件加载：37]
[ info ] [ LANG ] /data/home/qxu1146510236/htdocs/thinkphp/lang/zh-cn.php
[ info ] [ ROUTE ] array (
  'type' => 'module',
  'module' => 
  array (
    0 => 'index',
    1 => 'Usermsg',
    2 => 'usermsg',
  ),
)
[ info ] [ HEADER ] array (
  'content-length' => '0',
  'accept' => 'application/json, text/javascript, */*; q=0.01',
  'accept-encoding' => 'gzip, deflate',
  'accept-language' => 'zh-CN,zh;q=0.8',
  'connection' => 'keep-alive',
  'cookie' => 'token=7892BDDA8F06E8B8B1D8143E68210EE3; PHPSESSID=5a2kmrk1mb9idqljc9hl0oger6',
  'dnt' => '1',
  'host' => 'www.yi-23.com',
  'origin' => 'http://www.yi-23.com',
  'referer' => 'http://www.yi-23.com/',
  'user-agent' => 'Mozilla/5.0 (Windows NT 10.0; WOW64) AppleWebKit/537.36 (KHTML, like Gecko) Chrome/61.0.3163.100 Safari/537.36',
  'x-requested-with' => 'XMLHttpRequest',
)
[ info ] [ PARAM ] array (
)
[ info ] [ DB ] INIT mysql
[ info ] [ RUN ] app\index\controller\usermsg->usermsg[ /data/home/qxu1146510236/htdocs/application/index/controller/Usermsg.php ]
[ info ] [ LOG ] INIT File
---------------------------------------------------------------
[ 2018-04-10T10:48:34+08:00 ] 121.42.87.135 27.154.170.142 POST /public/admin/html/showimg
[ info ] www.yi-23.com/public/admin/html/showimg [运行时间：0.026371s][吞吐率：37.92req/s] [内存消耗：1,677.85kb] [文件加载：30]
[ info ] [ LANG ] /data/home/qxu1146510236/htdocs/thinkphp/lang/zh-cn.php
[ info ] [ ROUTE ] array (
  'type' => 'module',
  'module' => 
  array (
    0 => 'admin',
    1 => 'html',
    2 => 'showimg',
  ),
)
[ info ] [ HEADER ] array (
  'content-length' => '9',
  'content-type' => 'application/x-www-form-urlencoded; charset=UTF-8',
  'accept' => 'application/json, text/javascript, */*; q=0.01',
  'accept-encoding' => 'gzip, deflate',
  'accept-language' => 'zh-CN,zh;q=0.8',
  'connection' => 'keep-alive',
  'cookie' => 'token=7892BDDA8F06E8B8B1D8143E68210EE3; PHPSESSID=5a2kmrk1mb9idqljc9hl0oger6',
  'dnt' => '1',
  'host' => 'www.yi-23.com',
  'origin' => 'http://www.yi-23.com',
  'referer' => 'http://www.yi-23.com/',
  'user-agent' => 'Mozilla/5.0 (Windows NT 10.0; WOW64) AppleWebKit/537.36 (KHTML, like Gecko) Chrome/61.0.3163.100 Safari/537.36',
  'x-requested-with' => 'XMLHttpRequest',
)
[ info ] [ PARAM ] array (
  'key' => 'belle',
)
[ info ] [ RUN ] app\admin\controller\Html->showimg[ /data/home/qxu1146510236/htdocs/application/admin/controller/Html.php ]
[ info ] [ LOG ] INIT File
---------------------------------------------------------------
[ 2018-04-10T10:48:34+08:00 ] 121.42.87.135 27.154.170.142 POST /public/index/Usermsg/classname
[ info ] www.yi-23.com/public/index/Usermsg/classname [运行时间：0.051057s][吞吐率：19.59req/s] [内存消耗：3,058.70kb] [文件加载：37]
[ info ] [ LANG ] /data/home/qxu1146510236/htdocs/thinkphp/lang/zh-cn.php
[ info ] [ ROUTE ] array (
  'type' => 'module',
  'module' => 
  array (
    0 => 'index',
    1 => 'Usermsg',
    2 => 'classname',
  ),
)
[ info ] [ HEADER ] array (
  'content-length' => '0',
  'accept' => 'application/json, text/javascript, */*; q=0.01',
  'accept-encoding' => 'gzip, deflate',
  'accept-language' => 'zh-CN,zh;q=0.8',
  'connection' => 'keep-alive',
  'cookie' => 'token=7892BDDA8F06E8B8B1D8143E68210EE3; PHPSESSID=5a2kmrk1mb9idqljc9hl0oger6',
  'dnt' => '1',
  'host' => 'www.yi-23.com',
  'origin' => 'http://www.yi-23.com',
  'referer' => 'http://www.yi-23.com/',
  'user-agent' => 'Mozilla/5.0 (Windows NT 10.0; WOW64) AppleWebKit/537.36 (KHTML, like Gecko) Chrome/61.0.3163.100 Safari/537.36',
  'x-requested-with' => 'XMLHttpRequest',
)
[ info ] [ PARAM ] array (
)
[ info ] [ DB ] INIT mysql
[ info ] [ RUN ] app\index\controller\usermsg->classname[ /data/home/qxu1146510236/htdocs/application/index/controller/Usermsg.php ]
[ info ] [ LOG ] INIT File
---------------------------------------------------------------
[ 2018-04-10T10:48:35+08:00 ] 121.42.87.135 27.154.170.142 POST /public/index/index/history
[ info ] www.yi-23.com/public/index/index/history [运行时间：0.257207s][吞吐率：3.89req/s] [内存消耗：2,279.06kb] [文件加载：39]
[ info ] [ LANG ] /data/home/qxu1146510236/htdocs/thinkphp/lang/zh-cn.php
[ info ] [ ROUTE ] array (
  'type' => 'module',
  'module' => 
  array (
    0 => 'index',
    1 => 'index',
    2 => 'history',
  ),
)
[ info ] [ HEADER ] array (
  'content-length' => '0',
  'accept' => 'application/json, text/javascript, */*; q=0.01',
  'accept-encoding' => 'gzip, deflate',
  'accept-language' => 'zh-CN,zh;q=0.8',
  'connection' => 'keep-alive',
  'cookie' => 'token=7892BDDA8F06E8B8B1D8143E68210EE3; PHPSESSID=5a2kmrk1mb9idqljc9hl0oger6',
  'dnt' => '1',
  'host' => 'www.yi-23.com',
  'origin' => 'http://www.yi-23.com',
  'referer' => 'http://www.yi-23.com/',
  'user-agent' => 'Mozilla/5.0 (Windows NT 10.0; WOW64) AppleWebKit/537.36 (KHTML, like Gecko) Chrome/61.0.3163.100 Safari/537.36',
  'x-requested-with' => 'XMLHttpRequest',
)
[ info ] [ PARAM ] array (
)
[ info ] [ RUN ] app\index\controller\index->history[ /data/home/qxu1146510236/htdocs/application/index/controller/Index.php ]
[ info ] [ LOG ] INIT File
---------------------------------------------------------------
[ 2018-04-10T10:50:46+08:00 ] 121.42.87.135 27.154.170.142 GET /
[ info ] www.yi-23.com/ [运行时间：0.031968s][吞吐率：31.28req/s] [内存消耗：2,272.99kb] [文件加载：39]
[ info ] [ LANG ] /data/home/qxu1146510236/htdocs/thinkphp/lang/zh-cn.php
[ info ] [ ROUTE ] array (
  'type' => 'module',
  'module' => 
  array (
    0 => '',
    1 => NULL,
    2 => NULL,
  ),
)
[ info ] [ HEADER ] array (
  'accept' => 'text/html,application/xhtml+xml,application/xml;q=0.9,image/webp,image/apng,*/*;q=0.8',
  'accept-encoding' => 'gzip, deflate',
  'accept-language' => 'zh-CN,zh;q=0.8',
  'cache-control' => 'max-age=0',
  'connection' => 'keep-alive',
  'cookie' => 'token=7892BDDA8F06E8B8B1D8143E68210EE3; PHPSESSID=5a2kmrk1mb9idqljc9hl0oger6',
  'dnt' => '1',
  'host' => 'www.yi-23.com',
  'upgrade-insecure-requests' => '1',
  'user-agent' => 'Mozilla/5.0 (Windows NT 10.0; WOW64) AppleWebKit/537.36 (KHTML, like Gecko) Chrome/61.0.3163.100 Safari/537.36',
)
[ info ] [ PARAM ] array (
)
[ info ] [ RUN ] app\index\controller\index->index[ /data/home/qxu1146510236/htdocs/application/index/controller/Index.php ]
[ info ] [ VIEW ] ./application/index/view/index/index.html [ array (
  0 => 'key',
  1 => 'aaa',
) ]
[ info ] [ LOG ] INIT File
---------------------------------------------------------------
[ 2018-04-10T10:50:46+08:00 ] 121.42.87.135 27.154.170.142 POST /public/admin/html/show
[ info ] www.yi-23.com/public/admin/html/show [运行时间：0.025071s][吞吐率：39.89req/s] [内存消耗：1,676.83kb] [文件加载：30]
[ info ] [ LANG ] /data/home/qxu1146510236/htdocs/thinkphp/lang/zh-cn.php
[ info ] [ ROUTE ] array (
  'type' => 'module',
  'module' => 
  array (
    0 => 'admin',
    1 => 'html',
    2 => 'show',
  ),
)
[ info ] [ HEADER ] array (
  'content-length' => '0',
  'accept' => 'application/json, text/javascript, */*; q=0.01',
  'accept-encoding' => 'gzip, deflate',
  'accept-language' => 'zh-CN,zh;q=0.8',
  'connection' => 'keep-alive',
  'cookie' => 'token=7892BDDA8F06E8B8B1D8143E68210EE3; PHPSESSID=5a2kmrk1mb9idqljc9hl0oger6',
  'dnt' => '1',
  'host' => 'www.yi-23.com',
  'origin' => 'http://www.yi-23.com',
  'referer' => 'http://www.yi-23.com/',
  'user-agent' => 'Mozilla/5.0 (Windows NT 10.0; WOW64) AppleWebKit/537.36 (KHTML, like Gecko) Chrome/61.0.3163.100 Safari/537.36',
  'x-requested-with' => 'XMLHttpRequest',
)
[ info ] [ PARAM ] array (
)
[ info ] [ RUN ] app\admin\controller\Html->show[ /data/home/qxu1146510236/htdocs/application/admin/controller/Html.php ]
[ info ] [ LOG ] INIT File
---------------------------------------------------------------
[ 2018-04-10T10:50:46+08:00 ] 121.42.87.135 27.154.170.142 POST /public/index/Usermsg/usermsg
[ info ] www.yi-23.com/public/index/Usermsg/usermsg [运行时间：0.049795s][吞吐率：20.08req/s] [内存消耗：2,863.63kb] [文件加载：37]
[ info ] [ LANG ] /data/home/qxu1146510236/htdocs/thinkphp/lang/zh-cn.php
[ info ] [ ROUTE ] array (
  'type' => 'module',
  'module' => 
  array (
    0 => 'index',
    1 => 'Usermsg',
    2 => 'usermsg',
  ),
)
[ info ] [ HEADER ] array (
  'content-length' => '0',
  'accept' => 'application/json, text/javascript, */*; q=0.01',
  'accept-encoding' => 'gzip, deflate',
  'accept-language' => 'zh-CN,zh;q=0.8',
  'connection' => 'keep-alive',
  'cookie' => 'token=7892BDDA8F06E8B8B1D8143E68210EE3; PHPSESSID=5a2kmrk1mb9idqljc9hl0oger6',
  'dnt' => '1',
  'host' => 'www.yi-23.com',
  'origin' => 'http://www.yi-23.com',
  'referer' => 'http://www.yi-23.com/',
  'user-agent' => 'Mozilla/5.0 (Windows NT 10.0; WOW64) AppleWebKit/537.36 (KHTML, like Gecko) Chrome/61.0.3163.100 Safari/537.36',
  'x-requested-with' => 'XMLHttpRequest',
)
[ info ] [ PARAM ] array (
)
[ info ] [ DB ] INIT mysql
[ info ] [ RUN ] app\index\controller\usermsg->usermsg[ /data/home/qxu1146510236/htdocs/application/index/controller/Usermsg.php ]
[ info ] [ LOG ] INIT File
---------------------------------------------------------------
[ 2018-04-10T10:50:46+08:00 ] 121.42.87.135 27.154.170.142 POST /public/admin/html/showimg
[ info ] www.yi-23.com/public/admin/html/showimg [运行时间：0.023803s][吞吐率：42.01req/s] [内存消耗：1,677.85kb] [文件加载：30]
[ info ] [ LANG ] /data/home/qxu1146510236/htdocs/thinkphp/lang/zh-cn.php
[ info ] [ ROUTE ] array (
  'type' => 'module',
  'module' => 
  array (
    0 => 'admin',
    1 => 'html',
    2 => 'showimg',
  ),
)
[ info ] [ HEADER ] array (
  'content-length' => '9',
  'content-type' => 'application/x-www-form-urlencoded; charset=UTF-8',
  'accept' => 'application/json, text/javascript, */*; q=0.01',
  'accept-encoding' => 'gzip, deflate',
  'accept-language' => 'zh-CN,zh;q=0.8',
  'connection' => 'keep-alive',
  'cookie' => 'token=7892BDDA8F06E8B8B1D8143E68210EE3; PHPSESSID=5a2kmrk1mb9idqljc9hl0oger6',
  'dnt' => '1',
  'host' => 'www.yi-23.com',
  'origin' => 'http://www.yi-23.com',
  'referer' => 'http://www.yi-23.com/',
  'user-agent' => 'Mozilla/5.0 (Windows NT 10.0; WOW64) AppleWebKit/537.36 (KHTML, like Gecko) Chrome/61.0.3163.100 Safari/537.36',
  'x-requested-with' => 'XMLHttpRequest',
)
[ info ] [ PARAM ] array (
  'key' => 'belle',
)
[ info ] [ RUN ] app\admin\controller\Html->showimg[ /data/home/qxu1146510236/htdocs/application/admin/controller/Html.php ]
[ info ] [ LOG ] INIT File
---------------------------------------------------------------
[ 2018-04-10T10:50:46+08:00 ] 121.42.87.135 27.154.170.142 POST /public/index/Usermsg/classname
[ info ] www.yi-23.com/public/index/Usermsg/classname [运行时间：0.048796s][吞吐率：20.49req/s] [内存消耗：3,058.70kb] [文件加载：37]
[ info ] [ LANG ] /data/home/qxu1146510236/htdocs/thinkphp/lang/zh-cn.php
[ info ] [ ROUTE ] array (
  'type' => 'module',
  'module' => 
  array (
    0 => 'index',
    1 => 'Usermsg',
    2 => 'classname',
  ),
)
[ info ] [ HEADER ] array (
  'content-length' => '0',
  'accept' => 'application/json, text/javascript, */*; q=0.01',
  'accept-encoding' => 'gzip, deflate',
  'accept-language' => 'zh-CN,zh;q=0.8',
  'connection' => 'keep-alive',
  'cookie' => 'token=7892BDDA8F06E8B8B1D8143E68210EE3; PHPSESSID=5a2kmrk1mb9idqljc9hl0oger6',
  'dnt' => '1',
  'host' => 'www.yi-23.com',
  'origin' => 'http://www.yi-23.com',
  'referer' => 'http://www.yi-23.com/',
  'user-agent' => 'Mozilla/5.0 (Windows NT 10.0; WOW64) AppleWebKit/537.36 (KHTML, like Gecko) Chrome/61.0.3163.100 Safari/537.36',
  'x-requested-with' => 'XMLHttpRequest',
)
[ info ] [ PARAM ] array (
)
[ info ] [ DB ] INIT mysql
[ info ] [ RUN ] app\index\controller\usermsg->classname[ /data/home/qxu1146510236/htdocs/application/index/controller/Usermsg.php ]
[ info ] [ LOG ] INIT File
---------------------------------------------------------------
[ 2018-04-10T10:50:55+08:00 ] 121.42.87.135 27.154.170.142 POST /public/index/Usermsg/SaveSet
[ info ] www.yi-23.com/public/index/Usermsg/SaveSet [运行时间：0.046141s][吞吐率：21.67req/s] [内存消耗：2,674.85kb] [文件加载：37]
[ info ] [ LANG ] /data/home/qxu1146510236/htdocs/thinkphp/lang/zh-cn.php
[ info ] [ ROUTE ] array (
  'type' => 'module',
  'module' => 
  array (
    0 => 'index',
    1 => 'Usermsg',
    2 => 'SaveSet',
  ),
)
[ info ] [ HEADER ] array (
  'content-length' => '38',
  'content-type' => 'application/x-www-form-urlencoded; charset=UTF-8',
  'accept' => 'application/json, text/javascript, */*; q=0.01',
  'accept-encoding' => 'gzip, deflate',
  'accept-language' => 'zh-CN,zh;q=0.8',
  'connection' => 'keep-alive',
  'cookie' => 'token=7892BDDA8F06E8B8B1D8143E68210EE3; PHPSESSID=5a2kmrk1mb9idqljc9hl0oger6',
  'dnt' => '1',
  'host' => 'www.yi-23.com',
  'origin' => 'http://www.yi-23.com',
  'referer' => 'http://www.yi-23.com/',
  'user-agent' => 'Mozilla/5.0 (Windows NT 10.0; WOW64) AppleWebKit/537.36 (KHTML, like Gecko) Chrome/61.0.3163.100 Safari/537.36',
  'x-requested-with' => 'XMLHttpRequest',
)
[ info ] [ PARAM ] array (
  'Recommend' => '1',
  'history' => '1',
  'remind' => '0',
  'color' => '0',
)
[ info ] [ DB ] INIT mysql
[ info ] [ RUN ] app\index\controller\usermsg->SaveSet[ /data/home/qxu1146510236/htdocs/application/index/controller/Usermsg.php ]
[ info ] [ LOG ] INIT File
---------------------------------------------------------------
[ 2018-04-10T10:50:56+08:00 ] 121.42.87.135 27.154.170.142 GET /
[ info ] www.yi-23.com/ [运行时间：0.034560s][吞吐率：28.94req/s] [内存消耗：2,272.99kb] [文件加载：39]
[ info ] [ LANG ] /data/home/qxu1146510236/htdocs/thinkphp/lang/zh-cn.php
[ info ] [ ROUTE ] array (
  'type' => 'module',
  'module' => 
  array (
    0 => '',
    1 => NULL,
    2 => NULL,
  ),
)
[ info ] [ HEADER ] array (
  'accept' => 'text/html,application/xhtml+xml,application/xml;q=0.9,image/webp,image/apng,*/*;q=0.8',
  'accept-encoding' => 'gzip, deflate',
  'accept-language' => 'zh-CN,zh;q=0.8',
  'cache-control' => 'max-age=0',
  'connection' => 'keep-alive',
  'cookie' => 'token=7892BDDA8F06E8B8B1D8143E68210EE3; PHPSESSID=5a2kmrk1mb9idqljc9hl0oger6',
  'dnt' => '1',
  'host' => 'www.yi-23.com',
  'upgrade-insecure-requests' => '1',
  'user-agent' => 'Mozilla/5.0 (Windows NT 10.0; WOW64) AppleWebKit/537.36 (KHTML, like Gecko) Chrome/61.0.3163.100 Safari/537.36',
)
[ info ] [ PARAM ] array (
)
[ info ] [ RUN ] app\index\controller\index->index[ /data/home/qxu1146510236/htdocs/application/index/controller/Index.php ]
[ info ] [ VIEW ] ./application/index/view/index/index.html [ array (
  0 => 'key',
  1 => 'aaa',
) ]
[ info ] [ LOG ] INIT File
---------------------------------------------------------------
[ 2018-04-10T10:50:56+08:00 ] 121.42.87.135 27.154.170.142 POST /public/admin/html/show
[ info ] www.yi-23.com/public/admin/html/show [运行时间：0.025544s][吞吐率：39.15req/s] [内存消耗：1,676.83kb] [文件加载：30]
[ info ] [ LANG ] /data/home/qxu1146510236/htdocs/thinkphp/lang/zh-cn.php
[ info ] [ ROUTE ] array (
  'type' => 'module',
  'module' => 
  array (
    0 => 'admin',
    1 => 'html',
    2 => 'show',
  ),
)
[ info ] [ HEADER ] array (
  'content-length' => '0',
  'accept' => 'application/json, text/javascript, */*; q=0.01',
  'accept-encoding' => 'gzip, deflate',
  'accept-language' => 'zh-CN,zh;q=0.8',
  'connection' => 'keep-alive',
  'cookie' => 'token=7892BDDA8F06E8B8B1D8143E68210EE3; PHPSESSID=5a2kmrk1mb9idqljc9hl0oger6',
  'dnt' => '1',
  'host' => 'www.yi-23.com',
  'origin' => 'http://www.yi-23.com',
  'referer' => 'http://www.yi-23.com/',
  'user-agent' => 'Mozilla/5.0 (Windows NT 10.0; WOW64) AppleWebKit/537.36 (KHTML, like Gecko) Chrome/61.0.3163.100 Safari/537.36',
  'x-requested-with' => 'XMLHttpRequest',
)
[ info ] [ PARAM ] array (
)
[ info ] [ RUN ] app\admin\controller\Html->show[ /data/home/qxu1146510236/htdocs/application/admin/controller/Html.php ]
[ info ] [ LOG ] INIT File
---------------------------------------------------------------
[ 2018-04-10T10:50:56+08:00 ] 121.42.87.135 27.154.170.142 POST /public/index/Usermsg/usermsg
[ info ] www.yi-23.com/public/index/Usermsg/usermsg [运行时间：0.048873s][吞吐率：20.46req/s] [内存消耗：2,863.63kb] [文件加载：37]
[ info ] [ LANG ] /data/home/qxu1146510236/htdocs/thinkphp/lang/zh-cn.php
[ info ] [ ROUTE ] array (
  'type' => 'module',
  'module' => 
  array (
    0 => 'index',
    1 => 'Usermsg',
    2 => 'usermsg',
  ),
)
[ info ] [ HEADER ] array (
  'content-length' => '0',
  'accept' => 'application/json, text/javascript, */*; q=0.01',
  'accept-encoding' => 'gzip, deflate',
  'accept-language' => 'zh-CN,zh;q=0.8',
  'connection' => 'keep-alive',
  'cookie' => 'token=7892BDDA8F06E8B8B1D8143E68210EE3; PHPSESSID=5a2kmrk1mb9idqljc9hl0oger6',
  'dnt' => '1',
  'host' => 'www.yi-23.com',
  'origin' => 'http://www.yi-23.com',
  'referer' => 'http://www.yi-23.com/',
  'user-agent' => 'Mozilla/5.0 (Windows NT 10.0; WOW64) AppleWebKit/537.36 (KHTML, like Gecko) Chrome/61.0.3163.100 Safari/537.36',
  'x-requested-with' => 'XMLHttpRequest',
)
[ info ] [ PARAM ] array (
)
[ info ] [ DB ] INIT mysql
[ info ] [ RUN ] app\index\controller\usermsg->usermsg[ /data/home/qxu1146510236/htdocs/application/index/controller/Usermsg.php ]
[ info ] [ LOG ] INIT File
---------------------------------------------------------------
[ 2018-04-10T10:50:56+08:00 ] 121.42.87.135 27.154.170.142 POST /public/admin/html/showimg
[ info ] www.yi-23.com/public/admin/html/showimg [运行时间：0.024655s][吞吐率：40.56req/s] [内存消耗：1,677.85kb] [文件加载：30]
[ info ] [ LANG ] /data/home/qxu1146510236/htdocs/thinkphp/lang/zh-cn.php
[ info ] [ ROUTE ] array (
  'type' => 'module',
  'module' => 
  array (
    0 => 'admin',
    1 => 'html',
    2 => 'showimg',
  ),
)
[ info ] [ HEADER ] array (
  'content-length' => '9',
  'content-type' => 'application/x-www-form-urlencoded; charset=UTF-8',
  'accept' => 'application/json, text/javascript, */*; q=0.01',
  'accept-encoding' => 'gzip, deflate',
  'accept-language' => 'zh-CN,zh;q=0.8',
  'connection' => 'keep-alive',
  'cookie' => 'token=7892BDDA8F06E8B8B1D8143E68210EE3; PHPSESSID=5a2kmrk1mb9idqljc9hl0oger6',
  'dnt' => '1',
  'host' => 'www.yi-23.com',
  'origin' => 'http://www.yi-23.com',
  'referer' => 'http://www.yi-23.com/',
  'user-agent' => 'Mozilla/5.0 (Windows NT 10.0; WOW64) AppleWebKit/537.36 (KHTML, like Gecko) Chrome/61.0.3163.100 Safari/537.36',
  'x-requested-with' => 'XMLHttpRequest',
)
[ info ] [ PARAM ] array (
  'key' => 'belle',
)
[ info ] [ RUN ] app\admin\controller\Html->showimg[ /data/home/qxu1146510236/htdocs/application/admin/controller/Html.php ]
[ info ] [ LOG ] INIT File
---------------------------------------------------------------
[ 2018-04-10T10:50:56+08:00 ] 121.42.87.135 27.154.170.142 POST /public/index/Usermsg/classname
[ info ] www.yi-23.com/public/index/Usermsg/classname [运行时间：0.047567s][吞吐率：21.02req/s] [内存消耗：3,058.70kb] [文件加载：37]
[ info ] [ LANG ] /data/home/qxu1146510236/htdocs/thinkphp/lang/zh-cn.php
[ info ] [ ROUTE ] array (
  'type' => 'module',
  'module' => 
  array (
    0 => 'index',
    1 => 'Usermsg',
    2 => 'classname',
  ),
)
[ info ] [ HEADER ] array (
  'content-length' => '0',
  'accept' => 'application/json, text/javascript, */*; q=0.01',
  'accept-encoding' => 'gzip, deflate',
  'accept-language' => 'zh-CN,zh;q=0.8',
  'connection' => 'keep-alive',
  'cookie' => 'token=7892BDDA8F06E8B8B1D8143E68210EE3; PHPSESSID=5a2kmrk1mb9idqljc9hl0oger6',
  'dnt' => '1',
  'host' => 'www.yi-23.com',
  'origin' => 'http://www.yi-23.com',
  'referer' => 'http://www.yi-23.com/',
  'user-agent' => 'Mozilla/5.0 (Windows NT 10.0; WOW64) AppleWebKit/537.36 (KHTML, like Gecko) Chrome/61.0.3163.100 Safari/537.36',
  'x-requested-with' => 'XMLHttpRequest',
)
[ info ] [ PARAM ] array (
)
[ info ] [ DB ] INIT mysql
[ info ] [ RUN ] app\index\controller\usermsg->classname[ /data/home/qxu1146510236/htdocs/application/index/controller/Usermsg.php ]
[ info ] [ LOG ] INIT File
---------------------------------------------------------------
[ 2018-04-10T10:50:57+08:00 ] 121.42.87.135 27.154.170.142 POST /public/index/html/news
[ info ] www.yi-23.com/public/index/html/news [运行时间：0.160885s][吞吐率：6.22req/s] [内存消耗：2,267.09kb] [文件加载：39]
[ info ] [ LANG ] /data/home/qxu1146510236/htdocs/thinkphp/lang/zh-cn.php
[ info ] [ ROUTE ] array (
  'type' => 'module',
  'module' => 
  array (
    0 => 'index',
    1 => 'html',
    2 => 'news',
  ),
)
[ info ] [ HEADER ] array (
  'content-length' => '0',
  'accept' => 'application/json, text/javascript, */*; q=0.01',
  'accept-encoding' => 'gzip, deflate',
  'accept-language' => 'zh-CN,zh;q=0.8',
  'connection' => 'keep-alive',
  'cookie' => 'token=7892BDDA8F06E8B8B1D8143E68210EE3; PHPSESSID=5a2kmrk1mb9idqljc9hl0oger6',
  'dnt' => '1',
  'host' => 'www.yi-23.com',
  'origin' => 'http://www.yi-23.com',
  'referer' => 'http://www.yi-23.com/',
  'user-agent' => 'Mozilla/5.0 (Windows NT 10.0; WOW64) AppleWebKit/537.36 (KHTML, like Gecko) Chrome/61.0.3163.100 Safari/537.36',
  'x-requested-with' => 'XMLHttpRequest',
)
[ info ] [ PARAM ] array (
)
[ info ] [ RUN ] app\index\controller\Html->news[ /data/home/qxu1146510236/htdocs/application/index/controller/Html.php ]
[ info ] [ LOG ] INIT File
---------------------------------------------------------------
[ 2018-04-10T10:52:20+08:00 ] 121.42.87.135 27.154.170.142 POST /public/index/Usermsg/SaveSet
[ info ] www.yi-23.com/public/index/Usermsg/SaveSet [运行时间：0.043980s][吞吐率：22.74req/s] [内存消耗：2,674.85kb] [文件加载：37]
[ info ] [ LANG ] /data/home/qxu1146510236/htdocs/thinkphp/lang/zh-cn.php
[ info ] [ ROUTE ] array (
  'type' => 'module',
  'module' => 
  array (
    0 => 'index',
    1 => 'Usermsg',
    2 => 'SaveSet',
  ),
)
[ info ] [ HEADER ] array (
  'content-length' => '38',
  'content-type' => 'application/x-www-form-urlencoded; charset=UTF-8',
  'accept' => 'application/json, text/javascript, */*; q=0.01',
  'accept-encoding' => 'gzip, deflate',
  'accept-language' => 'zh-CN,zh;q=0.8',
  'connection' => 'keep-alive',
  'cookie' => 'token=7892BDDA8F06E8B8B1D8143E68210EE3; PHPSESSID=5a2kmrk1mb9idqljc9hl0oger6',
  'dnt' => '1',
  'host' => 'www.yi-23.com',
  'origin' => 'http://www.yi-23.com',
  'referer' => 'http://www.yi-23.com/',
  'user-agent' => 'Mozilla/5.0 (Windows NT 10.0; WOW64) AppleWebKit/537.36 (KHTML, like Gecko) Chrome/61.0.3163.100 Safari/537.36',
  'x-requested-with' => 'XMLHttpRequest',
)
[ info ] [ PARAM ] array (
  'Recommend' => '0',
  'history' => '1',
  'remind' => '0',
  'color' => '0',
)
[ info ] [ DB ] INIT mysql
[ info ] [ RUN ] app\index\controller\usermsg->SaveSet[ /data/home/qxu1146510236/htdocs/application/index/controller/Usermsg.php ]
[ info ] [ LOG ] INIT File
---------------------------------------------------------------
[ 2018-04-10T10:52:22+08:00 ] 121.42.87.135 27.154.170.142 GET /
[ info ] www.yi-23.com/ [运行时间：0.033185s][吞吐率：30.13req/s] [内存消耗：2,272.99kb] [文件加载：39]
[ info ] [ LANG ] /data/home/qxu1146510236/htdocs/thinkphp/lang/zh-cn.php
[ info ] [ ROUTE ] array (
  'type' => 'module',
  'module' => 
  array (
    0 => '',
    1 => NULL,
    2 => NULL,
  ),
)
[ info ] [ HEADER ] array (
  'accept' => 'text/html,application/xhtml+xml,application/xml;q=0.9,image/webp,image/apng,*/*;q=0.8',
  'accept-encoding' => 'gzip, deflate',
  'accept-language' => 'zh-CN,zh;q=0.8',
  'cache-control' => 'max-age=0',
  'connection' => 'keep-alive',
  'cookie' => 'token=7892BDDA8F06E8B8B1D8143E68210EE3; PHPSESSID=5a2kmrk1mb9idqljc9hl0oger6',
  'dnt' => '1',
  'host' => 'www.yi-23.com',
  'upgrade-insecure-requests' => '1',
  'user-agent' => 'Mozilla/5.0 (Windows NT 10.0; WOW64) AppleWebKit/537.36 (KHTML, like Gecko) Chrome/61.0.3163.100 Safari/537.36',
)
[ info ] [ PARAM ] array (
)
[ info ] [ RUN ] app\index\controller\index->index[ /data/home/qxu1146510236/htdocs/application/index/controller/Index.php ]
[ info ] [ VIEW ] ./application/index/view/index/index.html [ array (
  0 => 'key',
  1 => 'aaa',
) ]
[ info ] [ LOG ] INIT File
---------------------------------------------------------------
[ 2018-04-10T10:52:22+08:00 ] 121.42.87.135 27.154.170.142 POST /public/admin/html/show
[ info ] www.yi-23.com/public/admin/html/show [运行时间：0.024206s][吞吐率：41.31req/s] [内存消耗：1,676.83kb] [文件加载：30]
[ info ] [ LANG ] /data/home/qxu1146510236/htdocs/thinkphp/lang/zh-cn.php
[ info ] [ ROUTE ] array (
  'type' => 'module',
  'module' => 
  array (
    0 => 'admin',
    1 => 'html',
    2 => 'show',
  ),
)
[ info ] [ HEADER ] array (
  'content-length' => '0',
  'accept' => 'application/json, text/javascript, */*; q=0.01',
  'accept-encoding' => 'gzip, deflate',
  'accept-language' => 'zh-CN,zh;q=0.8',
  'connection' => 'keep-alive',
  'cookie' => 'token=7892BDDA8F06E8B8B1D8143E68210EE3; PHPSESSID=5a2kmrk1mb9idqljc9hl0oger6',
  'dnt' => '1',
  'host' => 'www.yi-23.com',
  'origin' => 'http://www.yi-23.com',
  'referer' => 'http://www.yi-23.com/',
  'user-agent' => 'Mozilla/5.0 (Windows NT 10.0; WOW64) AppleWebKit/537.36 (KHTML, like Gecko) Chrome/61.0.3163.100 Safari/537.36',
  'x-requested-with' => 'XMLHttpRequest',
)
[ info ] [ PARAM ] array (
)
[ info ] [ RUN ] app\admin\controller\Html->show[ /data/home/qxu1146510236/htdocs/application/admin/controller/Html.php ]
[ info ] [ LOG ] INIT File
---------------------------------------------------------------
[ 2018-04-10T10:52:22+08:00 ] 121.42.87.135 27.154.170.142 POST /public/index/Usermsg/usermsg
[ info ] www.yi-23.com/public/index/Usermsg/usermsg [运行时间：0.046912s][吞吐率：21.32req/s] [内存消耗：2,863.63kb] [文件加载：37]
[ info ] [ LANG ] /data/home/qxu1146510236/htdocs/thinkphp/lang/zh-cn.php
[ info ] [ ROUTE ] array (
  'type' => 'module',
  'module' => 
  array (
    0 => 'index',
    1 => 'Usermsg',
    2 => 'usermsg',
  ),
)
[ info ] [ HEADER ] array (
  'content-length' => '0',
  'accept' => 'application/json, text/javascript, */*; q=0.01',
  'accept-encoding' => 'gzip, deflate',
  'accept-language' => 'zh-CN,zh;q=0.8',
  'connection' => 'keep-alive',
  'cookie' => 'token=7892BDDA8F06E8B8B1D8143E68210EE3; PHPSESSID=5a2kmrk1mb9idqljc9hl0oger6',
  'dnt' => '1',
  'host' => 'www.yi-23.com',
  'origin' => 'http://www.yi-23.com',
  'referer' => 'http://www.yi-23.com/',
  'user-agent' => 'Mozilla/5.0 (Windows NT 10.0; WOW64) AppleWebKit/537.36 (KHTML, like Gecko) Chrome/61.0.3163.100 Safari/537.36',
  'x-requested-with' => 'XMLHttpRequest',
)
[ info ] [ PARAM ] array (
)
[ info ] [ DB ] INIT mysql
[ info ] [ RUN ] app\index\controller\usermsg->usermsg[ /data/home/qxu1146510236/htdocs/application/index/controller/Usermsg.php ]
[ info ] [ LOG ] INIT File
---------------------------------------------------------------
[ 2018-04-10T10:52:22+08:00 ] 121.42.87.135 27.154.170.142 POST /public/admin/html/showimg
[ info ] www.yi-23.com/public/admin/html/showimg [运行时间：0.026597s][吞吐率：37.60req/s] [内存消耗：1,677.85kb] [文件加载：30]
[ info ] [ LANG ] /data/home/qxu1146510236/htdocs/thinkphp/lang/zh-cn.php
[ info ] [ ROUTE ] array (
  'type' => 'module',
  'module' => 
  array (
    0 => 'admin',
    1 => 'html',
    2 => 'showimg',
  ),
)
[ info ] [ HEADER ] array (
  'content-length' => '9',
  'content-type' => 'application/x-www-form-urlencoded; charset=UTF-8',
  'accept' => 'application/json, text/javascript, */*; q=0.01',
  'accept-encoding' => 'gzip, deflate',
  'accept-language' => 'zh-CN,zh;q=0.8',
  'connection' => 'keep-alive',
  'cookie' => 'token=7892BDDA8F06E8B8B1D8143E68210EE3; PHPSESSID=5a2kmrk1mb9idqljc9hl0oger6',
  'dnt' => '1',
  'host' => 'www.yi-23.com',
  'origin' => 'http://www.yi-23.com',
  'referer' => 'http://www.yi-23.com/',
  'user-agent' => 'Mozilla/5.0 (Windows NT 10.0; WOW64) AppleWebKit/537.36 (KHTML, like Gecko) Chrome/61.0.3163.100 Safari/537.36',
  'x-requested-with' => 'XMLHttpRequest',
)
[ info ] [ PARAM ] array (
  'key' => 'belle',
)
[ info ] [ RUN ] app\admin\controller\Html->showimg[ /data/home/qxu1146510236/htdocs/application/admin/controller/Html.php ]
[ info ] [ LOG ] INIT File
---------------------------------------------------------------
[ 2018-04-10T10:52:22+08:00 ] 121.42.87.135 27.154.170.142 POST /public/index/Usermsg/classname
[ info ] www.yi-23.com/public/index/Usermsg/classname [运行时间：0.047183s][吞吐率：21.19req/s] [内存消耗：3,058.70kb] [文件加载：37]
[ info ] [ LANG ] /data/home/qxu1146510236/htdocs/thinkphp/lang/zh-cn.php
[ info ] [ ROUTE ] array (
  'type' => 'module',
  'module' => 
  array (
    0 => 'index',
    1 => 'Usermsg',
    2 => 'classname',
  ),
)
[ info ] [ HEADER ] array (
  'content-length' => '0',
  'accept' => 'application/json, text/javascript, */*; q=0.01',
  'accept-encoding' => 'gzip, deflate',
  'accept-language' => 'zh-CN,zh;q=0.8',
  'connection' => 'keep-alive',
  'cookie' => 'token=7892BDDA8F06E8B8B1D8143E68210EE3; PHPSESSID=5a2kmrk1mb9idqljc9hl0oger6',
  'dnt' => '1',
  'host' => 'www.yi-23.com',
  'origin' => 'http://www.yi-23.com',
  'referer' => 'http://www.yi-23.com/',
  'user-agent' => 'Mozilla/5.0 (Windows NT 10.0; WOW64) AppleWebKit/537.36 (KHTML, like Gecko) Chrome/61.0.3163.100 Safari/537.36',
  'x-requested-with' => 'XMLHttpRequest',
)
[ info ] [ PARAM ] array (
)
[ info ] [ DB ] INIT mysql
[ info ] [ RUN ] app\index\controller\usermsg->classname[ /data/home/qxu1146510236/htdocs/application/index/controller/Usermsg.php ]
[ info ] [ LOG ] INIT File
---------------------------------------------------------------
[ 2018-04-10T10:59:56+08:00 ] 121.42.87.135 52.67.67.49 GET /
[ info ] yi-23.com/ [运行时间：0.034799s][吞吐率：28.74req/s] [内存消耗：2,289.09kb] [文件加载：40]
[ info ] [ LANG ] /data/home/qxu1146510236/htdocs/thinkphp/lang/zh-cn.php
[ info ] [ ROUTE ] array (
  'type' => 'module',
  'module' => 
  array (
    0 => '',
    1 => NULL,
    2 => NULL,
  ),
)
[ info ] [ HEADER ] array (
  'accept' => 'text/html,application/xhtml+xml,application/xml;q=0.9,image/webp,image/apng,*/*;q=0.8',
  'accept-encoding' => 'deflate, gzip',
  'accept-language' => 'en-US,en;q=0.8',
  'host' => 'yi-23.com',
  'upgrade-insecure-requests' => '1',
  'user-agent' => 'Mozilla/5.0 (Windows NT 10.0; Win64; x64) AppleWebKit/537.36 (KHTML, like Gecko) Chrome/61.0.3163.100 Safari/537.36',
)
[ info ] [ PARAM ] array (
)
[ info ] [ RUN ] app\index\controller\index->index[ /data/home/qxu1146510236/htdocs/application/index/controller/Index.php ]
[ info ] [ VIEW ] ./application/index/view/index/index.html [ array (
) ]
[ info ] [ LOG ] INIT File
---------------------------------------------------------------
[ 2018-04-10T13:21:20+08:00 ] 121.42.87.135 91.200.12.151 GET /
[ info ] yi-23.com/ [运行时间：0.032850s][吞吐率：30.44req/s] [内存消耗：2,288.72kb] [文件加载：40]
[ info ] [ LANG ] /data/home/qxu1146510236/htdocs/thinkphp/lang/zh-cn.php
[ info ] [ ROUTE ] array (
  'type' => 'module',
  'module' => 
  array (
    0 => '',
    1 => NULL,
    2 => NULL,
  ),
)
[ info ] [ HEADER ] array (
  'accept-encoding' => 'gzip,deflate',
  'accept-language' => 'en-US',
  'connection' => 'close',
  'host' => 'yi-23.com',
  'referer' => 'http://yi-23.com/',
  'user-agent' => 'Mozilla/5.0 (Windows NT 5.1; WOW64; x64) AppleWebKit/532.83.35 (KHTML, like Gecko) Chrome/57.4.9427.4790 Safari/534.53 OPR/44.5.0240.6512',
)
[ info ] [ PARAM ] array (
)
[ info ] [ RUN ] app\index\controller\index->index[ /data/home/qxu1146510236/htdocs/application/index/controller/Index.php ]
[ info ] [ VIEW ] ./application/index/view/index/index.html [ array (
) ]
[ info ] [ LOG ] INIT File
---------------------------------------------------------------
[ 2018-04-10T13:30:40+08:00 ] 121.42.87.135 106.11.226.207 GET /
[ info ] yi-23.com/ [运行时间：0.033539s][吞吐率：29.82req/s] [内存消耗：2,288.95kb] [文件加载：40]
[ info ] [ LANG ] /data/home/qxu1146510236/htdocs/thinkphp/lang/zh-cn.php
[ info ] [ ROUTE ] array (
  'type' => 'module',
  'module' => 
  array (
    0 => '',
    1 => NULL,
    2 => NULL,
  ),
)
[ info ] [ HEADER ] array (
  'accept' => 'text/html, image/gif, image/jpeg, *; q=.2, */*; q=.2',
  'accept-encoding' => 'gzip',
  'cache-control' => 'no-cache',
  'connection' => 'keep-alive',
  'host' => 'yi-23.com',
  'pragma' => 'no-cache',
  'user-agent' => 'Mozilla/5.0 (iPad; CPU OS 9_1 like Mac OS X) AppleWebKit/601.1.46 (KHTML, like Gecko) Version/9.0 Mobile/13B143 Safari/601.1',
)
[ info ] [ PARAM ] array (
)
[ info ] [ RUN ] app\index\controller\index->index[ /data/home/qxu1146510236/htdocs/application/index/controller/Index.php ]
[ info ] [ VIEW ] ./application/index/view/index/index.html [ array (
) ]
[ info ] [ LOG ] INIT File
---------------------------------------------------------------
[ 2018-04-10T14:22:15+08:00 ] 121.42.87.135 106.11.226.51 GET /
[ info ] www.yi-23.com/ [运行时间：0.036502s][吞吐率：27.40req/s] [内存消耗：2,288.92kb] [文件加载：40]
[ info ] [ LANG ] /data/home/qxu1146510236/htdocs/thinkphp/lang/zh-cn.php
[ info ] [ ROUTE ] array (
  'type' => 'module',
  'module' => 
  array (
    0 => '',
    1 => NULL,
    2 => NULL,
  ),
)
[ info ] [ HEADER ] array (
  'accept' => 'text/html, image/gif, image/jpeg, *; q=.2, */*; q=.2',
  'accept-encoding' => 'gzip',
  'cache-control' => 'no-cache',
  'connection' => 'keep-alive',
  'host' => 'www.yi-23.com',
  'pragma' => 'no-cache',
  'user-agent' => 'Mozilla/5.0 (iPad; CPU OS 9_1 like Mac OS X) AppleWebKit/601.1.46 (KHTML, like Gecko) Version/9.0 Mobile/13B143 Safari/601.1',
)
[ info ] [ PARAM ] array (
)
[ info ] [ RUN ] app\index\controller\index->index[ /data/home/qxu1146510236/htdocs/application/index/controller/Index.php ]
[ info ] [ VIEW ] ./application/index/view/index/index.html [ array (
) ]
[ info ] [ LOG ] INIT File
---------------------------------------------------------------
[ 2018-04-10T16:26:58+08:00 ] 121.42.87.135 203.208.60.143 GET /
[ info ] www.yi-23.com/ [运行时间：0.034507s][吞吐率：28.98req/s] [内存消耗：2,288.49kb] [文件加载：40]
[ info ] [ LANG ] /data/home/qxu1146510236/htdocs/thinkphp/lang/zh-cn.php
[ info ] [ ROUTE ] array (
  'type' => 'module',
  'module' => 
  array (
    0 => '',
    1 => NULL,
    2 => NULL,
  ),
)
[ info ] [ HEADER ] array (
  'accept' => 'text/html,application/xhtml+xml,application/xml;q=0.9,*/*;q=0.8',
  'accept-encoding' => 'gzip,deflate,br',
  'connection' => 'keep-alive',
  'from' => 'googlebot(at)googlebot.com',
  'host' => 'www.yi-23.com',
  'user-agent' => 'Mozilla/5.0 (compatible; Googlebot/2.1; +http://www.google.com/bot.html)',
)
[ info ] [ PARAM ] array (
)
[ info ] [ RUN ] app\index\controller\index->index[ /data/home/qxu1146510236/htdocs/application/index/controller/Index.php ]
[ info ] [ VIEW ] ./application/index/view/index/index.html [ array (
) ]
[ info ] [ LOG ] INIT File
---------------------------------------------------------------
[ 2018-04-10T16:27:04+08:00 ] 121.42.87.135 203.208.60.143 POST /public/index/html/news
[ info ] www.yi-23.com/public/index/html/news [运行时间：0.193347s][吞吐率：5.17req/s] [内存消耗：2,282.84kb] [文件加载：39]
[ info ] [ LANG ] /data/home/qxu1146510236/htdocs/thinkphp/lang/zh-cn.php
[ info ] [ ROUTE ] array (
  'type' => 'module',
  'module' => 
  array (
    0 => 'index',
    1 => 'html',
    2 => 'news',
  ),
)
[ info ] [ HEADER ] array (
  'content-length' => '0',
  'accept' => '*/*,application/json, text/javascript, */*; q=0.01',
  'accept-encoding' => 'gzip,deflate,br',
  'accept-language' => 'en-US',
  'connection' => 'keep-alive',
  'cookie' => 'PHPSESSID=7ivmus3diurq2nr84cedjvpcc7',
  'from' => 'googlebot(at)googlebot.com',
  'host' => 'www.yi-23.com',
  'origin' => 'http://www.yi-23.com',
  'referer' => 'http://www.yi-23.com/',
  'user-agent' => 'Mozilla/5.0 (compatible; Googlebot/2.1; +http://www.google.com/bot.html)',
  'x-requested-with' => 'XMLHttpRequest',
)
[ info ] [ PARAM ] array (
)
[ info ] [ RUN ] app\index\controller\Html->news[ /data/home/qxu1146510236/htdocs/application/index/controller/Html.php ]
[ info ] [ LOG ] INIT File
---------------------------------------------------------------
[ 2018-04-10T19:12:27+08:00 ] 121.42.87.135 223.210.175.12 GET /
[ info ] www.yi-23.com/ [运行时间：0.035592s][吞吐率：28.10req/s] [内存消耗：2,272.59kb] [文件加载：39]
[ info ] [ LANG ] /data/home/qxu1146510236/htdocs/thinkphp/lang/zh-cn.php
[ info ] [ ROUTE ] array (
  'type' => 'module',
  'module' => 
  array (
    0 => '',
    1 => NULL,
    2 => NULL,
  ),
)
[ info ] [ HEADER ] array (
  'accept' => 'text/html,application/xhtml+xml,application/xml;q=0.9,image/webp,image/apng,*/*;q=0.8',
  'accept-encoding' => 'gzip, deflate',
  'accept-language' => 'zh-CN,zh;q=0.9',
  'connection' => 'keep-alive',
  'cookie' => 'token=7892BDDA8F06E8B8B1D8143E68210EE3',
  'host' => 'www.yi-23.com',
  'upgrade-insecure-requests' => '1',
  'user-agent' => 'Mozilla/5.0 (Windows NT 10.0; WOW64) AppleWebKit/537.36 (KHTML, like Gecko) Chrome/66.0.3350.0 Safari/537.36',
)
[ info ] [ PARAM ] array (
)
[ info ] [ RUN ] app\index\controller\index->index[ /data/home/qxu1146510236/htdocs/application/index/controller/Index.php ]
[ info ] [ VIEW ] ./application/index/view/index/index.html [ array (
  0 => 'key',
  1 => 'aaa',
) ]
[ info ] [ LOG ] INIT File
---------------------------------------------------------------
[ 2018-04-10T19:12:28+08:00 ] 121.42.87.135 223.210.175.12 POST /public/admin/html/show
[ info ] www.yi-23.com/public/admin/html/show [运行时间：0.025482s][吞吐率：39.24req/s] [内存消耗：1,676.45kb] [文件加载：30]
[ info ] [ LANG ] /data/home/qxu1146510236/htdocs/thinkphp/lang/zh-cn.php
[ info ] [ ROUTE ] array (
  'type' => 'module',
  'module' => 
  array (
    0 => 'admin',
    1 => 'html',
    2 => 'show',
  ),
)
[ info ] [ HEADER ] array (
  'content-length' => '0',
  'accept' => 'application/json, text/javascript, */*; q=0.01',
  'accept-encoding' => 'gzip, deflate',
  'accept-language' => 'zh-CN,zh;q=0.9',
  'connection' => 'keep-alive',
  'cookie' => 'token=7892BDDA8F06E8B8B1D8143E68210EE3; PHPSESSID=s8n3jnuojh83i93occleii1kp6',
  'host' => 'www.yi-23.com',
  'origin' => 'http://www.yi-23.com',
  'referer' => 'http://www.yi-23.com/',
  'user-agent' => 'Mozilla/5.0 (Windows NT 10.0; WOW64) AppleWebKit/537.36 (KHTML, like Gecko) Chrome/66.0.3350.0 Safari/537.36',
  'x-requested-with' => 'XMLHttpRequest',
)
[ info ] [ PARAM ] array (
)
[ info ] [ RUN ] app\admin\controller\Html->show[ /data/home/qxu1146510236/htdocs/application/admin/controller/Html.php ]
[ info ] [ LOG ] INIT File
---------------------------------------------------------------
[ 2018-04-10T19:12:28+08:00 ] 121.42.87.135 223.210.175.12 POST /public/index/Usermsg/usermsg
[ info ] www.yi-23.com/public/index/Usermsg/usermsg [运行时间：0.093714s][吞吐率：10.67req/s] [内存消耗：2,863.62kb] [文件加载：37]
[ info ] [ LANG ] /data/home/qxu1146510236/htdocs/thinkphp/lang/zh-cn.php
[ info ] [ ROUTE ] array (
  'type' => 'module',
  'module' => 
  array (
    0 => 'index',
    1 => 'Usermsg',
    2 => 'usermsg',
  ),
)
[ info ] [ HEADER ] array (
  'content-length' => '0',
  'accept' => 'application/json, text/javascript, */*; q=0.01',
  'accept-encoding' => 'gzip, deflate',
  'accept-language' => 'zh-CN,zh;q=0.9',
  'connection' => 'keep-alive',
  'cookie' => 'token=7892BDDA8F06E8B8B1D8143E68210EE3; PHPSESSID=s8n3jnuojh83i93occleii1kp6',
  'host' => 'www.yi-23.com',
  'origin' => 'http://www.yi-23.com',
  'referer' => 'http://www.yi-23.com/',
  'user-agent' => 'Mozilla/5.0 (Windows NT 10.0; WOW64) AppleWebKit/537.36 (KHTML, like Gecko) Chrome/66.0.3350.0 Safari/537.36',
  'x-requested-with' => 'XMLHttpRequest',
)
[ info ] [ PARAM ] array (
)
[ info ] [ DB ] INIT mysql
[ info ] [ RUN ] app\index\controller\usermsg->usermsg[ /data/home/qxu1146510236/htdocs/application/index/controller/Usermsg.php ]
[ info ] [ LOG ] INIT File
---------------------------------------------------------------
[ 2018-04-10T19:12:28+08:00 ] 121.42.87.135 223.210.175.12 POST /public/admin/html/showimg
[ info ] www.yi-23.com/public/admin/html/showimg [运行时间：0.025427s][吞吐率：39.33req/s] [内存消耗：1,677.43kb] [文件加载：30]
[ info ] [ LANG ] /data/home/qxu1146510236/htdocs/thinkphp/lang/zh-cn.php
[ info ] [ ROUTE ] array (
  'type' => 'module',
  'module' => 
  array (
    0 => 'admin',
    1 => 'html',
    2 => 'showimg',
  ),
)
[ info ] [ HEADER ] array (
  'content-length' => '9',
  'content-type' => 'application/x-www-form-urlencoded; charset=UTF-8',
  'accept' => 'application/json, text/javascript, */*; q=0.01',
  'accept-encoding' => 'gzip, deflate',
  'accept-language' => 'zh-CN,zh;q=0.9',
  'connection' => 'keep-alive',
  'cookie' => 'token=7892BDDA8F06E8B8B1D8143E68210EE3; PHPSESSID=s8n3jnuojh83i93occleii1kp6',
  'host' => 'www.yi-23.com',
  'origin' => 'http://www.yi-23.com',
  'referer' => 'http://www.yi-23.com/',
  'user-agent' => 'Mozilla/5.0 (Windows NT 10.0; WOW64) AppleWebKit/537.36 (KHTML, like Gecko) Chrome/66.0.3350.0 Safari/537.36',
  'x-requested-with' => 'XMLHttpRequest',
)
[ info ] [ PARAM ] array (
  'key' => 'belle',
)
[ info ] [ RUN ] app\admin\controller\Html->showimg[ /data/home/qxu1146510236/htdocs/application/admin/controller/Html.php ]
[ info ] [ LOG ] INIT File
---------------------------------------------------------------
[ 2018-04-10T19:12:28+08:00 ] 121.42.87.135 223.210.175.12 POST /public/index/Usermsg/classname
[ info ] www.yi-23.com/public/index/Usermsg/classname [运行时间：0.051954s][吞吐率：19.25req/s] [内存消耗：3,058.07kb] [文件加载：37]
[ info ] [ LANG ] /data/home/qxu1146510236/htdocs/thinkphp/lang/zh-cn.php
[ info ] [ ROUTE ] array (
  'type' => 'module',
  'module' => 
  array (
    0 => 'index',
    1 => 'Usermsg',
    2 => 'classname',
  ),
)
[ info ] [ HEADER ] array (
  'content-length' => '0',
  'accept' => 'application/json, text/javascript, */*; q=0.01',
  'accept-encoding' => 'gzip, deflate',
  'accept-language' => 'zh-CN,zh;q=0.9',
  'connection' => 'keep-alive',
  'cookie' => 'token=7892BDDA8F06E8B8B1D8143E68210EE3; PHPSESSID=s8n3jnuojh83i93occleii1kp6',
  'host' => 'www.yi-23.com',
  'origin' => 'http://www.yi-23.com',
  'referer' => 'http://www.yi-23.com/',
  'user-agent' => 'Mozilla/5.0 (Windows NT 10.0; WOW64) AppleWebKit/537.36 (KHTML, like Gecko) Chrome/66.0.3350.0 Safari/537.36',
  'x-requested-with' => 'XMLHttpRequest',
)
[ info ] [ PARAM ] array (
)
[ info ] [ DB ] INIT mysql
[ info ] [ RUN ] app\index\controller\usermsg->classname[ /data/home/qxu1146510236/htdocs/application/index/controller/Usermsg.php ]
[ info ] [ LOG ] INIT File
---------------------------------------------------------------
[ 2018-04-10T19:12:29+08:00 ] 121.42.87.135 223.210.175.12 POST /public/index/index/history
[ info ] www.yi-23.com/public/index/index/history [运行时间：0.195125s][吞吐率：5.12req/s] [内存消耗：2,278.72kb] [文件加载：39]
[ info ] [ LANG ] /data/home/qxu1146510236/htdocs/thinkphp/lang/zh-cn.php
[ info ] [ ROUTE ] array (
  'type' => 'module',
  'module' => 
  array (
    0 => 'index',
    1 => 'index',
    2 => 'history',
  ),
)
[ info ] [ HEADER ] array (
  'content-length' => '0',
  'accept' => 'application/json, text/javascript, */*; q=0.01',
  'accept-encoding' => 'gzip, deflate',
  'accept-language' => 'zh-CN,zh;q=0.9',
  'connection' => 'keep-alive',
  'cookie' => 'token=7892BDDA8F06E8B8B1D8143E68210EE3; PHPSESSID=s8n3jnuojh83i93occleii1kp6',
  'host' => 'www.yi-23.com',
  'origin' => 'http://www.yi-23.com',
  'referer' => 'http://www.yi-23.com/',
  'user-agent' => 'Mozilla/5.0 (Windows NT 10.0; WOW64) AppleWebKit/537.36 (KHTML, like Gecko) Chrome/66.0.3350.0 Safari/537.36',
  'x-requested-with' => 'XMLHttpRequest',
)
[ info ] [ PARAM ] array (
)
[ info ] [ RUN ] app\index\controller\index->history[ /data/home/qxu1146510236/htdocs/application/index/controller/Index.php ]
[ info ] [ LOG ] INIT File
---------------------------------------------------------------
[ 2018-04-10T20:16:39+08:00 ] 121.42.87.135 183.136.190.62 GET /
[ info ] www.yi-23.com/ [运行时间：0.032617s][吞吐率：30.66req/s] [内存消耗：2,289.06kb] [文件加载：40]
[ info ] [ LANG ] /data/home/qxu1146510236/htdocs/thinkphp/lang/zh-cn.php
[ info ] [ ROUTE ] array (
  'type' => 'module',
  'module' => 
  array (
    0 => '',
    1 => NULL,
    2 => NULL,
  ),
)
[ info ] [ HEADER ] array (
  'accept' => 'text/html,application/xhtml+xml,application/xml;q=0.9,image/webp,*/*;q=0.8',
  'accept-encoding' => '',
  'accept-language' => 'zh-CN,zh;q=0.8',
  'cache-control' => 'max-age=0',
  'connection' => 'close',
  'host' => 'www.yi-23.com',
  'user-agent' => 'Mozilla/5.0 (Windows NT 6.1) AppleWebKit/537.36 (KHTML, like Gecko) Chrome/35.0.1916.153 Safari/537.36',
)
[ info ] [ PARAM ] array (
)
[ info ] [ RUN ] app\index\controller\index->index[ /data/home/qxu1146510236/htdocs/application/index/controller/Index.php ]
[ info ] [ VIEW ] ./application/index/view/index/index.html [ array (
) ]
[ info ] [ LOG ] INIT File
---------------------------------------------------------------
[ 2018-04-10T21:24:19+08:00 ] 121.42.87.135 54.67.59.131 GET /
[ info ] www.yi-23.com/ [运行时间：0.031802s][吞吐率：31.44req/s] [内存消耗：2,287.73kb] [文件加载：40]
[ info ] [ LANG ] /data/home/qxu1146510236/htdocs/thinkphp/lang/zh-cn.php
[ info ] [ ROUTE ] array (
  'type' => 'module',
  'module' => 
  array (
    0 => '',
    1 => NULL,
    2 => NULL,
  ),
)
[ info ] [ HEADER ] array (
  'accept-encoding' => 'gzip',
  'host' => 'www.yi-23.com',
  'user-agent' => 'Mozilla/5.0 (Macintosh; Intel Mac OS X 10_12_6) AppleWebKit/537.36 (KHTML, like Gecko) Chrome/61.0.3163.100 Safari/537.36',
)
[ info ] [ PARAM ] array (
)
[ info ] [ RUN ] app\index\controller\index->index[ /data/home/qxu1146510236/htdocs/application/index/controller/Index.php ]
[ info ] [ VIEW ] ./application/index/view/index/index.html [ array (
) ]
[ info ] [ LOG ] INIT File
---------------------------------------------------------------
[ 2018-04-10T21:34:14+08:00 ] 121.42.87.135 42.236.102.23 GET /
[ info ] www.yi-23.com/ [运行时间：0.051018s][吞吐率：19.60req/s] [内存消耗：2,289.13kb] [文件加载：40]
[ info ] [ LANG ] /data/home/qxu1146510236/htdocs/thinkphp/lang/zh-cn.php
[ info ] [ ROUTE ] array (
  'type' => 'module',
  'module' => 
  array (
    0 => '',
    1 => NULL,
    2 => NULL,
  ),
)
[ info ] [ HEADER ] array (
  'accept' => '*/*',
  'accept-encoding' => 'deflate, gzip',
  'accept-language' => 'zh-CN',
  'connection' => 'Keep-Alive',
  'cookie' => '',
  'host' => 'www.yi-23.com',
  'referer' => 'http://www.yi-23.com/',
  'user-agent' => 'Mozilla/5.0 (Windows NT 6.1; WOW64) AppleWebKit/537.36 (KHTML, like Gecko) Chrome/50.0.2661.102 Safari/537.36; 360Spider',
)
[ info ] [ PARAM ] array (
)
[ info ] [ RUN ] app\index\controller\index->index[ /data/home/qxu1146510236/htdocs/application/index/controller/Index.php ]
[ info ] [ VIEW ] ./application/index/view/index/index.html [ array (
) ]
[ info ] [ LOG ] INIT File
---------------------------------------------------------------
[ 2018-04-10T22:15:02+08:00 ] 121.42.87.135 111.206.36.145 GET /
[ info ] www.yi-23.com/ [运行时间：0.034038s][吞吐率：29.38req/s] [内存消耗：2,287.94kb] [文件加载：40]
[ info ] [ LANG ] /data/home/qxu1146510236/htdocs/thinkphp/lang/zh-cn.php
[ info ] [ ROUTE ] array (
  'type' => 'module',
  'module' => 
  array (
    0 => '',
    1 => NULL,
    2 => NULL,
  ),
)
[ info ] [ HEADER ] array (
  'connection' => 'close',
  'host' => 'www.yi-23.com',
  'user-agent' => 'Mozilla/5.0 (Macintosh; Intel Mac OS X 10_11_2) AppleWebKit/537.36 (KHTML, like Gecko) Chrome/47.0.2526.80 Safari/537.36',
)
[ info ] [ PARAM ] array (
)
[ info ] [ RUN ] app\index\controller\index->index[ /data/home/qxu1146510236/htdocs/application/index/controller/Index.php ]
[ info ] [ VIEW ] ./application/index/view/index/index.html [ array (
) ]
[ info ] [ LOG ] INIT File
---------------------------------------------------------------
[ 2018-04-10T22:15:05+08:00 ] 121.42.87.135 111.206.36.141 GET /
[ info ] www.yi-23.com/ [运行时间：0.032160s][吞吐率：31.09req/s] [内存消耗：2,287.94kb] [文件加载：40]
[ info ] [ LANG ] /data/home/qxu1146510236/htdocs/thinkphp/lang/zh-cn.php
[ info ] [ ROUTE ] array (
  'type' => 'module',
  'module' => 
  array (
    0 => '',
    1 => NULL,
    2 => NULL,
  ),
)
[ info ] [ HEADER ] array (
  'connection' => 'close',
  'host' => 'www.yi-23.com',
  'user-agent' => 'Mozilla/5.0 (Macintosh; Intel Mac OS X 10_11_2) AppleWebKit/537.36 (KHTML, like Gecko) Chrome/47.0.2526.80 Safari/537.36',
)
[ info ] [ PARAM ] array (
)
[ info ] [ RUN ] app\index\controller\index->index[ /data/home/qxu1146510236/htdocs/application/index/controller/Index.php ]
[ info ] [ VIEW ] ./application/index/view/index/index.html [ array (
) ]
[ info ] [ LOG ] INIT File
---------------------------------------------------------------
[ 2018-04-10T22:15:11+08:00 ] 121.42.87.135 111.206.36.11 GET /
[ info ] www.yi-23.com/ [运行时间：0.032204s][吞吐率：31.05req/s] [内存消耗：2,287.94kb] [文件加载：40]
[ info ] [ LANG ] /data/home/qxu1146510236/htdocs/thinkphp/lang/zh-cn.php
[ info ] [ ROUTE ] array (
  'type' => 'module',
  'module' => 
  array (
    0 => '',
    1 => NULL,
    2 => NULL,
  ),
)
[ info ] [ HEADER ] array (
  'connection' => 'close',
  'host' => 'www.yi-23.com',
  'user-agent' => 'Mozilla/5.0 (Macintosh; Intel Mac OS X 10_11_2) AppleWebKit/537.36 (KHTML, like Gecko) Chrome/47.0.2526.80 Safari/537.36',
)
[ info ] [ PARAM ] array (
)
[ info ] [ RUN ] app\index\controller\index->index[ /data/home/qxu1146510236/htdocs/application/index/controller/Index.php ]
[ info ] [ VIEW ] ./application/index/view/index/index.html [ array (
) ]
[ info ] [ LOG ] INIT File
