---------------------------------------------------------------
[ 2018-04-13T00:54:17+08:00 ] 121.42.87.135 101.199.112.53 GET /
[ info ] www.yi-23.com/ [运行时间：0.032235s][吞吐率：31.02req/s] [内存消耗：2,289.64kb] [文件加载：40]
[ info ] [ LANG ] /data/home/qxu1146510236/htdocs/thinkphp/lang/zh-cn.php
[ info ] [ ROUTE ] array (
  'type' => 'module',
  'module' => 
  array (
    0 => '',
    1 => NULL,
    2 => NULL,
  ),
)
[ info ] [ HEADER ] array (
  'accept' => 'text/html,application/xhtml+xml,application/xml;q=0.9,*/*;q=0.8',
  'accept-charset' => 'iso-8859-1,*,utf-8',
  'accept-encoding' => 'gzip,deflate',
  'accept-language' => 'zh-CN,zh;q=0.8',
  'connection' => 'keep-alive',
  'host' => 'www.yi-23.com',
  'referer' => 'http://www.yi-23.com/',
  'user-agent' => 'Mozilla/5.0 (Windows NT 6.1) AppleWebKit/537.36 (KHTML, like Gecko) Chrome/36.0.1985.125 Safari/537.36',
)
[ info ] [ PARAM ] array (
)
[ info ] [ RUN ] app\index\controller\index->index[ /data/home/qxu1146510236/htdocs/application/index/controller/Index.php ]
[ info ] [ VIEW ] ./application/index/view/index/index.html [ array (
) ]
[ info ] [ LOG ] INIT File
---------------------------------------------------------------
[ 2018-04-13T00:54:27+08:00 ] 121.42.87.135 101.199.112.54 GET /
[ info ] www.yi-23.com/ [运行时间：0.032932s][吞吐率：30.37req/s] [内存消耗：2,288.96kb] [文件加载：40]
[ info ] [ LANG ] /data/home/qxu1146510236/htdocs/thinkphp/lang/zh-cn.php
[ info ] [ ROUTE ] array (
  'type' => 'module',
  'module' => 
  array (
    0 => '',
    1 => NULL,
    2 => NULL,
  ),
)
[ info ] [ HEADER ] array (
  'accept' => 'text/html,application/xhtml+xml,application/xml;q=0.9,*/*;q=0.8',
  'accept-charset' => 'iso-8859-1,*,utf-8',
  'accept-encoding' => 'gzip,deflate',
  'accept-language' => 'zh-CN,zh;q=0.8',
  'connection' => 'keep-alive',
  'host' => 'www.yi-23.com',
  'user-agent' => 'Mozilla/5.0 (Windows NT 6.1) AppleWebKit/537.36 (KHTML, like Gecko) Chrome/36.0.1985.125 Safari/537.36',
)
[ info ] [ PARAM ] array (
)
[ info ] [ RUN ] app\index\controller\index->index[ /data/home/qxu1146510236/htdocs/application/index/controller/Index.php ]
[ info ] [ VIEW ] ./application/index/view/index/index.html [ array (
) ]
[ info ] [ LOG ] INIT File
---------------------------------------------------------------
[ 2018-04-13T00:54:32+08:00 ] 121.42.87.135 220.181.132.191 GET /
[ info ] www.yi-23.com/ [运行时间：0.032281s][吞吐率：30.98req/s] [内存消耗：2,289.20kb] [文件加载：40]
[ info ] [ LANG ] /data/home/qxu1146510236/htdocs/thinkphp/lang/zh-cn.php
[ info ] [ ROUTE ] array (
  'type' => 'module',
  'module' => 
  array (
    0 => '',
    1 => NULL,
    2 => NULL,
  ),
)
[ info ] [ HEADER ] array (
  'accept' => 'text/html,application/xhtml+xml,application/xml;q=0.9,*/*;q=0.8',
  'accept-charset' => 'iso-8859-1,*,utf-8',
  'accept-encoding' => 'gzip,deflate',
  'accept-language' => 'zh-CN,zh;q=0.8',
  'connection' => 'keep-alive',
  'host' => 'www.yi-23.com',
  'user-agent' => 'Mozilla/5.0 (Linux; U; Android 5.0.2; zh-CN; Redmi Note 3 Build/LRX22G) AppleWebKit/537.36 (KHTML, like Gecko) Version/4.0 OPR/11.2.3.102637 Mobile Safari/537.36',
)
[ info ] [ PARAM ] array (
)
[ info ] [ RUN ] app\index\controller\index->index[ /data/home/qxu1146510236/htdocs/application/index/controller/Index.php ]
[ info ] [ VIEW ] ./application/index/view/index/index.html [ array (
) ]
[ info ] [ LOG ] INIT File
---------------------------------------------------------------
[ 2018-04-13T01:27:15+08:00 ] 121.42.87.135 195.201.88.200 GET /
[ info ] yi-23.com/ [运行时间：0.032932s][吞吐率：30.37req/s] [内存消耗：2,288.33kb] [文件加载：40]
[ info ] [ LANG ] /data/home/qxu1146510236/htdocs/thinkphp/lang/zh-cn.php
[ info ] [ ROUTE ] array (
  'type' => 'module',
  'module' => 
  array (
    0 => '',
    1 => NULL,
    2 => NULL,
  ),
)
[ info ] [ HEADER ] array (
  'content-type' => 'application/x-www-form-urlencoded;charset=UTF-8',
  'accept' => 'text/html,*/*',
  'connection' => 'close',
  'host' => 'yi-23.com',
  'user-agent' => 'Mozilla/5.0 (Windows NT 6.1) AppleWebKit/537.36 (KHTML, like Gecko) Chrome/41.0.2228.0 Safari/537.36',
)
[ info ] [ PARAM ] array (
)
[ info ] [ RUN ] app\index\controller\index->index[ /data/home/qxu1146510236/htdocs/application/index/controller/Index.php ]
[ info ] [ VIEW ] ./application/index/view/index/index.html [ array (
) ]
[ info ] [ LOG ] INIT File
---------------------------------------------------------------
[ 2018-04-13T01:27:42+08:00 ] 121.42.87.135 195.201.88.200 GET /
[ info ] yi-23.com/ [运行时间：0.034314s][吞吐率：29.14req/s] [内存消耗：2,288.33kb] [文件加载：40]
[ info ] [ LANG ] /data/home/qxu1146510236/htdocs/thinkphp/lang/zh-cn.php
[ info ] [ ROUTE ] array (
  'type' => 'module',
  'module' => 
  array (
    0 => '',
    1 => NULL,
    2 => NULL,
  ),
)
[ info ] [ HEADER ] array (
  'content-type' => 'application/x-www-form-urlencoded;charset=UTF-8',
  'accept' => 'text/html,*/*',
  'connection' => 'close',
  'host' => 'yi-23.com',
  'user-agent' => 'Mozilla/5.0 (Windows NT 6.1) AppleWebKit/537.36 (KHTML, like Gecko) Chrome/41.0.2228.0 Safari/537.36',
)
[ info ] [ PARAM ] array (
)
[ info ] [ RUN ] app\index\controller\index->index[ /data/home/qxu1146510236/htdocs/application/index/controller/Index.php ]
[ info ] [ VIEW ] ./application/index/view/index/index.html [ array (
) ]
[ info ] [ LOG ] INIT File
---------------------------------------------------------------
[ 2018-04-13T03:44:25+08:00 ] 121.42.87.135 106.11.227.185 GET /
[ info ] www.yi-23.com/ [运行时间：0.033605s][吞吐率：29.76req/s] [内存消耗：2,288.92kb] [文件加载：40]
[ info ] [ LANG ] /data/home/qxu1146510236/htdocs/thinkphp/lang/zh-cn.php
[ info ] [ ROUTE ] array (
  'type' => 'module',
  'module' => 
  array (
    0 => '',
    1 => NULL,
    2 => NULL,
  ),
)
[ info ] [ HEADER ] array (
  'accept' => 'text/html, image/gif, image/jpeg, *; q=.2, */*; q=.2',
  'accept-encoding' => 'gzip',
  'cache-control' => 'no-cache',
  'connection' => 'keep-alive',
  'host' => 'www.yi-23.com',
  'pragma' => 'no-cache',
  'user-agent' => 'Mozilla/5.0 (iPad; CPU OS 9_1 like Mac OS X) AppleWebKit/601.1.46 (KHTML, like Gecko) Version/9.0 Mobile/13B143 Safari/601.1',
)
[ info ] [ PARAM ] array (
)
[ info ] [ RUN ] app\index\controller\index->index[ /data/home/qxu1146510236/htdocs/application/index/controller/Index.php ]
[ info ] [ VIEW ] ./application/index/view/index/index.html [ array (
) ]
[ info ] [ LOG ] INIT File
---------------------------------------------------------------
[ 2018-04-13T04:59:39+08:00 ] 121.42.87.135 169.54.233.126 GET /
[ info ] yi-23.com/ [运行时间：0.032538s][吞吐率：30.73req/s] [内存消耗：2,286.97kb] [文件加载：40]
[ info ] [ LANG ] /data/home/qxu1146510236/htdocs/thinkphp/lang/zh-cn.php
[ info ] [ ROUTE ] array (
  'type' => 'module',
  'module' => 
  array (
    0 => '',
    1 => NULL,
    2 => NULL,
  ),
)
[ info ] [ HEADER ] array (
  'host' => 'yi-23.com',
)
[ info ] [ PARAM ] array (
)
[ info ] [ RUN ] app\index\controller\index->index[ /data/home/qxu1146510236/htdocs/application/index/controller/Index.php ]
[ info ] [ VIEW ] ./application/index/view/index/index.html [ array (
) ]
[ info ] [ LOG ] INIT File
---------------------------------------------------------------
[ 2018-04-13T08:26:08+08:00 ] 121.42.87.135 216.145.17.190 GET /
[ info ] www.yi-23.com/ [运行时间：0.034318s][吞吐率：29.14req/s] [内存消耗：2,289.91kb] [文件加载：40]
[ info ] [ LANG ] /data/home/qxu1146510236/htdocs/thinkphp/lang/zh-cn.php
[ info ] [ ROUTE ] array (
  'type' => 'module',
  'module' => 
  array (
    0 => '',
    1 => NULL,
    2 => NULL,
  ),
)
[ info ] [ HEADER ] array (
  'accept' => '*/*',
  'accept-encoding' => 'gzip, x-gzip, deflate',
  'accept-language' => 'en-us,fr-be;q=0.5',
  'connection' => 'close, TE',
  'from' => 'feedback@surveybot.com',
  'host' => 'www.yi-23.com',
  'pragma' => 'no-cache',
  'te' => 'deflate,gzip;q=0.3',
  'user-agent' => 'Mozilla/5.0 (Macintosh; Intel Mac OS X 10.10; rv:59.0) Gecko/20100101 Firefox/59.0',
  'wshost' => 'www.yi-23.com',
  'wsip' => '121.42.87.135',
)
[ info ] [ PARAM ] array (
)
[ info ] [ RUN ] app\index\controller\index->index[ /data/home/qxu1146510236/htdocs/application/index/controller/Index.php ]
[ info ] [ VIEW ] ./application/index/view/index/index.html [ array (
) ]
[ info ] [ LOG ] INIT File
---------------------------------------------------------------
[ 2018-04-13T08:27:27+08:00 ] 121.42.87.135 207.46.13.210 GET /
[ info ] yi-23.com/ [运行时间：0.033101s][吞吐率：30.21req/s] [内存消耗：2,289.40kb] [文件加载：40]
[ info ] [ LANG ] /data/home/qxu1146510236/htdocs/thinkphp/lang/zh-cn.php
[ info ] [ ROUTE ] array (
  'type' => 'module',
  'module' => 
  array (
    0 => '',
    1 => NULL,
    2 => NULL,
  ),
)
[ info ] [ HEADER ] array (
  'accept' => '*/*',
  'accept-encoding' => 'gzip, deflate',
  'cache-control' => 'no-cache',
  'connection' => 'Keep-Alive',
  'from' => 'bingbot(at)microsoft.com',
  'host' => 'yi-23.com',
  'pragma' => 'no-cache',
  'user-agent' => 'Mozilla/5.0 (iPhone; CPU iPhone OS 7_0 like Mac OS X) AppleWebKit/537.51.1 (KHTML, like Gecko) Version/7.0 Mobile/11A465 Safari/9537.53 (compatible; bingbot/2.0; +http://www.bing.com/bingbot.htm)',
)
[ info ] [ PARAM ] array (
)
[ info ] [ RUN ] app\index\controller\index->index[ /data/home/qxu1146510236/htdocs/application/index/controller/Index.php ]
[ info ] [ VIEW ] ./application/index/view/index/index.html [ array (
) ]
[ info ] [ LOG ] INIT File
---------------------------------------------------------------
[ 2018-04-13T09:04:38+08:00 ] 121.42.87.135 221.0.29.91 GET /
[ info ] yi-23.com/ [运行时间：0.035121s][吞吐率：28.47req/s] [内存消耗：2,287.72kb] [文件加载：40]
[ info ] [ LANG ] /data/home/qxu1146510236/htdocs/thinkphp/lang/zh-cn.php
[ info ] [ ROUTE ] array (
  'type' => 'module',
  'module' => 
  array (
    0 => '',
    1 => NULL,
    2 => NULL,
  ),
)
[ info ] [ HEADER ] array (
  'accept-encoding' => 'identity',
  'connection' => 'close',
  'host' => 'yi-23.com',
  'user-agent' => 'Python-urllib/2.7',
)
[ info ] [ PARAM ] array (
)
[ info ] [ RUN ] app\index\controller\index->index[ /data/home/qxu1146510236/htdocs/application/index/controller/Index.php ]
[ info ] [ VIEW ] ./application/index/view/index/index.html [ array (
) ]
[ info ] [ LOG ] INIT File
---------------------------------------------------------------
[ 2018-04-13T09:12:29+08:00 ] 121.42.87.135 121.207.131.123 GET /
[ info ] www.yi-23.com/ [运行时间：0.032251s][吞吐率：31.01req/s] [内存消耗：2,272.64kb] [文件加载：39]
[ info ] [ LANG ] /data/home/qxu1146510236/htdocs/thinkphp/lang/zh-cn.php
[ info ] [ ROUTE ] array (
  'type' => 'module',
  'module' => 
  array (
    0 => '',
    1 => NULL,
    2 => NULL,
  ),
)
[ info ] [ HEADER ] array (
  'accept' => 'text/html,application/xhtml+xml,application/xml;q=0.9,image/webp,image/apng,*/*;q=0.8',
  'accept-encoding' => 'gzip, deflate',
  'accept-language' => 'zh-CN,zh;q=0.8',
  'connection' => 'keep-alive',
  'cookie' => 'token=7892BDDA8F06E8B8B1D8143E68210EE3',
  'dnt' => '1',
  'host' => 'www.yi-23.com',
  'upgrade-insecure-requests' => '1',
  'user-agent' => 'Mozilla/5.0 (Windows NT 10.0; WOW64) AppleWebKit/537.36 (KHTML, like Gecko) Chrome/61.0.3163.100 Safari/537.36',
)
[ info ] [ PARAM ] array (
)
[ info ] [ RUN ] app\index\controller\index->index[ /data/home/qxu1146510236/htdocs/application/index/controller/Index.php ]
[ info ] [ VIEW ] ./application/index/view/index/index.html [ array (
  0 => 'key',
  1 => 'aaa',
) ]
[ info ] [ LOG ] INIT File
---------------------------------------------------------------
[ 2018-04-13T09:12:30+08:00 ] 121.42.87.135 121.207.131.123 POST /public/admin/html/show
[ info ] www.yi-23.com/public/admin/html/show [运行时间：0.030141s][吞吐率：33.18req/s] [内存消耗：1,676.83kb] [文件加载：30]
[ info ] [ LANG ] /data/home/qxu1146510236/htdocs/thinkphp/lang/zh-cn.php
[ info ] [ ROUTE ] array (
  'type' => 'module',
  'module' => 
  array (
    0 => 'admin',
    1 => 'html',
    2 => 'show',
  ),
)
[ info ] [ HEADER ] array (
  'content-length' => '0',
  'accept' => 'application/json, text/javascript, */*; q=0.01',
  'accept-encoding' => 'gzip, deflate',
  'accept-language' => 'zh-CN,zh;q=0.8',
  'connection' => 'keep-alive',
  'cookie' => 'token=7892BDDA8F06E8B8B1D8143E68210EE3; PHPSESSID=hd318on0ammi7606uc5rs3ja03',
  'dnt' => '1',
  'host' => 'www.yi-23.com',
  'origin' => 'http://www.yi-23.com',
  'referer' => 'http://www.yi-23.com/',
  'user-agent' => 'Mozilla/5.0 (Windows NT 10.0; WOW64) AppleWebKit/537.36 (KHTML, like Gecko) Chrome/61.0.3163.100 Safari/537.36',
  'x-requested-with' => 'XMLHttpRequest',
)
[ info ] [ PARAM ] array (
)
[ info ] [ RUN ] app\admin\controller\Html->show[ /data/home/qxu1146510236/htdocs/application/admin/controller/Html.php ]
[ info ] [ LOG ] INIT File
---------------------------------------------------------------
[ 2018-04-13T09:12:30+08:00 ] 121.42.87.135 121.207.131.123 POST /public/index/Usermsg/usermsg
[ info ] www.yi-23.com/public/index/Usermsg/usermsg [运行时间：0.074923s][吞吐率：13.35req/s] [内存消耗：2,863.63kb] [文件加载：37]
[ info ] [ LANG ] /data/home/qxu1146510236/htdocs/thinkphp/lang/zh-cn.php
[ info ] [ ROUTE ] array (
  'type' => 'module',
  'module' => 
  array (
    0 => 'index',
    1 => 'Usermsg',
    2 => 'usermsg',
  ),
)
[ info ] [ HEADER ] array (
  'content-length' => '0',
  'accept' => 'application/json, text/javascript, */*; q=0.01',
  'accept-encoding' => 'gzip, deflate',
  'accept-language' => 'zh-CN,zh;q=0.8',
  'connection' => 'keep-alive',
  'cookie' => 'token=7892BDDA8F06E8B8B1D8143E68210EE3; PHPSESSID=hd318on0ammi7606uc5rs3ja03',
  'dnt' => '1',
  'host' => 'www.yi-23.com',
  'origin' => 'http://www.yi-23.com',
  'referer' => 'http://www.yi-23.com/',
  'user-agent' => 'Mozilla/5.0 (Windows NT 10.0; WOW64) AppleWebKit/537.36 (KHTML, like Gecko) Chrome/61.0.3163.100 Safari/537.36',
  'x-requested-with' => 'XMLHttpRequest',
)
[ info ] [ PARAM ] array (
)
[ info ] [ DB ] INIT mysql
[ info ] [ RUN ] app\index\controller\usermsg->usermsg[ /data/home/qxu1146510236/htdocs/application/index/controller/Usermsg.php ]
[ info ] [ LOG ] INIT File
---------------------------------------------------------------
[ 2018-04-13T09:12:30+08:00 ] 121.42.87.135 121.207.131.123 POST /public/admin/html/showimg
[ info ] www.yi-23.com/public/admin/html/showimg [运行时间：0.026303s][吞吐率：38.02req/s] [内存消耗：1,677.85kb] [文件加载：30]
[ info ] [ LANG ] /data/home/qxu1146510236/htdocs/thinkphp/lang/zh-cn.php
[ info ] [ ROUTE ] array (
  'type' => 'module',
  'module' => 
  array (
    0 => 'admin',
    1 => 'html',
    2 => 'showimg',
  ),
)
[ info ] [ HEADER ] array (
  'content-length' => '9',
  'content-type' => 'application/x-www-form-urlencoded; charset=UTF-8',
  'accept' => 'application/json, text/javascript, */*; q=0.01',
  'accept-encoding' => 'gzip, deflate',
  'accept-language' => 'zh-CN,zh;q=0.8',
  'connection' => 'keep-alive',
  'cookie' => 'token=7892BDDA8F06E8B8B1D8143E68210EE3; PHPSESSID=hd318on0ammi7606uc5rs3ja03',
  'dnt' => '1',
  'host' => 'www.yi-23.com',
  'origin' => 'http://www.yi-23.com',
  'referer' => 'http://www.yi-23.com/',
  'user-agent' => 'Mozilla/5.0 (Windows NT 10.0; WOW64) AppleWebKit/537.36 (KHTML, like Gecko) Chrome/61.0.3163.100 Safari/537.36',
  'x-requested-with' => 'XMLHttpRequest',
)
[ info ] [ PARAM ] array (
  'key' => 'belle',
)
[ info ] [ RUN ] app\admin\controller\Html->showimg[ /data/home/qxu1146510236/htdocs/application/admin/controller/Html.php ]
[ info ] [ LOG ] INIT File
---------------------------------------------------------------
[ 2018-04-13T09:12:30+08:00 ] 121.42.87.135 121.207.131.123 POST /public/index/Usermsg/classname
[ info ] www.yi-23.com/public/index/Usermsg/classname [运行时间：0.053595s][吞吐率：18.66req/s] [内存消耗：3,058.70kb] [文件加载：37]
[ info ] [ LANG ] /data/home/qxu1146510236/htdocs/thinkphp/lang/zh-cn.php
[ info ] [ ROUTE ] array (
  'type' => 'module',
  'module' => 
  array (
    0 => 'index',
    1 => 'Usermsg',
    2 => 'classname',
  ),
)
[ info ] [ HEADER ] array (
  'content-length' => '0',
  'accept' => 'application/json, text/javascript, */*; q=0.01',
  'accept-encoding' => 'gzip, deflate',
  'accept-language' => 'zh-CN,zh;q=0.8',
  'connection' => 'keep-alive',
  'cookie' => 'token=7892BDDA8F06E8B8B1D8143E68210EE3; PHPSESSID=hd318on0ammi7606uc5rs3ja03',
  'dnt' => '1',
  'host' => 'www.yi-23.com',
  'origin' => 'http://www.yi-23.com',
  'referer' => 'http://www.yi-23.com/',
  'user-agent' => 'Mozilla/5.0 (Windows NT 10.0; WOW64) AppleWebKit/537.36 (KHTML, like Gecko) Chrome/61.0.3163.100 Safari/537.36',
  'x-requested-with' => 'XMLHttpRequest',
)
[ info ] [ PARAM ] array (
)
[ info ] [ DB ] INIT mysql
[ info ] [ RUN ] app\index\controller\usermsg->classname[ /data/home/qxu1146510236/htdocs/application/index/controller/Usermsg.php ]
[ info ] [ LOG ] INIT File
---------------------------------------------------------------
[ 2018-04-13T09:12:31+08:00 ] 121.42.87.135 121.207.131.123 POST /public/index/index/history
[ info ] www.yi-23.com/public/index/index/history [运行时间：0.220174s][吞吐率：4.54req/s] [内存消耗：2,279.06kb] [文件加载：39]
[ info ] [ LANG ] /data/home/qxu1146510236/htdocs/thinkphp/lang/zh-cn.php
[ info ] [ ROUTE ] array (
  'type' => 'module',
  'module' => 
  array (
    0 => 'index',
    1 => 'index',
    2 => 'history',
  ),
)
[ info ] [ HEADER ] array (
  'content-length' => '0',
  'accept' => 'application/json, text/javascript, */*; q=0.01',
  'accept-encoding' => 'gzip, deflate',
  'accept-language' => 'zh-CN,zh;q=0.8',
  'connection' => 'keep-alive',
  'cookie' => 'token=7892BDDA8F06E8B8B1D8143E68210EE3; PHPSESSID=hd318on0ammi7606uc5rs3ja03',
  'dnt' => '1',
  'host' => 'www.yi-23.com',
  'origin' => 'http://www.yi-23.com',
  'referer' => 'http://www.yi-23.com/',
  'user-agent' => 'Mozilla/5.0 (Windows NT 10.0; WOW64) AppleWebKit/537.36 (KHTML, like Gecko) Chrome/61.0.3163.100 Safari/537.36',
  'x-requested-with' => 'XMLHttpRequest',
)
[ info ] [ PARAM ] array (
)
[ info ] [ RUN ] app\index\controller\index->history[ /data/home/qxu1146510236/htdocs/application/index/controller/Index.php ]
[ info ] [ LOG ] INIT File
---------------------------------------------------------------
[ 2018-04-13T09:50:03+08:00 ] 121.42.87.135 121.207.131.123 GET /public/static/css/img/arrow.png
[ info ] www.yi-23.com/public/static/css/img/arrow.png [运行时间：0.023308s][吞吐率：42.90req/s] [内存消耗：1,343.70kb] [文件加载：26]
[ info ] [ LANG ] /data/home/qxu1146510236/htdocs/thinkphp/lang/zh-cn.php
[ info ] [ ROUTE ] array (
  'type' => 'module',
  'module' => 
  array (
    0 => 'static',
    1 => 'css',
    2 => 'img',
  ),
)
[ info ] [ HEADER ] array (
  'accept' => 'image/webp,image/apng,image/*,*/*;q=0.8',
  'accept-encoding' => 'gzip, deflate',
  'accept-language' => 'zh-CN,zh;q=0.8',
  'connection' => 'keep-alive',
  'cookie' => 'token=7892BDDA8F06E8B8B1D8143E68210EE3; PHPSESSID=hd318on0ammi7606uc5rs3ja03',
  'dnt' => '1',
  'host' => 'www.yi-23.com',
  'referer' => 'http://www.yi-23.com/public/static/css/show/aui.css',
  'user-agent' => 'Mozilla/5.0 (Windows NT 10.0; WOW64) AppleWebKit/537.36 (KHTML, like Gecko) Chrome/61.0.3163.100 Safari/537.36',
)
[ info ] [ PARAM ] array (
)
[ info ] [ LOG ] INIT File
---------------------------------------------------------------
[ 2018-04-13T09:50:13+08:00 ] 121.42.87.135 121.207.131.123 POST /public/index/Usermsg/addurl
[ info ] www.yi-23.com/public/index/Usermsg/addurl [运行时间：0.047958s][吞吐率：20.85req/s] [内存消耗：2,680.02kb] [文件加载：37]
[ info ] [ LANG ] /data/home/qxu1146510236/htdocs/thinkphp/lang/zh-cn.php
[ info ] [ ROUTE ] array (
  'type' => 'module',
  'module' => 
  array (
    0 => 'index',
    1 => 'Usermsg',
    2 => 'addurl',
  ),
)
[ info ] [ HEADER ] array (
  'content-length' => '109',
  'content-type' => 'application/x-www-form-urlencoded; charset=UTF-8',
  'accept' => 'application/json, text/javascript, */*; q=0.01',
  'accept-encoding' => 'gzip, deflate',
  'accept-language' => 'zh-CN,zh;q=0.8',
  'connection' => 'keep-alive',
  'cookie' => 'token=7892BDDA8F06E8B8B1D8143E68210EE3; PHPSESSID=hd318on0ammi7606uc5rs3ja03',
  'dnt' => '1',
  'host' => 'www.yi-23.com',
  'origin' => 'http://www.yi-23.com',
  'referer' => 'http://www.yi-23.com/',
  'user-agent' => 'Mozilla/5.0 (Windows NT 10.0; WOW64) AppleWebKit/537.36 (KHTML, like Gecko) Chrome/61.0.3163.100 Safari/537.36',
  'x-requested-with' => 'XMLHttpRequest',
)
[ info ] [ PARAM ] array (
  'name' => '腾讯课堂',
  'tt' => 'TXKT',
  'url' => 'https://ke.qq.com/',
  'class' => '综合',
  'id' => '',
)
[ info ] [ DB ] INIT mysql
[ info ] [ RUN ] app\index\controller\usermsg->addurl[ /data/home/qxu1146510236/htdocs/application/index/controller/Usermsg.php ]
[ info ] [ LOG ] INIT File
---------------------------------------------------------------
[ 2018-04-13T09:50:13+08:00 ] 121.42.87.135 121.207.131.123 POST /public/index/Usermsg/classname
[ info ] www.yi-23.com/public/index/Usermsg/classname [运行时间：0.050205s][吞吐率：19.92req/s] [内存消耗：3,058.79kb] [文件加载：37]
[ info ] [ LANG ] /data/home/qxu1146510236/htdocs/thinkphp/lang/zh-cn.php
[ info ] [ ROUTE ] array (
  'type' => 'module',
  'module' => 
  array (
    0 => 'index',
    1 => 'Usermsg',
    2 => 'classname',
  ),
)
[ info ] [ HEADER ] array (
  'content-length' => '0',
  'accept' => 'application/json, text/javascript, */*; q=0.01',
  'accept-encoding' => 'gzip, deflate',
  'accept-language' => 'zh-CN,zh;q=0.8',
  'connection' => 'keep-alive',
  'cookie' => 'token=7892BDDA8F06E8B8B1D8143E68210EE3; PHPSESSID=hd318on0ammi7606uc5rs3ja03',
  'dnt' => '1',
  'host' => 'www.yi-23.com',
  'origin' => 'http://www.yi-23.com',
  'referer' => 'http://www.yi-23.com/',
  'user-agent' => 'Mozilla/5.0 (Windows NT 10.0; WOW64) AppleWebKit/537.36 (KHTML, like Gecko) Chrome/61.0.3163.100 Safari/537.36',
  'x-requested-with' => 'XMLHttpRequest',
)
[ info ] [ PARAM ] array (
)
[ info ] [ DB ] INIT mysql
[ info ] [ RUN ] app\index\controller\usermsg->classname[ /data/home/qxu1146510236/htdocs/application/index/controller/Usermsg.php ]
[ info ] [ LOG ] INIT File
---------------------------------------------------------------
[ 2018-04-13T10:49:49+08:00 ] 121.42.87.135 47.97.192.46 GET /
[ info ] www.yi-23.com/ [运行时间：0.034073s][吞吐率：29.35req/s] [内存消耗：2,287.98kb] [文件加载：40]
[ info ] [ LANG ] /data/home/qxu1146510236/htdocs/thinkphp/lang/zh-cn.php
[ info ] [ ROUTE ] array (
  'type' => 'module',
  'module' => 
  array (
    0 => '',
    1 => NULL,
    2 => NULL,
  ),
)
[ info ] [ HEADER ] array (
  'accept' => 'text/html, image/gif, image/jpeg, *; q=.2, */*; q=.2',
  'connection' => 'keep-alive',
  'host' => 'www.yi-23.com',
  'user-agent' => 'Mozilla/5.0 (X11; Ubuntu; Linux x86_64; rv:36.0) Gecko/20100101 Firefox/36.0',
)
[ info ] [ PARAM ] array (
)
[ info ] [ RUN ] app\index\controller\index->index[ /data/home/qxu1146510236/htdocs/application/index/controller/Index.php ]
[ info ] [ VIEW ] ./application/index/view/index/index.html [ array (
) ]
[ info ] [ LOG ] INIT File
---------------------------------------------------------------
[ 2018-04-13T11:14:51+08:00 ] 121.42.87.135 37.9.113.114 GET /
[ info ] yi-23.com/ [运行时间：0.731370s][吞吐率：1.37req/s] [内存消耗：2,288.22kb] [文件加载：40]
[ info ] [ LANG ] /data/home/qxu1146510236/htdocs/thinkphp/lang/zh-cn.php
[ info ] [ ROUTE ] array (
  'type' => 'module',
  'module' => 
  array (
    0 => '',
    1 => NULL,
    2 => NULL,
  ),
)
[ info ] [ HEADER ] array (
  'accept' => '*/*',
  'accept-encoding' => 'gzip,deflate',
  'connection' => 'Keep-Alive',
  'from' => 'support@search.yandex.ru',
  'host' => 'yi-23.com',
  'user-agent' => 'Mozilla/5.0 (compatible; YandexBot/3.0; +http://yandex.com/bots)',
)
[ info ] [ PARAM ] array (
)
[ info ] [ RUN ] app\index\controller\index->index[ /data/home/qxu1146510236/htdocs/application/index/controller/Index.php ]
[ info ] [ VIEW ] ./application/index/view/index/index.html [ array (
) ]
[ info ] [ LOG ] INIT File
---------------------------------------------------------------
[ 2018-04-13T13:44:13+08:00 ] 121.42.87.135 121.207.131.123 POST /public/index/Usermsg/opacity
[ info ] www.yi-23.com/public/index/Usermsg/opacity [运行时间：0.094779s][吞吐率：10.55req/s] [内存消耗：2,670.49kb] [文件加载：37]
[ info ] [ LANG ] /data/home/qxu1146510236/htdocs/thinkphp/lang/zh-cn.php
[ info ] [ ROUTE ] array (
  'type' => 'module',
  'module' => 
  array (
    0 => 'index',
    1 => 'Usermsg',
    2 => 'opacity',
  ),
)
[ info ] [ HEADER ] array (
  'content-length' => '10',
  'content-type' => 'application/x-www-form-urlencoded; charset=UTF-8',
  'accept' => 'application/json, text/javascript, */*; q=0.01',
  'accept-encoding' => 'gzip, deflate',
  'accept-language' => 'zh-CN,zh;q=0.8',
  'connection' => 'keep-alive',
  'cookie' => 'token=7892BDDA8F06E8B8B1D8143E68210EE3; PHPSESSID=hd318on0ammi7606uc5rs3ja03',
  'dnt' => '1',
  'host' => 'www.yi-23.com',
  'origin' => 'http://www.yi-23.com',
  'referer' => 'http://www.yi-23.com/',
  'user-agent' => 'Mozilla/5.0 (Windows NT 10.0; WOW64) AppleWebKit/537.36 (KHTML, like Gecko) Chrome/61.0.3163.100 Safari/537.36',
  'x-requested-with' => 'XMLHttpRequest',
)
[ info ] [ PARAM ] array (
  'opacity' => '29',
)
[ info ] [ DB ] INIT mysql
[ info ] [ RUN ] app\index\controller\usermsg->opacity[ /data/home/qxu1146510236/htdocs/application/index/controller/Usermsg.php ]
[ info ] [ LOG ] INIT File
---------------------------------------------------------------
[ 2018-04-13T13:44:16+08:00 ] 121.42.87.135 121.207.131.123 POST /public/index/Usermsg/opacity
[ info ] www.yi-23.com/public/index/Usermsg/opacity [运行时间：0.045120s][吞吐率：22.16req/s] [内存消耗：2,670.49kb] [文件加载：37]
[ info ] [ LANG ] /data/home/qxu1146510236/htdocs/thinkphp/lang/zh-cn.php
[ info ] [ ROUTE ] array (
  'type' => 'module',
  'module' => 
  array (
    0 => 'index',
    1 => 'Usermsg',
    2 => 'opacity',
  ),
)
[ info ] [ HEADER ] array (
  'content-length' => '10',
  'content-type' => 'application/x-www-form-urlencoded; charset=UTF-8',
  'accept' => 'application/json, text/javascript, */*; q=0.01',
  'accept-encoding' => 'gzip, deflate',
  'accept-language' => 'zh-CN,zh;q=0.8',
  'connection' => 'keep-alive',
  'cookie' => 'token=7892BDDA8F06E8B8B1D8143E68210EE3; PHPSESSID=hd318on0ammi7606uc5rs3ja03',
  'dnt' => '1',
  'host' => 'www.yi-23.com',
  'origin' => 'http://www.yi-23.com',
  'referer' => 'http://www.yi-23.com/',
  'user-agent' => 'Mozilla/5.0 (Windows NT 10.0; WOW64) AppleWebKit/537.36 (KHTML, like Gecko) Chrome/61.0.3163.100 Safari/537.36',
  'x-requested-with' => 'XMLHttpRequest',
)
[ info ] [ PARAM ] array (
  'opacity' => '87',
)
[ info ] [ DB ] INIT mysql
[ info ] [ RUN ] app\index\controller\usermsg->opacity[ /data/home/qxu1146510236/htdocs/application/index/controller/Usermsg.php ]
[ info ] [ LOG ] INIT File
---------------------------------------------------------------
[ 2018-04-13T13:44:19+08:00 ] 121.42.87.135 121.207.131.123 POST /public/index/Usermsg/opacity
[ info ] www.yi-23.com/public/index/Usermsg/opacity [运行时间：0.045975s][吞吐率：21.75req/s] [内存消耗：2,670.55kb] [文件加载：37]
[ info ] [ LANG ] /data/home/qxu1146510236/htdocs/thinkphp/lang/zh-cn.php
[ info ] [ ROUTE ] array (
  'type' => 'module',
  'module' => 
  array (
    0 => 'index',
    1 => 'Usermsg',
    2 => 'opacity',
  ),
)
[ info ] [ HEADER ] array (
  'content-length' => '9',
  'content-type' => 'application/x-www-form-urlencoded; charset=UTF-8',
  'accept' => 'application/json, text/javascript, */*; q=0.01',
  'accept-encoding' => 'gzip, deflate',
  'accept-language' => 'zh-CN,zh;q=0.8',
  'connection' => 'keep-alive',
  'cookie' => 'token=7892BDDA8F06E8B8B1D8143E68210EE3; PHPSESSID=hd318on0ammi7606uc5rs3ja03',
  'dnt' => '1',
  'host' => 'www.yi-23.com',
  'origin' => 'http://www.yi-23.com',
  'referer' => 'http://www.yi-23.com/',
  'user-agent' => 'Mozilla/5.0 (Windows NT 10.0; WOW64) AppleWebKit/537.36 (KHTML, like Gecko) Chrome/61.0.3163.100 Safari/537.36',
  'x-requested-with' => 'XMLHttpRequest',
)
[ info ] [ PARAM ] array (
  'opacity' => '0',
)
[ info ] [ DB ] INIT mysql
[ info ] [ RUN ] app\index\controller\usermsg->opacity[ /data/home/qxu1146510236/htdocs/application/index/controller/Usermsg.php ]
[ info ] [ LOG ] INIT File
---------------------------------------------------------------
[ 2018-04-13T15:55:17+08:00 ] 121.42.87.135 95.181.179.63 GET /
[ info ] YI-23.COM/ [运行时间：0.032614s][吞吐率：30.66req/s] [内存消耗：2,289.03kb] [文件加载：40]
[ info ] [ LANG ] /data/home/qxu1146510236/htdocs/thinkphp/lang/zh-cn.php
[ info ] [ ROUTE ] array (
  'type' => 'module',
  'module' => 
  array (
    0 => '',
    1 => NULL,
    2 => NULL,
  ),
)
[ info ] [ HEADER ] array (
  'accept' => 'text/xml,application/xml,application/xhtml+xml,text/html;q=0.9,text/plain;q=0.8,image/png,*/*;q=0.4',
  'accept-charset' => 'utf-8,windows-1251;q=0.7,*;q=0.7',
  'accept-encoding' => 'gzip',
  'accept-language' => 'en-us,en;q=0.6',
  'host' => 'YI-23.COM',
  'keep-alive' => '300',
  'user-agent' => 'Mozilla/5.0 (Windows NT 5.1) AppleWebKit/535.1 (KHTML, like Gecko) Chrome/14.0.810.0 Safari/535.1',
)
[ info ] [ PARAM ] array (
)
[ info ] [ RUN ] app\index\controller\index->index[ /data/home/qxu1146510236/htdocs/application/index/controller/Index.php ]
[ info ] [ VIEW ] ./application/index/view/index/index.html [ array (
) ]
[ info ] [ LOG ] INIT File
