---------------------------------------------------------------
[ 2018-01-04T00:17:08+08:00 ] 121.42.87.135 220.181.108.94 GET /
[ info ] www.yi-23.com/ [运行时间：0.051669s][吞吐率：19.35req/s] [内存消耗：2,288.55kb] [文件加载：40]
[ info ] [ LANG ] /data/home/qxu1146510236/htdocs/thinkphp/lang/zh-cn.php
[ info ] [ ROUTE ] array (
  'type' => 'module',
  'module' => 
  array (
    0 => '',
    1 => NULL,
    2 => NULL,
  ),
)
[ info ] [ HEADER ] array (
  'accept' => '*/*',
  'accept-encoding' => 'gzip',
  'accept-language' => 'zh-cn,zh-tw',
  'connection' => 'close',
  'host' => 'www.yi-23.com',
  'if-none-match' => '"@NULL@"',
  'user-agent' => 'Mozilla/5.0 (compatible; Baiduspider/2.0; +http://www.baidu.com/search/spider.html)',
)
[ info ] [ PARAM ] array (
)
[ info ] [ RUN ] app\index\controller\index->index[ /data/home/qxu1146510236/htdocs/application/index/controller/Index.php ]
[ info ] [ VIEW ] ./application/index/view/index/index.html [ array (
) ]
[ info ] [ LOG ] INIT File
---------------------------------------------------------------
[ 2018-01-04T01:38:24+08:00 ] 121.42.87.135 52.18.50.99 GET /
[ info ] yi-23.com/ [运行时间：0.032377s][吞吐率：30.89req/s] [内存消耗：2,287.88kb] [文件加载：40]
[ info ] [ LANG ] /data/home/qxu1146510236/htdocs/thinkphp/lang/zh-cn.php
[ info ] [ ROUTE ] array (
  'type' => 'module',
  'module' => 
  array (
    0 => '',
    1 => NULL,
    2 => NULL,
  ),
)
[ info ] [ HEADER ] array (
  'accept' => '*/*',
  'accept-encoding' => 'gzip, deflate',
  'host' => 'yi-23.com',
  'user-agent' => 'Mozilla/5.0 (Windows NT 6.2; WOW64) AppleWebKit/537.36 (KHTML, like Gecko) Chrome/30.0.1599.17 Safari/537.36',
)
[ info ] [ PARAM ] array (
)
[ info ] [ RUN ] app\index\controller\index->index[ /data/home/qxu1146510236/htdocs/application/index/controller/Index.php ]
[ info ] [ VIEW ] ./application/index/view/index/index.html [ array (
) ]
[ info ] [ LOG ] INIT File
---------------------------------------------------------------
[ 2018-01-04T01:38:27+08:00 ] 121.42.87.135 52.18.50.99 GET /public/index/index/login.html
[ info ] www.yi-23.com/public/index/index/login.html [运行时间：0.033373s][吞吐率：29.96req/s] [内存消耗：2,277.75kb] [文件加载：40]
[ info ] [ LANG ] /data/home/qxu1146510236/htdocs/thinkphp/lang/zh-cn.php
[ info ] [ ROUTE ] array (
  'type' => 'module',
  'module' => 
  array (
    0 => 'index',
    1 => 'index',
    2 => 'login',
  ),
)
[ info ] [ HEADER ] array (
  'accept' => '*/*',
  'accept-encoding' => 'gzip, deflate',
  'host' => 'www.yi-23.com',
  'user-agent' => 'Mozilla/5.0 (Windows NT 6.2; WOW64) AppleWebKit/537.36 (KHTML, like Gecko) Chrome/30.0.1599.17 Safari/537.36',
)
[ info ] [ PARAM ] array (
)
[ info ] [ RUN ] app\index\controller\index->login[ /data/home/qxu1146510236/htdocs/application/index/controller/Index.php ]
[ info ] [ VIEW ] /data/home/qxu1146510236/htdocs/public/../application/index/view/index/login.html [ array (
  0 => 'aaa',
) ]
[ info ] [ LOG ] INIT File
---------------------------------------------------------------
[ 2018-01-04T01:38:27+08:00 ] 121.42.87.135 52.18.50.99 GET /public/index/index/homepage.html
[ info ] www.yi-23.com/public/index/index/homepage.html [运行时间：0.032799s][吞吐率：30.49req/s] [内存消耗：2,294.05kb] [文件加载：40]
[ info ] [ LANG ] /data/home/qxu1146510236/htdocs/thinkphp/lang/zh-cn.php
[ info ] [ ROUTE ] array (
  'type' => 'module',
  'module' => 
  array (
    0 => 'index',
    1 => 'index',
    2 => 'homepage',
  ),
)
[ info ] [ HEADER ] array (
  'accept' => '*/*',
  'accept-encoding' => 'gzip, deflate',
  'cookie' => 'PHPSESSID=a9c67cvl83uja52v1mdpei4ip3',
  'host' => 'www.yi-23.com',
  'user-agent' => 'Mozilla/5.0 (Windows NT 6.2; WOW64) AppleWebKit/537.36 (KHTML, like Gecko) Chrome/30.0.1599.17 Safari/537.36',
)
[ info ] [ PARAM ] array (
)
[ info ] [ RUN ] app\index\controller\index->homepage[ /data/home/qxu1146510236/htdocs/application/index/controller/Index.php ]
[ info ] [ VIEW ] /data/home/qxu1146510236/htdocs/public/../application/index/view/index/homepage.html [ array (
  0 => 'aaa',
) ]
[ info ] [ LOG ] INIT File
---------------------------------------------------------------
[ 2018-01-04T01:38:28+08:00 ] 121.42.87.135 52.18.50.99 GET /public/index/index/feedback.html
[ info ] www.yi-23.com/public/index/index/feedback.html [运行时间：0.031487s][吞吐率：31.76req/s] [内存消耗：2,278.03kb] [文件加载：40]
[ info ] [ LANG ] /data/home/qxu1146510236/htdocs/thinkphp/lang/zh-cn.php
[ info ] [ ROUTE ] array (
  'type' => 'module',
  'module' => 
  array (
    0 => 'index',
    1 => 'index',
    2 => 'feedback',
  ),
)
[ info ] [ HEADER ] array (
  'accept' => '*/*',
  'accept-encoding' => 'gzip, deflate',
  'cookie' => 'PHPSESSID=a9c67cvl83uja52v1mdpei4ip3',
  'host' => 'www.yi-23.com',
  'user-agent' => 'Mozilla/5.0 (Windows NT 6.2; WOW64) AppleWebKit/537.36 (KHTML, like Gecko) Chrome/30.0.1599.17 Safari/537.36',
)
[ info ] [ PARAM ] array (
)
[ info ] [ RUN ] app\index\controller\index->feedback[ /data/home/qxu1146510236/htdocs/application/index/controller/Index.php ]
[ info ] [ VIEW ] /data/home/qxu1146510236/htdocs/public/../application/index/view/index/feedback.html [ array (
  0 => 'aaa',
) ]
[ info ] [ LOG ] INIT File
---------------------------------------------------------------
[ 2018-01-04T01:38:29+08:00 ] 121.42.87.135 52.18.50.99 GET /public/index/index/register.html
[ info ] www.yi-23.com/public/index/index/register.html [运行时间：0.031990s][吞吐率：31.26req/s] [内存消耗：2,278.02kb] [文件加载：40]
[ info ] [ LANG ] /data/home/qxu1146510236/htdocs/thinkphp/lang/zh-cn.php
[ info ] [ ROUTE ] array (
  'type' => 'module',
  'module' => 
  array (
    0 => 'index',
    1 => 'index',
    2 => 'register',
  ),
)
[ info ] [ HEADER ] array (
  'accept' => '*/*',
  'accept-encoding' => 'gzip, deflate',
  'cookie' => 'PHPSESSID=a9c67cvl83uja52v1mdpei4ip3',
  'host' => 'www.yi-23.com',
  'user-agent' => 'Mozilla/5.0 (Windows NT 6.2; WOW64) AppleWebKit/537.36 (KHTML, like Gecko) Chrome/30.0.1599.17 Safari/537.36',
)
[ info ] [ PARAM ] array (
)
[ info ] [ RUN ] app\index\controller\index->register[ /data/home/qxu1146510236/htdocs/application/index/controller/Index.php ]
[ info ] [ VIEW ] /data/home/qxu1146510236/htdocs/public/../application/index/view/index/register.html [ array (
  0 => 'aaa',
) ]
[ info ] [ LOG ] INIT File
---------------------------------------------------------------
[ 2018-01-04T03:16:14+08:00 ] 121.42.87.135 106.11.242.239 GET /
[ info ] www.yi-23.com/ [运行时间：0.031698s][吞吐率：31.55req/s] [内存消耗：2,288.87kb] [文件加载：40]
[ info ] [ LANG ] /data/home/qxu1146510236/htdocs/thinkphp/lang/zh-cn.php
[ info ] [ ROUTE ] array (
  'type' => 'module',
  'module' => 
  array (
    0 => '',
    1 => NULL,
    2 => NULL,
  ),
)
[ info ] [ HEADER ] array (
  'accept' => 'text/html, image/gif, image/jpeg, *; q=.2, */*; q=.2',
  'accept-encoding' => 'gzip',
  'cache-control' => 'no-cache',
  'connection' => 'keep-alive',
  'host' => 'www.yi-23.com',
  'pragma' => 'no-cache',
  'user-agent' => 'Mozilla/5.0 (iPad; CPU OS 9_1 like Mac OS X) AppleWebKit/601.1.46 (KHTML, like Gecko) Version/9.0 Mobile/13B143 Safari/601.1',
)
[ info ] [ PARAM ] array (
)
[ info ] [ RUN ] app\index\controller\index->index[ /data/home/qxu1146510236/htdocs/application/index/controller/Index.php ]
[ info ] [ VIEW ] ./application/index/view/index/index.html [ array (
) ]
[ info ] [ LOG ] INIT File
---------------------------------------------------------------
[ 2018-01-04T04:20:48+08:00 ] 121.42.87.135 173.211.125.244 GET /
[ info ] yi-23.com/ [运行时间：0.032290s][吞吐率：30.97req/s] [内存消耗：2,288.18kb] [文件加载：40]
[ info ] [ LANG ] /data/home/qxu1146510236/htdocs/thinkphp/lang/zh-cn.php
[ info ] [ ROUTE ] array (
  'type' => 'module',
  'module' => 
  array (
    0 => '',
    1 => NULL,
    2 => NULL,
  ),
)
[ info ] [ HEADER ] array (
  'accept' => '*/*',
  'accept-encoding' => 'gzip',
  'connection' => 'keep-alive',
  'host' => 'yi-23.com',
  'user-agent' => 'Mozilla/5.0 (Macintosh; Intel Mac OS X 10_12_5) AppleWebKit/537.36 (KHTML, like Gecko) Chrome/58.0.3029.110 Safari/537.36',
)
[ info ] [ PARAM ] array (
)
[ info ] [ RUN ] app\index\controller\index->index[ /data/home/qxu1146510236/htdocs/application/index/controller/Index.php ]
[ info ] [ VIEW ] ./application/index/view/index/index.html [ array (
) ]
[ info ] [ LOG ] INIT File
---------------------------------------------------------------
[ 2018-01-04T05:35:33+08:00 ] 121.42.87.135 111.206.36.9 GET /
[ info ] yi-23.com/ [运行时间：0.032922s][吞吐率：30.37req/s] [内存消耗：2,287.83kb] [文件加载：40]
[ info ] [ LANG ] /data/home/qxu1146510236/htdocs/thinkphp/lang/zh-cn.php
[ info ] [ ROUTE ] array (
  'type' => 'module',
  'module' => 
  array (
    0 => '',
    1 => NULL,
    2 => NULL,
  ),
)
[ info ] [ HEADER ] array (
  'connection' => 'close',
  'host' => 'yi-23.com',
  'user-agent' => 'Mozilla/5.0 (Macintosh; Intel Mac OS X 10_11_2) AppleWebKit/537.36 (KHTML, like Gecko) Chrome/47.0.2526.80 Safari/537.36',
)
[ info ] [ PARAM ] array (
)
[ info ] [ RUN ] app\index\controller\index->index[ /data/home/qxu1146510236/htdocs/application/index/controller/Index.php ]
[ info ] [ VIEW ] ./application/index/view/index/index.html [ array (
) ]
[ info ] [ LOG ] INIT File
---------------------------------------------------------------
[ 2018-01-04T09:03:37+08:00 ] 121.42.87.135 27.154.169.113 GET /
[ info ] www.yi-23.com/ [运行时间：0.032436s][吞吐率：30.83req/s] [内存消耗：2,272.63kb] [文件加载：39]
[ info ] [ LANG ] /data/home/qxu1146510236/htdocs/thinkphp/lang/zh-cn.php
[ info ] [ ROUTE ] array (
  'type' => 'module',
  'module' => 
  array (
    0 => '',
    1 => NULL,
    2 => NULL,
  ),
)
[ info ] [ HEADER ] array (
  'accept' => 'text/html,application/xhtml+xml,application/xml;q=0.9,image/webp,image/apng,*/*;q=0.8',
  'accept-encoding' => 'gzip, deflate',
  'accept-language' => 'zh-CN,zh;q=0.8',
  'connection' => 'keep-alive',
  'cookie' => 'token=7892BDDA8F06E8B8B1D8143E68210EE3',
  'dnt' => '1',
  'host' => 'www.yi-23.com',
  'upgrade-insecure-requests' => '1',
  'user-agent' => 'Mozilla/5.0 (Windows NT 10.0; WOW64) AppleWebKit/537.36 (KHTML, like Gecko) Chrome/61.0.3163.100 Safari/537.36',
)
[ info ] [ PARAM ] array (
)
[ info ] [ RUN ] app\index\controller\index->index[ /data/home/qxu1146510236/htdocs/application/index/controller/Index.php ]
[ info ] [ VIEW ] ./application/index/view/index/index.html [ array (
  0 => 'key',
  1 => 'aaa',
) ]
[ info ] [ LOG ] INIT File
---------------------------------------------------------------
[ 2018-01-04T09:03:38+08:00 ] 121.42.87.135 27.154.169.113 POST /public/admin/html/show
[ info ] www.yi-23.com/public/admin/html/show [运行时间：0.026167s][吞吐率：38.22req/s] [内存消耗：1,676.83kb] [文件加载：30]
[ info ] [ LANG ] /data/home/qxu1146510236/htdocs/thinkphp/lang/zh-cn.php
[ info ] [ ROUTE ] array (
  'type' => 'module',
  'module' => 
  array (
    0 => 'admin',
    1 => 'html',
    2 => 'show',
  ),
)
[ info ] [ HEADER ] array (
  'content-length' => '0',
  'accept' => 'application/json, text/javascript, */*; q=0.01',
  'accept-encoding' => 'gzip, deflate',
  'accept-language' => 'zh-CN,zh;q=0.8',
  'connection' => 'keep-alive',
  'cookie' => 'token=7892BDDA8F06E8B8B1D8143E68210EE3; PHPSESSID=f78f5noglhl0g92bqitg4st7j4',
  'dnt' => '1',
  'host' => 'www.yi-23.com',
  'origin' => 'http://www.yi-23.com',
  'referer' => 'http://www.yi-23.com/',
  'user-agent' => 'Mozilla/5.0 (Windows NT 10.0; WOW64) AppleWebKit/537.36 (KHTML, like Gecko) Chrome/61.0.3163.100 Safari/537.36',
  'x-requested-with' => 'XMLHttpRequest',
)
[ info ] [ PARAM ] array (
)
[ info ] [ RUN ] app\admin\controller\Html->show[ /data/home/qxu1146510236/htdocs/application/admin/controller/Html.php ]
[ info ] [ LOG ] INIT File
---------------------------------------------------------------
[ 2018-01-04T09:03:38+08:00 ] 121.42.87.135 27.154.169.113 POST /public/index/Usermsg/usermsg
[ info ] www.yi-23.com/public/index/Usermsg/usermsg [运行时间：0.065945s][吞吐率：15.16req/s] [内存消耗：2,863.63kb] [文件加载：37]
[ info ] [ LANG ] /data/home/qxu1146510236/htdocs/thinkphp/lang/zh-cn.php
[ info ] [ ROUTE ] array (
  'type' => 'module',
  'module' => 
  array (
    0 => 'index',
    1 => 'Usermsg',
    2 => 'usermsg',
  ),
)
[ info ] [ HEADER ] array (
  'content-length' => '0',
  'accept' => 'application/json, text/javascript, */*; q=0.01',
  'accept-encoding' => 'gzip, deflate',
  'accept-language' => 'zh-CN,zh;q=0.8',
  'connection' => 'keep-alive',
  'cookie' => 'token=7892BDDA8F06E8B8B1D8143E68210EE3; PHPSESSID=f78f5noglhl0g92bqitg4st7j4',
  'dnt' => '1',
  'host' => 'www.yi-23.com',
  'origin' => 'http://www.yi-23.com',
  'referer' => 'http://www.yi-23.com/',
  'user-agent' => 'Mozilla/5.0 (Windows NT 10.0; WOW64) AppleWebKit/537.36 (KHTML, like Gecko) Chrome/61.0.3163.100 Safari/537.36',
  'x-requested-with' => 'XMLHttpRequest',
)
[ info ] [ PARAM ] array (
)
[ info ] [ DB ] INIT mysql
[ info ] [ RUN ] app\index\controller\usermsg->usermsg[ /data/home/qxu1146510236/htdocs/application/index/controller/Usermsg.php ]
[ info ] [ LOG ] INIT File
---------------------------------------------------------------
[ 2018-01-04T09:03:38+08:00 ] 121.42.87.135 27.154.169.113 POST /public/admin/html/showimg
[ info ] www.yi-23.com/public/admin/html/showimg [运行时间：0.024624s][吞吐率：40.61req/s] [内存消耗：1,677.85kb] [文件加载：30]
[ info ] [ LANG ] /data/home/qxu1146510236/htdocs/thinkphp/lang/zh-cn.php
[ info ] [ ROUTE ] array (
  'type' => 'module',
  'module' => 
  array (
    0 => 'admin',
    1 => 'html',
    2 => 'showimg',
  ),
)
[ info ] [ HEADER ] array (
  'content-length' => '9',
  'content-type' => 'application/x-www-form-urlencoded; charset=UTF-8',
  'accept' => 'application/json, text/javascript, */*; q=0.01',
  'accept-encoding' => 'gzip, deflate',
  'accept-language' => 'zh-CN,zh;q=0.8',
  'connection' => 'keep-alive',
  'cookie' => 'token=7892BDDA8F06E8B8B1D8143E68210EE3; PHPSESSID=f78f5noglhl0g92bqitg4st7j4',
  'dnt' => '1',
  'host' => 'www.yi-23.com',
  'origin' => 'http://www.yi-23.com',
  'referer' => 'http://www.yi-23.com/',
  'user-agent' => 'Mozilla/5.0 (Windows NT 10.0; WOW64) AppleWebKit/537.36 (KHTML, like Gecko) Chrome/61.0.3163.100 Safari/537.36',
  'x-requested-with' => 'XMLHttpRequest',
)
[ info ] [ PARAM ] array (
  'key' => 'belle',
)
[ info ] [ RUN ] app\admin\controller\Html->showimg[ /data/home/qxu1146510236/htdocs/application/admin/controller/Html.php ]
[ info ] [ LOG ] INIT File
---------------------------------------------------------------
[ 2018-01-04T09:03:39+08:00 ] 121.42.87.135 27.154.169.113 POST /public/index/Usermsg/classname
[ info ] www.yi-23.com/public/index/Usermsg/classname [运行时间：0.047270s][吞吐率：21.16req/s] [内存消耗：3,058.70kb] [文件加载：37]
[ info ] [ LANG ] /data/home/qxu1146510236/htdocs/thinkphp/lang/zh-cn.php
[ info ] [ ROUTE ] array (
  'type' => 'module',
  'module' => 
  array (
    0 => 'index',
    1 => 'Usermsg',
    2 => 'classname',
  ),
)
[ info ] [ HEADER ] array (
  'content-length' => '0',
  'accept' => 'application/json, text/javascript, */*; q=0.01',
  'accept-encoding' => 'gzip, deflate',
  'accept-language' => 'zh-CN,zh;q=0.8',
  'connection' => 'keep-alive',
  'cookie' => 'token=7892BDDA8F06E8B8B1D8143E68210EE3; PHPSESSID=f78f5noglhl0g92bqitg4st7j4',
  'dnt' => '1',
  'host' => 'www.yi-23.com',
  'origin' => 'http://www.yi-23.com',
  'referer' => 'http://www.yi-23.com/',
  'user-agent' => 'Mozilla/5.0 (Windows NT 10.0; WOW64) AppleWebKit/537.36 (KHTML, like Gecko) Chrome/61.0.3163.100 Safari/537.36',
  'x-requested-with' => 'XMLHttpRequest',
)
[ info ] [ PARAM ] array (
)
[ info ] [ DB ] INIT mysql
[ info ] [ RUN ] app\index\controller\usermsg->classname[ /data/home/qxu1146510236/htdocs/application/index/controller/Usermsg.php ]
[ info ] [ LOG ] INIT File
---------------------------------------------------------------
[ 2018-01-04T09:14:59+08:00 ] 121.42.87.135 106.11.225.117 GET /
[ info ] yi-23.com/ [运行时间：0.031365s][吞吐率：31.88req/s] [内存消耗：2,288.95kb] [文件加载：40]
[ info ] [ LANG ] /data/home/qxu1146510236/htdocs/thinkphp/lang/zh-cn.php
[ info ] [ ROUTE ] array (
  'type' => 'module',
  'module' => 
  array (
    0 => '',
    1 => NULL,
    2 => NULL,
  ),
)
[ info ] [ HEADER ] array (
  'accept' => 'text/html, image/gif, image/jpeg, *; q=.2, */*; q=.2',
  'accept-encoding' => 'gzip',
  'cache-control' => 'no-cache',
  'connection' => 'keep-alive',
  'host' => 'yi-23.com',
  'pragma' => 'no-cache',
  'user-agent' => 'Mozilla/5.0 (iPad; CPU OS 9_1 like Mac OS X) AppleWebKit/601.1.46 (KHTML, like Gecko) Version/9.0 Mobile/13B143 Safari/601.1',
)
[ info ] [ PARAM ] array (
)
[ info ] [ RUN ] app\index\controller\index->index[ /data/home/qxu1146510236/htdocs/application/index/controller/Index.php ]
[ info ] [ VIEW ] ./application/index/view/index/index.html [ array (
) ]
[ info ] [ LOG ] INIT File
---------------------------------------------------------------
[ 2018-01-04T11:01:18+08:00 ] 121.42.87.135 203.208.60.143 GET /
[ info ] www.yi-23.com/ [运行时间：0.030959s][吞吐率：32.30req/s] [内存消耗：2,288.97kb] [文件加载：40]
[ info ] [ LANG ] /data/home/qxu1146510236/htdocs/thinkphp/lang/zh-cn.php
[ info ] [ ROUTE ] array (
  'type' => 'module',
  'module' => 
  array (
    0 => '',
    1 => NULL,
    2 => NULL,
  ),
)
[ info ] [ HEADER ] array (
  'accept' => 'text/html,application/xhtml+xml,application/xml;q=0.9,*/*;q=0.8',
  'accept-encoding' => 'gzip,deflate,br',
  'connection' => 'keep-alive',
  'from' => 'googlebot(at)googlebot.com',
  'host' => 'www.yi-23.com',
  'user-agent' => 'Mozilla/5.0 (Linux; Android 6.0.1; Nexus 5X Build/MMB29P) AppleWebKit/537.36 (KHTML, like Gecko) Chrome/41.0.2272.96 Mobile Safari/537.36 (compatible; Googlebot/2.1; +http://www.google.com/bot.html)',
)
[ info ] [ PARAM ] array (
)
[ info ] [ RUN ] app\index\controller\index->index[ /data/home/qxu1146510236/htdocs/application/index/controller/Index.php ]
[ info ] [ VIEW ] ./application/index/view/index/index.html [ array (
) ]
[ info ] [ LOG ] INIT File
---------------------------------------------------------------
[ 2018-01-04T11:28:21+08:00 ] 121.42.87.135 203.208.60.141 GET /
[ info ] www.yi-23.com/ [运行时间：0.031342s][吞吐率：31.91req/s] [内存消耗：2,288.41kb] [文件加载：40]
[ info ] [ LANG ] /data/home/qxu1146510236/htdocs/thinkphp/lang/zh-cn.php
[ info ] [ ROUTE ] array (
  'type' => 'module',
  'module' => 
  array (
    0 => '',
    1 => NULL,
    2 => NULL,
  ),
)
[ info ] [ HEADER ] array (
  'accept' => 'text/html,application/xhtml+xml,application/xml;q=0.9,*/*;q=0.8',
  'accept-encoding' => 'gzip,deflate,br',
  'connection' => 'keep-alive',
  'from' => 'googlebot(at)googlebot.com',
  'host' => 'www.yi-23.com',
  'user-agent' => 'Mozilla/5.0 (compatible; Googlebot/2.1; +http://www.google.com/bot.html)',
)
[ info ] [ PARAM ] array (
)
[ info ] [ RUN ] app\index\controller\index->index[ /data/home/qxu1146510236/htdocs/application/index/controller/Index.php ]
[ info ] [ VIEW ] ./application/index/view/index/index.html [ array (
) ]
[ info ] [ LOG ] INIT File
---------------------------------------------------------------
[ 2018-01-04T11:44:21+08:00 ] 121.42.87.135 203.208.60.143 POST /public/index/html/news
[ info ] www.yi-23.com/public/index/html/news [运行时间：0.160957s][吞吐率：6.21req/s] [内存消耗：2,283.30kb] [文件加载：39]
[ info ] [ LANG ] /data/home/qxu1146510236/htdocs/thinkphp/lang/zh-cn.php
[ info ] [ ROUTE ] array (
  'type' => 'module',
  'module' => 
  array (
    0 => 'index',
    1 => 'html',
    2 => 'news',
  ),
)
[ info ] [ HEADER ] array (
  'content-length' => '0',
  'accept' => '*/*,application/json, text/javascript, */*; q=0.01',
  'accept-encoding' => 'gzip,deflate,br',
  'accept-language' => 'en-US',
  'connection' => 'keep-alive',
  'cookie' => 'PHPSESSID=2k4ogmesedljukduoh7f438iq4',
  'from' => 'googlebot(at)googlebot.com',
  'host' => 'www.yi-23.com',
  'origin' => 'http://www.yi-23.com',
  'referer' => 'http://www.yi-23.com/',
  'user-agent' => 'Mozilla/5.0 (Linux; Android 6.0.1; Nexus 5X Build/MMB29P) AppleWebKit/537.36 (KHTML, like Gecko) Chrome/41.0.2272.96 Mobile Safari/537.36 (compatible; Googlebot/2.1; +http://www.google.com/bot.html)',
  'x-requested-with' => 'XMLHttpRequest',
)
[ info ] [ PARAM ] array (
)
[ info ] [ RUN ] app\index\controller\Html->news[ /data/home/qxu1146510236/htdocs/application/index/controller/Html.php ]
[ info ] [ LOG ] INIT File
---------------------------------------------------------------
[ 2018-01-04T12:52:48+08:00 ] 121.42.87.135 42.236.99.130 GET /
[ info ] www.yi-23.com/ [运行时间：0.031321s][吞吐率：31.93req/s] [内存消耗：2,289.23kb] [文件加载：40]
[ info ] [ LANG ] /data/home/qxu1146510236/htdocs/thinkphp/lang/zh-cn.php
[ info ] [ ROUTE ] array (
  'type' => 'module',
  'module' => 
  array (
    0 => '',
    1 => NULL,
    2 => NULL,
  ),
)
[ info ] [ HEADER ] array (
  'accept' => '*/*',
  'accept-encoding' => 'deflate, gzip',
  'accept-language' => 'zh-CN',
  'connection' => 'Keep-Alive',
  'cookie' => '',
  'host' => 'www.yi-23.com',
  'referer' => 'http://www.yi-23.com/',
  'user-agent' => 'Mozilla/5.0 (Windows NT 6.1; WOW64) AppleWebKit/537.36 (KHTML, like Gecko) Chrome/50.0.2661.102 Safari/537.36; 360Spider',
)
[ info ] [ PARAM ] array (
)
[ info ] [ RUN ] app\index\controller\index->index[ /data/home/qxu1146510236/htdocs/application/index/controller/Index.php ]
[ info ] [ VIEW ] ./application/index/view/index/index.html [ array (
) ]
[ info ] [ LOG ] INIT File
---------------------------------------------------------------
[ 2018-01-04T13:06:41+08:00 ] 121.42.87.135 113.108.10.15 GET /
[ info ] www.yi-23.com/ [运行时间：0.032111s][吞吐率：31.14req/s] [内存消耗：2,287.98kb] [文件加载：40]
[ info ] [ LANG ] /data/home/qxu1146510236/htdocs/thinkphp/lang/zh-cn.php
[ info ] [ ROUTE ] array (
  'type' => 'module',
  'module' => 
  array (
    0 => '',
    1 => NULL,
    2 => NULL,
  ),
)
[ info ] [ HEADER ] array (
  'accept' => '*/*',
  'accept-language' => 'zh-cn',
  'connection' => 'Keep-Alive',
  'host' => 'www.yi-23.com',
  'user-agent' => 'Mozilla/5.0 (compatible; MSIE 9.0; Windows NT 6.1; Trident/5.0)',
)
[ info ] [ PARAM ] array (
)
[ info ] [ RUN ] app\index\controller\index->index[ /data/home/qxu1146510236/htdocs/application/index/controller/Index.php ]
[ info ] [ VIEW ] ./application/index/view/index/index.html [ array (
) ]
[ info ] [ LOG ] INIT File
---------------------------------------------------------------
[ 2018-01-04T13:07:30+08:00 ] 121.42.87.135 58.16.228.98 GET /
[ info ] www.yi-23.com/ [运行时间：0.031396s][吞吐率：31.85req/s] [内存消耗：2,289.10kb] [文件加载：40]
[ info ] [ LANG ] /data/home/qxu1146510236/htdocs/thinkphp/lang/zh-cn.php
[ info ] [ ROUTE ] array (
  'type' => 'module',
  'module' => 
  array (
    0 => '',
    1 => NULL,
    2 => NULL,
  ),
)
[ info ] [ HEADER ] array (
  'accept' => 'text/html,application/xhtml+xml,application/xml;q=0.9,image/webp,*/*;q=0.8',
  'accept-encoding' => 'gzip, deflate, sdch',
  'accept-language' => 'zh-CN,zh;q=0.8',
  'connection' => 'keep-alive',
  'host' => 'www.yi-23.com',
  'upgrade-insecure-requests' => '1',
  'user-agent' => 'Mozilla/5.0 (Windows NT 6.1; WOW64) AppleWebKit/537.36 (KHTML, like Gecko) Chrome/44.0.2403.155 Safari/537.36',
)
[ info ] [ PARAM ] array (
)
[ info ] [ RUN ] app\index\controller\index->index[ /data/home/qxu1146510236/htdocs/application/index/controller/Index.php ]
[ info ] [ VIEW ] ./application/index/view/index/index.html [ array (
) ]
[ info ] [ LOG ] INIT File
---------------------------------------------------------------
[ 2018-01-04T13:07:35+08:00 ] 121.42.87.135 58.16.228.98 POST /public/admin/html/show
[ info ] www.yi-23.com/public/admin/html/show [运行时间：0.029575s][吞吐率：33.81req/s] [内存消耗：1,676.06kb] [文件加载：30]
[ info ] [ LANG ] /data/home/qxu1146510236/htdocs/thinkphp/lang/zh-cn.php
[ info ] [ ROUTE ] array (
  'type' => 'module',
  'module' => 
  array (
    0 => 'admin',
    1 => 'html',
    2 => 'show',
  ),
)
[ info ] [ HEADER ] array (
  'content-length' => '0',
  'accept' => 'application/json, text/javascript, */*; q=0.01',
  'accept-encoding' => 'gzip, deflate',
  'accept-language' => 'zh-CN,zh;q=0.8',
  'connection' => 'keep-alive',
  'cookie' => 'PHPSESSID=kobd5ss3nau0ugihmjhu4el4n7',
  'host' => 'www.yi-23.com',
  'origin' => 'http://www.yi-23.com',
  'referer' => 'http://www.yi-23.com/',
  'user-agent' => 'Mozilla/5.0 (Windows NT 6.1; WOW64) AppleWebKit/537.36 (KHTML, like Gecko) Chrome/44.0.2403.155 Safari/537.36',
  'x-requested-with' => 'XMLHttpRequest',
)
[ info ] [ PARAM ] array (
)
[ info ] [ RUN ] app\admin\controller\Html->show[ /data/home/qxu1146510236/htdocs/application/admin/controller/Html.php ]
[ info ] [ LOG ] INIT File
---------------------------------------------------------------
[ 2018-01-04T13:07:35+08:00 ] 121.42.87.135 58.16.228.98 POST /public/index/html/news
[ info ] www.yi-23.com/public/index/html/news [运行时间：0.174500s][吞吐率：5.73req/s] [内存消耗：2,282.69kb] [文件加载：39]
[ info ] [ LANG ] /data/home/qxu1146510236/htdocs/thinkphp/lang/zh-cn.php
[ info ] [ ROUTE ] array (
  'type' => 'module',
  'module' => 
  array (
    0 => 'index',
    1 => 'html',
    2 => 'news',
  ),
)
[ info ] [ HEADER ] array (
  'content-length' => '0',
  'accept' => 'application/json, text/javascript, */*; q=0.01',
  'accept-encoding' => 'gzip, deflate',
  'accept-language' => 'zh-CN,zh;q=0.8',
  'connection' => 'keep-alive',
  'cookie' => 'PHPSESSID=kobd5ss3nau0ugihmjhu4el4n7',
  'host' => 'www.yi-23.com',
  'origin' => 'http://www.yi-23.com',
  'referer' => 'http://www.yi-23.com/',
  'user-agent' => 'Mozilla/5.0 (Windows NT 6.1; WOW64) AppleWebKit/537.36 (KHTML, like Gecko) Chrome/44.0.2403.155 Safari/537.36',
  'x-requested-with' => 'XMLHttpRequest',
)
[ info ] [ PARAM ] array (
)
[ info ] [ RUN ] app\index\controller\Html->news[ /data/home/qxu1146510236/htdocs/application/index/controller/Html.php ]
[ info ] [ LOG ] INIT File
---------------------------------------------------------------
[ 2018-01-04T13:07:39+08:00 ] 121.42.87.135 58.16.228.98 POST /public/admin/html/showimg
[ info ] www.yi-23.com/public/admin/html/showimg [运行时间：0.023945s][吞吐率：41.76req/s] [内存消耗：1,677.36kb] [文件加载：30]
[ info ] [ LANG ] /data/home/qxu1146510236/htdocs/thinkphp/lang/zh-cn.php
[ info ] [ ROUTE ] array (
  'type' => 'module',
  'module' => 
  array (
    0 => 'admin',
    1 => 'html',
    2 => 'showimg',
  ),
)
[ info ] [ HEADER ] array (
  'content-length' => '9',
  'content-type' => 'application/x-www-form-urlencoded; charset=UTF-8',
  'accept' => 'application/json, text/javascript, */*; q=0.01',
  'accept-encoding' => 'gzip, deflate',
  'accept-language' => 'zh-CN,zh;q=0.8',
  'connection' => 'keep-alive',
  'cookie' => 'PHPSESSID=kobd5ss3nau0ugihmjhu4el4n7',
  'host' => 'www.yi-23.com',
  'origin' => 'http://www.yi-23.com',
  'referer' => 'http://www.yi-23.com/',
  'user-agent' => 'Mozilla/5.0 (Windows NT 6.1; WOW64) AppleWebKit/537.36 (KHTML, like Gecko) Chrome/44.0.2403.155 Safari/537.36',
  'x-requested-with' => 'XMLHttpRequest',
)
[ info ] [ PARAM ] array (
  'key' => 'belle',
)
[ info ] [ RUN ] app\admin\controller\Html->showimg[ /data/home/qxu1146510236/htdocs/application/admin/controller/Html.php ]
[ info ] [ LOG ] INIT File
---------------------------------------------------------------
[ 2018-01-04T13:07:40+08:00 ] 121.42.87.135 101.226.66.191 GET /
[ info ] www.yi-23.com/ [运行时间：0.032882s][吞吐率：30.41req/s] [内存消耗：2,288.70kb] [文件加载：40]
[ info ] [ LANG ] /data/home/qxu1146510236/htdocs/thinkphp/lang/zh-cn.php
[ info ] [ ROUTE ] array (
  'type' => 'module',
  'module' => 
  array (
    0 => '',
    1 => NULL,
    2 => NULL,
  ),
)
[ info ] [ HEADER ] array (
  'accept' => '*/*',
  'accept-encoding' => 'gzip, deflate, sdch, br',
  'accept-language' => 'zh-CN,zh;q=0.8,en-US;q=0.6,en;q=0.4',
  'connection' => 'keep-alive',
  'host' => 'www.yi-23.com',
  'user-agent' => 'Mozilla/5.0 (Windows NT 6.1; WOW64) AppleWebKit/537.36 (KHTML, like Gecko) Chrome/56.0.2924.87 Safari/537.36',
)
[ info ] [ PARAM ] array (
)
[ info ] [ RUN ] app\index\controller\index->index[ /data/home/qxu1146510236/htdocs/application/index/controller/Index.php ]
[ info ] [ VIEW ] ./application/index/view/index/index.html [ array (
) ]
[ info ] [ LOG ] INIT File
---------------------------------------------------------------
[ 2018-01-04T13:08:33+08:00 ] 121.42.87.135 120.204.17.73 GET /
[ info ] www.yi-23.com/ [运行时间：0.031764s][吞吐率：31.48req/s] [内存消耗：2,288.97kb] [文件加载：40]
[ info ] [ LANG ] /data/home/qxu1146510236/htdocs/thinkphp/lang/zh-cn.php
[ info ] [ ROUTE ] array (
  'type' => 'module',
  'module' => 
  array (
    0 => '',
    1 => NULL,
    2 => NULL,
  ),
)
[ info ] [ HEADER ] array (
  'accept' => '*/*',
  'accept-encoding' => 'gzip, deflate, sdch, br',
  'accept-language' => 'zh-CN,zh;q=0.8,en-US;q=0.6,en;q=0.4',
  'connection' => 'keep-alive',
  'host' => 'www.yi-23.com',
  'user-agent' => 'Mozilla/5.0 (iPhone; CPU iPhone OS 10_2_1 like Mac OS X) AppleWebKit/602.4.6 (KHTML, like Gecko) Mobile/14D27 QQ/6.6.9.412 V1_IPH_SQ_6.6.9_1_APP_A Pixel/750 Core/UIWebView NetType/WIFI',
)
[ info ] [ PARAM ] array (
)
[ info ] [ RUN ] app\index\controller\index->index[ /data/home/qxu1146510236/htdocs/application/index/controller/Index.php ]
[ info ] [ VIEW ] ./application/index/view/index/index.html [ array (
) ]
[ info ] [ LOG ] INIT File
---------------------------------------------------------------
[ 2018-01-04T13:10:45+08:00 ] 121.42.87.135 58.16.228.98 GET /
[ info ] www.yi-23.com/ [运行时间：0.032750s][吞吐率：30.53req/s] [内存消耗：2,289.34kb] [文件加载：40]
[ info ] [ LANG ] /data/home/qxu1146510236/htdocs/thinkphp/lang/zh-cn.php
[ info ] [ ROUTE ] array (
  'type' => 'module',
  'module' => 
  array (
    0 => '',
    1 => NULL,
    2 => NULL,
  ),
)
[ info ] [ HEADER ] array (
  'accept' => 'text/html,application/xhtml+xml,application/xml;q=0.9,image/webp,*/*;q=0.8',
  'accept-encoding' => 'gzip, deflate, sdch',
  'accept-language' => 'zh-CN,zh;q=0.8',
  'connection' => 'keep-alive',
  'cookie' => 'PHPSESSID=kobd5ss3nau0ugihmjhu4el4n7',
  'host' => 'www.yi-23.com',
  'upgrade-insecure-requests' => '1',
  'user-agent' => 'Mozilla/5.0 (Windows NT 6.1; WOW64) AppleWebKit/537.36 (KHTML, like Gecko) Chrome/44.0.2403.155 Safari/537.36',
)
[ info ] [ PARAM ] array (
)
[ info ] [ RUN ] app\index\controller\index->index[ /data/home/qxu1146510236/htdocs/application/index/controller/Index.php ]
[ info ] [ VIEW ] ./application/index/view/index/index.html [ array (
) ]
[ info ] [ LOG ] INIT File
---------------------------------------------------------------
[ 2018-01-04T13:10:46+08:00 ] 121.42.87.135 58.16.228.98 POST /public/admin/html/show
[ info ] www.yi-23.com/public/admin/html/show [运行时间：0.024394s][吞吐率：40.99req/s] [内存消耗：1,676.06kb] [文件加载：30]
[ info ] [ LANG ] /data/home/qxu1146510236/htdocs/thinkphp/lang/zh-cn.php
[ info ] [ ROUTE ] array (
  'type' => 'module',
  'module' => 
  array (
    0 => 'admin',
    1 => 'html',
    2 => 'show',
  ),
)
[ info ] [ HEADER ] array (
  'content-length' => '0',
  'accept' => 'application/json, text/javascript, */*; q=0.01',
  'accept-encoding' => 'gzip, deflate',
  'accept-language' => 'zh-CN,zh;q=0.8',
  'connection' => 'keep-alive',
  'cookie' => 'PHPSESSID=kobd5ss3nau0ugihmjhu4el4n7',
  'host' => 'www.yi-23.com',
  'origin' => 'http://www.yi-23.com',
  'referer' => 'http://www.yi-23.com/',
  'user-agent' => 'Mozilla/5.0 (Windows NT 6.1; WOW64) AppleWebKit/537.36 (KHTML, like Gecko) Chrome/44.0.2403.155 Safari/537.36',
  'x-requested-with' => 'XMLHttpRequest',
)
[ info ] [ PARAM ] array (
)
[ info ] [ RUN ] app\admin\controller\Html->show[ /data/home/qxu1146510236/htdocs/application/admin/controller/Html.php ]
[ info ] [ LOG ] INIT File
---------------------------------------------------------------
[ 2018-01-04T13:10:46+08:00 ] 121.42.87.135 58.16.228.98 POST /public/admin/html/showimg
[ info ] www.yi-23.com/public/admin/html/showimg [运行时间：0.025256s][吞吐率：39.59req/s] [内存消耗：1,677.36kb] [文件加载：30]
[ info ] [ LANG ] /data/home/qxu1146510236/htdocs/thinkphp/lang/zh-cn.php
[ info ] [ ROUTE ] array (
  'type' => 'module',
  'module' => 
  array (
    0 => 'admin',
    1 => 'html',
    2 => 'showimg',
  ),
)
[ info ] [ HEADER ] array (
  'content-length' => '9',
  'content-type' => 'application/x-www-form-urlencoded; charset=UTF-8',
  'accept' => 'application/json, text/javascript, */*; q=0.01',
  'accept-encoding' => 'gzip, deflate',
  'accept-language' => 'zh-CN,zh;q=0.8',
  'connection' => 'keep-alive',
  'cookie' => 'PHPSESSID=kobd5ss3nau0ugihmjhu4el4n7',
  'host' => 'www.yi-23.com',
  'origin' => 'http://www.yi-23.com',
  'referer' => 'http://www.yi-23.com/',
  'user-agent' => 'Mozilla/5.0 (Windows NT 6.1; WOW64) AppleWebKit/537.36 (KHTML, like Gecko) Chrome/44.0.2403.155 Safari/537.36',
  'x-requested-with' => 'XMLHttpRequest',
)
[ info ] [ PARAM ] array (
  'key' => 'belle',
)
[ info ] [ RUN ] app\admin\controller\Html->showimg[ /data/home/qxu1146510236/htdocs/application/admin/controller/Html.php ]
[ info ] [ LOG ] INIT File
---------------------------------------------------------------
[ 2018-01-04T13:12:17+08:00 ] 121.42.87.135 58.16.228.98 GET /
[ info ] www.yi-23.com/ [运行时间：0.034154s][吞吐率：29.28req/s] [内存消耗：2,289.66kb] [文件加载：40]
[ info ] [ LANG ] /data/home/qxu1146510236/htdocs/thinkphp/lang/zh-cn.php
[ info ] [ ROUTE ] array (
  'type' => 'module',
  'module' => 
  array (
    0 => '',
    1 => NULL,
    2 => NULL,
  ),
)
[ info ] [ HEADER ] array (
  'accept' => 'text/html,application/xhtml+xml,application/xml;q=0.9,image/webp,*/*;q=0.8',
  'accept-encoding' => 'gzip, deflate, sdch',
  'accept-language' => 'zh-CN,zh;q=0.8',
  'connection' => 'keep-alive',
  'cookie' => 'PHPSESSID=kobd5ss3nau0ugihmjhu4el4n7',
  'host' => 'www.yi-23.com',
  'referer' => 'http://www.00ym.cn/index.php/',
  'upgrade-insecure-requests' => '1',
  'user-agent' => 'Mozilla/5.0 (Windows NT 6.1; WOW64) AppleWebKit/537.36 (KHTML, like Gecko) Chrome/44.0.2403.155 Safari/537.36',
)
[ info ] [ PARAM ] array (
)
[ info ] [ RUN ] app\index\controller\index->index[ /data/home/qxu1146510236/htdocs/application/index/controller/Index.php ]
[ info ] [ VIEW ] ./application/index/view/index/index.html [ array (
) ]
[ info ] [ LOG ] INIT File
---------------------------------------------------------------
[ 2018-01-04T13:12:18+08:00 ] 121.42.87.135 58.16.228.98 POST /public/admin/html/show
[ info ] www.yi-23.com/public/admin/html/show [运行时间：0.024215s][吞吐率：41.30req/s] [内存消耗：1,676.06kb] [文件加载：30]
[ info ] [ LANG ] /data/home/qxu1146510236/htdocs/thinkphp/lang/zh-cn.php
[ info ] [ ROUTE ] array (
  'type' => 'module',
  'module' => 
  array (
    0 => 'admin',
    1 => 'html',
    2 => 'show',
  ),
)
[ info ] [ HEADER ] array (
  'content-length' => '0',
  'accept' => 'application/json, text/javascript, */*; q=0.01',
  'accept-encoding' => 'gzip, deflate',
  'accept-language' => 'zh-CN,zh;q=0.8',
  'connection' => 'keep-alive',
  'cookie' => 'PHPSESSID=kobd5ss3nau0ugihmjhu4el4n7',
  'host' => 'www.yi-23.com',
  'origin' => 'http://www.yi-23.com',
  'referer' => 'http://www.yi-23.com/',
  'user-agent' => 'Mozilla/5.0 (Windows NT 6.1; WOW64) AppleWebKit/537.36 (KHTML, like Gecko) Chrome/44.0.2403.155 Safari/537.36',
  'x-requested-with' => 'XMLHttpRequest',
)
[ info ] [ PARAM ] array (
)
[ info ] [ RUN ] app\admin\controller\Html->show[ /data/home/qxu1146510236/htdocs/application/admin/controller/Html.php ]
[ info ] [ LOG ] INIT File
---------------------------------------------------------------
[ 2018-01-04T13:12:18+08:00 ] 121.42.87.135 58.16.228.98 POST /public/admin/html/showimg
[ info ] www.yi-23.com/public/admin/html/showimg [运行时间：0.025909s][吞吐率：38.60req/s] [内存消耗：1,677.36kb] [文件加载：30]
[ info ] [ LANG ] /data/home/qxu1146510236/htdocs/thinkphp/lang/zh-cn.php
[ info ] [ ROUTE ] array (
  'type' => 'module',
  'module' => 
  array (
    0 => 'admin',
    1 => 'html',
    2 => 'showimg',
  ),
)
[ info ] [ HEADER ] array (
  'content-length' => '9',
  'content-type' => 'application/x-www-form-urlencoded; charset=UTF-8',
  'accept' => 'application/json, text/javascript, */*; q=0.01',
  'accept-encoding' => 'gzip, deflate',
  'accept-language' => 'zh-CN,zh;q=0.8',
  'connection' => 'keep-alive',
  'cookie' => 'PHPSESSID=kobd5ss3nau0ugihmjhu4el4n7',
  'host' => 'www.yi-23.com',
  'origin' => 'http://www.yi-23.com',
  'referer' => 'http://www.yi-23.com/',
  'user-agent' => 'Mozilla/5.0 (Windows NT 6.1; WOW64) AppleWebKit/537.36 (KHTML, like Gecko) Chrome/44.0.2403.155 Safari/537.36',
  'x-requested-with' => 'XMLHttpRequest',
)
[ info ] [ PARAM ] array (
  'key' => 'belle',
)
[ info ] [ RUN ] app\admin\controller\Html->showimg[ /data/home/qxu1146510236/htdocs/application/admin/controller/Html.php ]
[ info ] [ LOG ] INIT File
---------------------------------------------------------------
[ 2018-01-04T13:38:00+08:00 ] 121.42.87.135 123.136.177.93 GET /
[ info ] www.yi-23.com/ [运行时间：0.033713s][吞吐率：29.66req/s] [内存消耗：2,287.84kb] [文件加载：40]
[ info ] [ LANG ] /data/home/qxu1146510236/htdocs/thinkphp/lang/zh-cn.php
[ info ] [ ROUTE ] array (
  'type' => 'module',
  'module' => 
  array (
    0 => '',
    1 => NULL,
    2 => NULL,
  ),
)
[ info ] [ HEADER ] array (
  'accept' => '*/*',
  'connection' => 'Keep-Alive',
  'host' => 'www.yi-23.com',
  'user-agent' => 'Mozilla/5.0 (Windows NT 6.1; WOW64; rv:40.0) Gecko/20100101 Firefox/40.1',
)
[ info ] [ PARAM ] array (
)
[ info ] [ RUN ] app\index\controller\index->index[ /data/home/qxu1146510236/htdocs/application/index/controller/Index.php ]
[ info ] [ VIEW ] ./application/index/view/index/index.html [ array (
) ]
[ info ] [ LOG ] INIT File
---------------------------------------------------------------
[ 2018-01-04T13:38:12+08:00 ] 121.42.87.135 42.236.10.108 GET /public/index/index/feedback.html
[ info ] www.yi-23.com/public/index/index/feedback.html [运行时间：0.033207s][吞吐率：30.11req/s] [内存消耗：2,279.77kb] [文件加载：40]
[ info ] [ LANG ] /data/home/qxu1146510236/htdocs/thinkphp/lang/zh-cn.php
[ info ] [ ROUTE ] array (
  'type' => 'module',
  'module' => 
  array (
    0 => 'index',
    1 => 'index',
    2 => 'feedback',
  ),
)
[ info ] [ HEADER ] array (
  'accept' => '*/*',
  'accept-encoding' => 'deflate, gzip',
  'accept-language' => 'zh-CN',
  'connection' => 'Keep-Alive',
  'cookie' => '',
  'host' => 'www.yi-23.com',
  'referer' => 'http://www.yi-23.com/public/index/index/feedback.html',
  'user-agent' => 'Mozilla/5.0 (Windows NT 6.1; WOW64) AppleWebKit/537.36 (KHTML, like Gecko) Chrome/50.4.2661.102 Safari/537.36; 360Spider',
)
[ info ] [ PARAM ] array (
)
[ info ] [ RUN ] app\index\controller\index->feedback[ /data/home/qxu1146510236/htdocs/application/index/controller/Index.php ]
[ info ] [ VIEW ] /data/home/qxu1146510236/htdocs/public/../application/index/view/index/feedback.html [ array (
  0 => 'aaa',
) ]
[ info ] [ LOG ] INIT File
---------------------------------------------------------------
[ 2018-01-04T13:38:12+08:00 ] 121.42.87.135 42.236.10.109 GET /public/index/index/index.html
[ info ] www.yi-23.com/public/index/index/index.html [运行时间：0.038910s][吞吐率：25.70req/s] [内存消耗：2,506.19kb] [文件加载：43]
[ info ] [ LANG ] /data/home/qxu1146510236/htdocs/thinkphp/lang/zh-cn.php
[ info ] [ ROUTE ] array (
  'type' => 'module',
  'module' => 
  array (
    0 => 'index',
    1 => 'index',
    2 => 'index',
  ),
)
[ info ] [ HEADER ] array (
  'accept' => '*/*',
  'accept-encoding' => 'deflate, gzip',
  'accept-language' => 'zh-CN',
  'connection' => 'Keep-Alive',
  'cookie' => '',
  'host' => 'www.yi-23.com',
  'referer' => 'http://www.yi-23.com/public/index/index/index.html',
  'user-agent' => 'Mozilla/5.0 (Windows NT 6.1; WOW64) AppleWebKit/537.36 (KHTML, like Gecko) Chrome/50.0.2661.102 Safari/537.36; 360Spider',
)
[ info ] [ PARAM ] array (
)
[ info ] [ RUN ] app\index\controller\index->index[ /data/home/qxu1146510236/htdocs/application/index/controller/Index.php ]
[ info ] [ VIEW ] /data/home/qxu1146510236/htdocs/public/../application/index/view/index/index.html [ array (
) ]
[ info ] [ LOG ] INIT File
---------------------------------------------------------------
[ 2018-01-04T13:38:12+08:00 ] 121.42.87.135 42.236.10.110 GET /public/index/index/register.html
[ info ] www.yi-23.com/public/index/index/register.html [运行时间：0.038816s][吞吐率：25.76req/s] [内存消耗：2,279.71kb] [文件加载：40]
[ info ] [ LANG ] /data/home/qxu1146510236/htdocs/thinkphp/lang/zh-cn.php
[ info ] [ ROUTE ] array (
  'type' => 'module',
  'module' => 
  array (
    0 => 'index',
    1 => 'index',
    2 => 'register',
  ),
)
[ info ] [ HEADER ] array (
  'accept' => '*/*',
  'accept-encoding' => 'deflate, gzip',
  'accept-language' => 'zh-CN',
  'connection' => 'Keep-Alive',
  'cookie' => '',
  'host' => 'www.yi-23.com',
  'referer' => 'http://www.yi-23.com/public/index/index/register.html',
  'user-agent' => 'Mozilla/5.0 (Windows NT 6.1; WOW64) AppleWebKit/537.36 (KHTML, like Gecko) Chrome/50.0.2661.102 Safari/537.36; 360Spider',
)
[ info ] [ PARAM ] array (
)
[ info ] [ RUN ] app\index\controller\index->register[ /data/home/qxu1146510236/htdocs/application/index/controller/Index.php ]
[ info ] [ VIEW ] /data/home/qxu1146510236/htdocs/public/../application/index/view/index/register.html [ array (
  0 => 'aaa',
) ]
[ info ] [ LOG ] INIT File
---------------------------------------------------------------
[ 2018-01-04T13:38:12+08:00 ] 121.42.87.135 180.153.236.125 GET /public/index/index/homepage.html
[ info ] www.yi-23.com/public/index/index/homepage.html [运行时间：0.038994s][吞吐率：25.65req/s] [内存消耗：2,295.73kb] [文件加载：40]
[ info ] [ LANG ] /data/home/qxu1146510236/htdocs/thinkphp/lang/zh-cn.php
[ info ] [ ROUTE ] array (
  'type' => 'module',
  'module' => 
  array (
    0 => 'index',
    1 => 'index',
    2 => 'homepage',
  ),
)
[ info ] [ HEADER ] array (
  'accept' => '*/*',
  'accept-encoding' => 'deflate, gzip',
  'accept-language' => 'zh-CN',
  'connection' => 'Keep-Alive',
  'cookie' => '',
  'host' => 'www.yi-23.com',
  'referer' => 'http://www.yi-23.com/public/index/index/homepage.html',
  'user-agent' => 'Mozilla/5.0 (Windows NT 6.1; WOW64) AppleWebKit/537.36 (KHTML, like Gecko) Chrome/50.2.2661.102 Safari/537.36; 360Spider',
)
[ info ] [ PARAM ] array (
)
[ info ] [ RUN ] app\index\controller\index->homepage[ /data/home/qxu1146510236/htdocs/application/index/controller/Index.php ]
[ info ] [ VIEW ] /data/home/qxu1146510236/htdocs/public/../application/index/view/index/homepage.html [ array (
  0 => 'aaa',
) ]
[ info ] [ LOG ] INIT File
---------------------------------------------------------------
[ 2018-01-04T13:38:13+08:00 ] 121.42.87.135 180.153.234.145 GET /
[ info ] www.yi-23.com/ [运行时间：0.033427s][吞吐率：29.92req/s] [内存消耗：2,289.23kb] [文件加载：40]
[ info ] [ LANG ] /data/home/qxu1146510236/htdocs/thinkphp/lang/zh-cn.php
[ info ] [ ROUTE ] array (
  'type' => 'module',
  'module' => 
  array (
    0 => '',
    1 => NULL,
    2 => NULL,
  ),
)
[ info ] [ HEADER ] array (
  'accept' => '*/*',
  'accept-encoding' => 'deflate, gzip',
  'accept-language' => 'zh-CN',
  'connection' => 'Keep-Alive',
  'cookie' => '',
  'host' => 'www.yi-23.com',
  'referer' => 'http://www.yi-23.com/',
  'user-agent' => 'Mozilla/5.0 (Windows NT 6.1; WOW64) AppleWebKit/537.36 (KHTML, like Gecko) Chrome/50.2.2661.102 Safari/537.36; 360Spider',
)
[ info ] [ PARAM ] array (
)
[ info ] [ RUN ] app\index\controller\index->index[ /data/home/qxu1146510236/htdocs/application/index/controller/Index.php ]
[ info ] [ VIEW ] ./application/index/view/index/index.html [ array (
) ]
[ info ] [ LOG ] INIT File
---------------------------------------------------------------
[ 2018-01-04T14:03:38+08:00 ] 121.42.87.135 109.172.210.48 GET /
[ info ] www.yi-23.com/ [运行时间：0.031473s][吞吐率：31.77req/s] [内存消耗：2,287.84kb] [文件加载：40]
[ info ] [ LANG ] /data/home/qxu1146510236/htdocs/thinkphp/lang/zh-cn.php
[ info ] [ ROUTE ] array (
  'type' => 'module',
  'module' => 
  array (
    0 => '',
    1 => NULL,
    2 => NULL,
  ),
)
[ info ] [ HEADER ] array (
  'accept' => '*/*',
  'connection' => 'Keep-Alive',
  'host' => 'www.yi-23.com',
  'user-agent' => 'Mozilla/5.0 (Windows NT 6.1; WOW64; rv:40.0) Gecko/20100101 Firefox/40.1',
)
[ info ] [ PARAM ] array (
)
[ info ] [ RUN ] app\index\controller\index->index[ /data/home/qxu1146510236/htdocs/application/index/controller/Index.php ]
[ info ] [ VIEW ] ./application/index/view/index/index.html [ array (
) ]
[ info ] [ LOG ] INIT File
---------------------------------------------------------------
[ 2018-01-04T14:36:47+08:00 ] 121.42.87.135 186.230.20.243 GET /
[ info ] www.yi-23.com/ [运行时间：0.030982s][吞吐率：32.28req/s] [内存消耗：2,287.84kb] [文件加载：40]
[ info ] [ LANG ] /data/home/qxu1146510236/htdocs/thinkphp/lang/zh-cn.php
[ info ] [ ROUTE ] array (
  'type' => 'module',
  'module' => 
  array (
    0 => '',
    1 => NULL,
    2 => NULL,
  ),
)
[ info ] [ HEADER ] array (
  'accept' => '*/*',
  'connection' => 'Keep-Alive',
  'host' => 'www.yi-23.com',
  'user-agent' => 'Mozilla/5.0 (Windows NT 6.1; WOW64; rv:40.0) Gecko/20100101 Firefox/40.1',
)
[ info ] [ PARAM ] array (
)
[ info ] [ RUN ] app\index\controller\index->index[ /data/home/qxu1146510236/htdocs/application/index/controller/Index.php ]
[ info ] [ VIEW ] ./application/index/view/index/index.html [ array (
) ]
[ info ] [ LOG ] INIT File
---------------------------------------------------------------
[ 2018-01-04T15:14:26+08:00 ] 121.42.87.135 106.212.186.5 GET /
[ info ] www.yi-23.com/ [运行时间：0.030588s][吞吐率：32.69req/s] [内存消耗：2,287.84kb] [文件加载：40]
[ info ] [ LANG ] /data/home/qxu1146510236/htdocs/thinkphp/lang/zh-cn.php
[ info ] [ ROUTE ] array (
  'type' => 'module',
  'module' => 
  array (
    0 => '',
    1 => NULL,
    2 => NULL,
  ),
)
[ info ] [ HEADER ] array (
  'accept' => '*/*',
  'connection' => 'Keep-Alive',
  'host' => 'www.yi-23.com',
  'user-agent' => 'Mozilla/5.0 (Windows NT 6.1; WOW64; rv:40.0) Gecko/20100101 Firefox/40.1',
)
[ info ] [ PARAM ] array (
)
[ info ] [ RUN ] app\index\controller\index->index[ /data/home/qxu1146510236/htdocs/application/index/controller/Index.php ]
[ info ] [ VIEW ] ./application/index/view/index/index.html [ array (
) ]
[ info ] [ LOG ] INIT File
---------------------------------------------------------------
[ 2018-01-04T15:32:21+08:00 ] 121.42.87.135 223.131.43.203 GET /
[ info ] www.yi-23.com/ [运行时间：0.033005s][吞吐率：30.30req/s] [内存消耗：2,287.84kb] [文件加载：40]
[ info ] [ LANG ] /data/home/qxu1146510236/htdocs/thinkphp/lang/zh-cn.php
[ info ] [ ROUTE ] array (
  'type' => 'module',
  'module' => 
  array (
    0 => '',
    1 => NULL,
    2 => NULL,
  ),
)
[ info ] [ HEADER ] array (
  'accept' => '*/*',
  'connection' => 'Keep-Alive',
  'host' => 'www.yi-23.com',
  'user-agent' => 'Mozilla/5.0 (Windows NT 6.1; WOW64; rv:40.0) Gecko/20100101 Firefox/40.1',
)
[ info ] [ PARAM ] array (
)
[ info ] [ RUN ] app\index\controller\index->index[ /data/home/qxu1146510236/htdocs/application/index/controller/Index.php ]
[ info ] [ VIEW ] ./application/index/view/index/index.html [ array (
) ]
[ info ] [ LOG ] INIT File
---------------------------------------------------------------
[ 2018-01-04T15:50:34+08:00 ] 121.42.87.135 111.32.49.245 GET /
[ info ] www.yi-23.com/ [运行时间：0.032036s][吞吐率：31.22req/s] [内存消耗：2,287.84kb] [文件加载：40]
[ info ] [ LANG ] /data/home/qxu1146510236/htdocs/thinkphp/lang/zh-cn.php
[ info ] [ ROUTE ] array (
  'type' => 'module',
  'module' => 
  array (
    0 => '',
    1 => NULL,
    2 => NULL,
  ),
)
[ info ] [ HEADER ] array (
  'accept' => '*/*',
  'connection' => 'Keep-Alive',
  'host' => 'www.yi-23.com',
  'user-agent' => 'Mozilla/5.0 (Windows NT 6.1; WOW64; rv:40.0) Gecko/20100101 Firefox/40.1',
)
[ info ] [ PARAM ] array (
)
[ info ] [ RUN ] app\index\controller\index->index[ /data/home/qxu1146510236/htdocs/application/index/controller/Index.php ]
[ info ] [ VIEW ] ./application/index/view/index/index.html [ array (
) ]
[ info ] [ LOG ] INIT File
---------------------------------------------------------------
[ 2018-01-04T15:55:47+08:00 ] 121.42.87.135 46.246.141.114 GET /
[ info ] www.yi-23.com/ [运行时间：0.032423s][吞吐率：30.84req/s] [内存消耗：2,287.84kb] [文件加载：40]
[ info ] [ LANG ] /data/home/qxu1146510236/htdocs/thinkphp/lang/zh-cn.php
[ info ] [ ROUTE ] array (
  'type' => 'module',
  'module' => 
  array (
    0 => '',
    1 => NULL,
    2 => NULL,
  ),
)
[ info ] [ HEADER ] array (
  'accept' => '*/*',
  'connection' => 'Keep-Alive',
  'host' => 'www.yi-23.com',
  'user-agent' => 'Mozilla/5.0 (Windows NT 6.1; WOW64; rv:40.0) Gecko/20100101 Firefox/40.1',
)
[ info ] [ PARAM ] array (
)
[ info ] [ RUN ] app\index\controller\index->index[ /data/home/qxu1146510236/htdocs/application/index/controller/Index.php ]
[ info ] [ VIEW ] ./application/index/view/index/index.html [ array (
) ]
[ info ] [ LOG ] INIT File
---------------------------------------------------------------
[ 2018-01-04T15:56:07+08:00 ] 121.42.87.135 111.91.228.47 GET /
[ info ] www.yi-23.com/ [运行时间：0.032484s][吞吐率：30.78req/s] [内存消耗：2,287.84kb] [文件加载：40]
[ info ] [ LANG ] /data/home/qxu1146510236/htdocs/thinkphp/lang/zh-cn.php
[ info ] [ ROUTE ] array (
  'type' => 'module',
  'module' => 
  array (
    0 => '',
    1 => NULL,
    2 => NULL,
  ),
)
[ info ] [ HEADER ] array (
  'accept' => '*/*',
  'connection' => 'Keep-Alive',
  'host' => 'www.yi-23.com',
  'user-agent' => 'Mozilla/5.0 (Windows NT 6.1; WOW64; rv:40.0) Gecko/20100101 Firefox/40.1',
)
[ info ] [ PARAM ] array (
)
[ info ] [ RUN ] app\index\controller\index->index[ /data/home/qxu1146510236/htdocs/application/index/controller/Index.php ]
[ info ] [ VIEW ] ./application/index/view/index/index.html [ array (
) ]
[ info ] [ LOG ] INIT File
---------------------------------------------------------------
[ 2018-01-04T16:48:00+08:00 ] 121.42.87.135 109.74.201.61 HEAD /
[ info ] yi-23.com/ [运行时间：0.032280s][吞吐率：30.98req/s] [内存消耗：2,287.71kb] [文件加载：40]
[ info ] [ LANG ] /data/home/qxu1146510236/htdocs/thinkphp/lang/zh-cn.php
[ info ] [ ROUTE ] array (
  'type' => 'module',
  'module' => 
  array (
    0 => '',
    1 => NULL,
    2 => NULL,
  ),
)
[ info ] [ HEADER ] array (
  'accept' => '*/*',
  'accept-encoding' => 'gzip, deflate',
  'connection' => 'keep-alive',
  'host' => 'yi-23.com',
  'user-agent' => 'python-requests/2.18.4',
)
[ info ] [ PARAM ] array (
)
[ info ] [ RUN ] app\index\controller\index->index[ /data/home/qxu1146510236/htdocs/application/index/controller/Index.php ]
[ info ] [ VIEW ] ./application/index/view/index/index.html [ array (
) ]
[ info ] [ LOG ] INIT File
---------------------------------------------------------------
[ 2018-01-04T16:56:18+08:00 ] 121.42.87.135 220.72.167.193 GET /
[ info ] www.yi-23.com/ [运行时间：0.031210s][吞吐率：32.04req/s] [内存消耗：2,287.84kb] [文件加载：40]
[ info ] [ LANG ] /data/home/qxu1146510236/htdocs/thinkphp/lang/zh-cn.php
[ info ] [ ROUTE ] array (
  'type' => 'module',
  'module' => 
  array (
    0 => '',
    1 => NULL,
    2 => NULL,
  ),
)
[ info ] [ HEADER ] array (
  'accept' => '*/*',
  'connection' => 'Keep-Alive',
  'host' => 'www.yi-23.com',
  'user-agent' => 'Mozilla/5.0 (Windows NT 6.1; WOW64; rv:40.0) Gecko/20100101 Firefox/40.1',
)
[ info ] [ PARAM ] array (
)
[ info ] [ RUN ] app\index\controller\index->index[ /data/home/qxu1146510236/htdocs/application/index/controller/Index.php ]
[ info ] [ VIEW ] ./application/index/view/index/index.html [ array (
) ]
[ info ] [ LOG ] INIT File
---------------------------------------------------------------
[ 2018-01-04T17:34:36+08:00 ] 121.42.87.135 178.79.159.184 HEAD /
[ info ] yi-23.com/ [运行时间：0.030939s][吞吐率：32.32req/s] [内存消耗：2,287.71kb] [文件加载：40]
[ info ] [ LANG ] /data/home/qxu1146510236/htdocs/thinkphp/lang/zh-cn.php
[ info ] [ ROUTE ] array (
  'type' => 'module',
  'module' => 
  array (
    0 => '',
    1 => NULL,
    2 => NULL,
  ),
)
[ info ] [ HEADER ] array (
  'accept' => '*/*',
  'accept-encoding' => 'gzip, deflate',
  'connection' => 'keep-alive',
  'host' => 'yi-23.com',
  'user-agent' => 'python-requests/2.18.4',
)
[ info ] [ PARAM ] array (
)
[ info ] [ RUN ] app\index\controller\index->index[ /data/home/qxu1146510236/htdocs/application/index/controller/Index.php ]
[ info ] [ VIEW ] ./application/index/view/index/index.html [ array (
) ]
[ info ] [ LOG ] INIT File
---------------------------------------------------------------
[ 2018-01-04T18:17:21+08:00 ] 121.42.87.135 119.235.95.127 GET /
[ info ] www.yi-23.com/ [运行时间：0.032737s][吞吐率：30.55req/s] [内存消耗：2,287.84kb] [文件加载：40]
[ info ] [ LANG ] /data/home/qxu1146510236/htdocs/thinkphp/lang/zh-cn.php
[ info ] [ ROUTE ] array (
  'type' => 'module',
  'module' => 
  array (
    0 => '',
    1 => NULL,
    2 => NULL,
  ),
)
[ info ] [ HEADER ] array (
  'accept' => '*/*',
  'connection' => 'Keep-Alive',
  'host' => 'www.yi-23.com',
  'user-agent' => 'Mozilla/5.0 (Windows NT 6.1; WOW64; rv:40.0) Gecko/20100101 Firefox/40.1',
)
[ info ] [ PARAM ] array (
)
[ info ] [ RUN ] app\index\controller\index->index[ /data/home/qxu1146510236/htdocs/application/index/controller/Index.php ]
[ info ] [ VIEW ] ./application/index/view/index/index.html [ array (
) ]
[ info ] [ LOG ] INIT File
---------------------------------------------------------------
[ 2018-01-04T18:21:39+08:00 ] 121.42.87.135 122.167.221.198 GET /
[ info ] www.yi-23.com/ [运行时间：0.030792s][吞吐率：32.48req/s] [内存消耗：2,287.84kb] [文件加载：40]
[ info ] [ LANG ] /data/home/qxu1146510236/htdocs/thinkphp/lang/zh-cn.php
[ info ] [ ROUTE ] array (
  'type' => 'module',
  'module' => 
  array (
    0 => '',
    1 => NULL,
    2 => NULL,
  ),
)
[ info ] [ HEADER ] array (
  'accept' => '*/*',
  'connection' => 'Keep-Alive',
  'host' => 'www.yi-23.com',
  'user-agent' => 'Mozilla/5.0 (Windows NT 6.1; WOW64; rv:40.0) Gecko/20100101 Firefox/40.1',
)
[ info ] [ PARAM ] array (
)
[ info ] [ RUN ] app\index\controller\index->index[ /data/home/qxu1146510236/htdocs/application/index/controller/Index.php ]
[ info ] [ VIEW ] ./application/index/view/index/index.html [ array (
) ]
[ info ] [ LOG ] INIT File
---------------------------------------------------------------
[ 2018-01-04T18:23:05+08:00 ] 121.42.87.135 104.131.23.120 GET /
[ info ] www.yi-23.com/ [运行时间：0.032941s][吞吐率：30.36req/s] [内存消耗：2,288.95kb] [文件加载：40]
[ info ] [ LANG ] /data/home/qxu1146510236/htdocs/thinkphp/lang/zh-cn.php
[ info ] [ ROUTE ] array (
  'type' => 'module',
  'module' => 
  array (
    0 => '',
    1 => NULL,
    2 => NULL,
  ),
)
[ info ] [ HEADER ] array (
  'accept' => 'text/xml,application/xml,application/xhtml+xml,text/html;q=0.9,text/plain;q=0.8,image/png,*/*;q=0.5',
  'accept-charset' => 'ISO-8859-1,utf-8;q=0.7,*;q=0.7',
  'accept-encoding' => 'identity',
  'accept-language' => 'en-gb,en;q=0.5',
  'connection' => 'close',
  'host' => 'www.yi-23.com',
  'user-agent' => 'Mozilla/5.0 (compatible; NetcraftSurveyAgent/1.0; +info@netcraft.com)',
)
[ info ] [ PARAM ] array (
)
[ info ] [ RUN ] app\index\controller\index->index[ /data/home/qxu1146510236/htdocs/application/index/controller/Index.php ]
[ info ] [ VIEW ] ./application/index/view/index/index.html [ array (
) ]
[ info ] [ LOG ] INIT File
---------------------------------------------------------------
[ 2018-01-04T18:43:49+08:00 ] 121.42.87.135 14.232.227.152 GET /
[ info ] www.yi-23.com/ [运行时间：0.031624s][吞吐率：31.62req/s] [内存消耗：2,287.84kb] [文件加载：40]
[ info ] [ LANG ] /data/home/qxu1146510236/htdocs/thinkphp/lang/zh-cn.php
[ info ] [ ROUTE ] array (
  'type' => 'module',
  'module' => 
  array (
    0 => '',
    1 => NULL,
    2 => NULL,
  ),
)
[ info ] [ HEADER ] array (
  'accept' => '*/*',
  'connection' => 'Keep-Alive',
  'host' => 'www.yi-23.com',
  'user-agent' => 'Mozilla/5.0 (Windows NT 6.1; WOW64; rv:40.0) Gecko/20100101 Firefox/40.1',
)
[ info ] [ PARAM ] array (
)
[ info ] [ RUN ] app\index\controller\index->index[ /data/home/qxu1146510236/htdocs/application/index/controller/Index.php ]
[ info ] [ VIEW ] ./application/index/view/index/index.html [ array (
) ]
[ info ] [ LOG ] INIT File
---------------------------------------------------------------
[ 2018-01-04T19:03:59+08:00 ] 121.42.87.135 180.3.118.165 GET /
[ info ] www.yi-23.com/ [运行时间：0.031582s][吞吐率：31.66req/s] [内存消耗：2,287.84kb] [文件加载：40]
[ info ] [ LANG ] /data/home/qxu1146510236/htdocs/thinkphp/lang/zh-cn.php
[ info ] [ ROUTE ] array (
  'type' => 'module',
  'module' => 
  array (
    0 => '',
    1 => NULL,
    2 => NULL,
  ),
)
[ info ] [ HEADER ] array (
  'accept' => '*/*',
  'connection' => 'Keep-Alive',
  'host' => 'www.yi-23.com',
  'user-agent' => 'Mozilla/5.0 (Windows NT 6.1; WOW64; rv:40.0) Gecko/20100101 Firefox/40.1',
)
[ info ] [ PARAM ] array (
)
[ info ] [ RUN ] app\index\controller\index->index[ /data/home/qxu1146510236/htdocs/application/index/controller/Index.php ]
[ info ] [ VIEW ] ./application/index/view/index/index.html [ array (
) ]
[ info ] [ LOG ] INIT File
---------------------------------------------------------------
[ 2018-01-04T19:53:32+08:00 ] 121.42.87.135 122.15.152.179 GET /
[ info ] www.yi-23.com/ [运行时间：0.031607s][吞吐率：31.64req/s] [内存消耗：2,287.84kb] [文件加载：40]
[ info ] [ LANG ] /data/home/qxu1146510236/htdocs/thinkphp/lang/zh-cn.php
[ info ] [ ROUTE ] array (
  'type' => 'module',
  'module' => 
  array (
    0 => '',
    1 => NULL,
    2 => NULL,
  ),
)
[ info ] [ HEADER ] array (
  'accept' => '*/*',
  'connection' => 'Keep-Alive',
  'host' => 'www.yi-23.com',
  'user-agent' => 'Mozilla/5.0 (Windows NT 6.1; WOW64; rv:40.0) Gecko/20100101 Firefox/40.1',
)
[ info ] [ PARAM ] array (
)
[ info ] [ RUN ] app\index\controller\index->index[ /data/home/qxu1146510236/htdocs/application/index/controller/Index.php ]
[ info ] [ VIEW ] ./application/index/view/index/index.html [ array (
) ]
[ info ] [ LOG ] INIT File
---------------------------------------------------------------
[ 2018-01-04T20:03:47+08:00 ] 121.42.87.135 185.185.61.242 GET /
[ info ] www.yi-23.com/ [运行时间：0.032435s][吞吐率：30.83req/s] [内存消耗：2,288.73kb] [文件加载：40]
[ info ] [ LANG ] /data/home/qxu1146510236/htdocs/thinkphp/lang/zh-cn.php
[ info ] [ ROUTE ] array (
  'type' => 'module',
  'module' => 
  array (
    0 => '',
    1 => NULL,
    2 => NULL,
  ),
)
[ info ] [ HEADER ] array (
  'accept' => '*/*',
  'cache-control' => 'max-age=259200',
  'connection' => 'keep-alive',
  'host' => 'www.yi-23.com',
  'user-agent' => 'Mozilla/5.0 (Windows NT 6.1; WOW64; rv:40.0) Gecko/20100101 Firefox/40.1',
  'via' => '1.1 localhost (squid/3.3.10)',
  'x-forwarded-for' => '192.168.11.11',
)
[ info ] [ PARAM ] array (
)
[ info ] [ RUN ] app\index\controller\index->index[ /data/home/qxu1146510236/htdocs/application/index/controller/Index.php ]
[ info ] [ VIEW ] ./application/index/view/index/index.html [ array (
) ]
[ info ] [ LOG ] INIT File
---------------------------------------------------------------
[ 2018-01-04T20:23:11+08:00 ] 121.42.87.135 115.132.250.147 GET /
[ info ] www.yi-23.com/ [运行时间：0.031752s][吞吐率：31.49req/s] [内存消耗：2,287.84kb] [文件加载：40]
[ info ] [ LANG ] /data/home/qxu1146510236/htdocs/thinkphp/lang/zh-cn.php
[ info ] [ ROUTE ] array (
  'type' => 'module',
  'module' => 
  array (
    0 => '',
    1 => NULL,
    2 => NULL,
  ),
)
[ info ] [ HEADER ] array (
  'accept' => '*/*',
  'connection' => 'Keep-Alive',
  'host' => 'www.yi-23.com',
  'user-agent' => 'Mozilla/5.0 (Windows NT 6.1; WOW64; rv:40.0) Gecko/20100101 Firefox/40.1',
)
[ info ] [ PARAM ] array (
)
[ info ] [ RUN ] app\index\controller\index->index[ /data/home/qxu1146510236/htdocs/application/index/controller/Index.php ]
[ info ] [ VIEW ] ./application/index/view/index/index.html [ array (
) ]
[ info ] [ LOG ] INIT File
---------------------------------------------------------------
[ 2018-01-04T20:26:35+08:00 ] 121.42.87.135 60.52.8.22 GET /
[ info ] www.yi-23.com/ [运行时间：0.031230s][吞吐率：32.02req/s] [内存消耗：2,287.84kb] [文件加载：40]
[ info ] [ LANG ] /data/home/qxu1146510236/htdocs/thinkphp/lang/zh-cn.php
[ info ] [ ROUTE ] array (
  'type' => 'module',
  'module' => 
  array (
    0 => '',
    1 => NULL,
    2 => NULL,
  ),
)
[ info ] [ HEADER ] array (
  'accept' => '*/*',
  'connection' => 'Keep-Alive',
  'host' => 'www.yi-23.com',
  'user-agent' => 'Mozilla/5.0 (Windows NT 6.1; WOW64; rv:40.0) Gecko/20100101 Firefox/40.1',
)
[ info ] [ PARAM ] array (
)
[ info ] [ RUN ] app\index\controller\index->index[ /data/home/qxu1146510236/htdocs/application/index/controller/Index.php ]
[ info ] [ VIEW ] ./application/index/view/index/index.html [ array (
) ]
[ info ] [ LOG ] INIT File
---------------------------------------------------------------
[ 2018-01-04T20:57:07+08:00 ] 121.42.87.135 175.140.17.227 GET /
[ info ] www.yi-23.com/ [运行时间：0.036068s][吞吐率：27.73req/s] [内存消耗：2,287.84kb] [文件加载：40]
[ info ] [ LANG ] /data/home/qxu1146510236/htdocs/thinkphp/lang/zh-cn.php
[ info ] [ ROUTE ] array (
  'type' => 'module',
  'module' => 
  array (
    0 => '',
    1 => NULL,
    2 => NULL,
  ),
)
[ info ] [ HEADER ] array (
  'accept' => '*/*',
  'connection' => 'Keep-Alive',
  'host' => 'www.yi-23.com',
  'user-agent' => 'Mozilla/5.0 (Windows NT 6.1; WOW64; rv:40.0) Gecko/20100101 Firefox/40.1',
)
[ info ] [ PARAM ] array (
)
[ info ] [ RUN ] app\index\controller\index->index[ /data/home/qxu1146510236/htdocs/application/index/controller/Index.php ]
[ info ] [ VIEW ] ./application/index/view/index/index.html [ array (
) ]
[ info ] [ LOG ] INIT File
---------------------------------------------------------------
[ 2018-01-04T21:09:49+08:00 ] 121.42.87.135 180.88.77.194 GET /
[ info ] www.yi-23.com/ [运行时间：0.033532s][吞吐率：29.82req/s] [内存消耗：2,272.53kb] [文件加载：39]
[ info ] [ LANG ] /data/home/qxu1146510236/htdocs/thinkphp/lang/zh-cn.php
[ info ] [ ROUTE ] array (
  'type' => 'module',
  'module' => 
  array (
    0 => '',
    1 => NULL,
    2 => NULL,
  ),
)
[ info ] [ HEADER ] array (
  'accept' => 'text/html,application/xhtml+xml,application/xml;q=0.9,image/webp,image/apng,*/*;q=0.8',
  'accept-encoding' => 'gzip, deflate',
  'accept-language' => 'zh-CN,zh;q=0.8',
  'connection' => 'keep-alive',
  'cookie' => 'token=7892BDDA8F06E8B8B1D8143E68210EE3; PHPSESSID=auiinhi3uqbpj9sku2qn3nmga5',
  'host' => 'www.yi-23.com',
  'upgrade-insecure-requests' => '1',
  'user-agent' => 'Mozilla/5.0 (Windows NT 10.0; WOW64) AppleWebKit/537.36 (KHTML, like Gecko) Chrome/60.0.3112.101 Safari/537.36',
)
[ info ] [ PARAM ] array (
)
[ info ] [ RUN ] app\index\controller\index->index[ /data/home/qxu1146510236/htdocs/application/index/controller/Index.php ]
[ info ] [ VIEW ] ./application/index/view/index/index.html [ array (
  0 => 'key',
  1 => 'aaa',
) ]
[ info ] [ LOG ] INIT File
---------------------------------------------------------------
[ 2018-01-04T21:09:50+08:00 ] 121.42.87.135 180.88.77.194 POST /public/index/Usermsg/usermsg
[ info ] www.yi-23.com/public/index/Usermsg/usermsg [运行时间：0.065842s][吞吐率：15.19req/s] [内存消耗：2,863.62kb] [文件加载：37]
[ info ] [ LANG ] /data/home/qxu1146510236/htdocs/thinkphp/lang/zh-cn.php
[ info ] [ ROUTE ] array (
  'type' => 'module',
  'module' => 
  array (
    0 => 'index',
    1 => 'Usermsg',
    2 => 'usermsg',
  ),
)
[ info ] [ HEADER ] array (
  'content-length' => '0',
  'accept' => 'application/json, text/javascript, */*; q=0.01',
  'accept-encoding' => 'gzip, deflate',
  'accept-language' => 'zh-CN,zh;q=0.8',
  'connection' => 'keep-alive',
  'cookie' => 'token=7892BDDA8F06E8B8B1D8143E68210EE3; PHPSESSID=auiinhi3uqbpj9sku2qn3nmga5',
  'host' => 'www.yi-23.com',
  'origin' => 'http://www.yi-23.com',
  'referer' => 'http://www.yi-23.com/',
  'user-agent' => 'Mozilla/5.0 (Windows NT 10.0; WOW64) AppleWebKit/537.36 (KHTML, like Gecko) Chrome/60.0.3112.101 Safari/537.36',
  'x-requested-with' => 'XMLHttpRequest',
)
[ info ] [ PARAM ] array (
)
[ info ] [ DB ] INIT mysql
[ info ] [ RUN ] app\index\controller\usermsg->usermsg[ /data/home/qxu1146510236/htdocs/application/index/controller/Usermsg.php ]
[ info ] [ LOG ] INIT File
---------------------------------------------------------------
[ 2018-01-04T21:09:50+08:00 ] 121.42.87.135 180.88.77.194 POST /public/admin/html/show
[ info ] www.yi-23.com/public/admin/html/show [运行时间：0.026730s][吞吐率：37.41req/s] [内存消耗：1,676.45kb] [文件加载：30]
[ info ] [ LANG ] /data/home/qxu1146510236/htdocs/thinkphp/lang/zh-cn.php
[ info ] [ ROUTE ] array (
  'type' => 'module',
  'module' => 
  array (
    0 => 'admin',
    1 => 'html',
    2 => 'show',
  ),
)
[ info ] [ HEADER ] array (
  'content-length' => '0',
  'accept' => 'application/json, text/javascript, */*; q=0.01',
  'accept-encoding' => 'gzip, deflate',
  'accept-language' => 'zh-CN,zh;q=0.8',
  'connection' => 'keep-alive',
  'cookie' => 'token=7892BDDA8F06E8B8B1D8143E68210EE3; PHPSESSID=auiinhi3uqbpj9sku2qn3nmga5',
  'host' => 'www.yi-23.com',
  'origin' => 'http://www.yi-23.com',
  'referer' => 'http://www.yi-23.com/',
  'user-agent' => 'Mozilla/5.0 (Windows NT 10.0; WOW64) AppleWebKit/537.36 (KHTML, like Gecko) Chrome/60.0.3112.101 Safari/537.36',
  'x-requested-with' => 'XMLHttpRequest',
)
[ info ] [ PARAM ] array (
)
[ info ] [ RUN ] app\admin\controller\Html->show[ /data/home/qxu1146510236/htdocs/application/admin/controller/Html.php ]
[ info ] [ LOG ] INIT File
---------------------------------------------------------------
[ 2018-01-04T21:09:50+08:00 ] 121.42.87.135 180.88.77.194 POST /public/index/Usermsg/classname
[ info ] www.yi-23.com/public/index/Usermsg/classname [运行时间：0.047174s][吞吐率：21.20req/s] [内存消耗：3,058.16kb] [文件加载：37]
[ info ] [ LANG ] /data/home/qxu1146510236/htdocs/thinkphp/lang/zh-cn.php
[ info ] [ ROUTE ] array (
  'type' => 'module',
  'module' => 
  array (
    0 => 'index',
    1 => 'Usermsg',
    2 => 'classname',
  ),
)
[ info ] [ HEADER ] array (
  'content-length' => '0',
  'accept' => 'application/json, text/javascript, */*; q=0.01',
  'accept-encoding' => 'gzip, deflate',
  'accept-language' => 'zh-CN,zh;q=0.8',
  'connection' => 'keep-alive',
  'cookie' => 'token=7892BDDA8F06E8B8B1D8143E68210EE3; PHPSESSID=auiinhi3uqbpj9sku2qn3nmga5',
  'host' => 'www.yi-23.com',
  'origin' => 'http://www.yi-23.com',
  'referer' => 'http://www.yi-23.com/',
  'user-agent' => 'Mozilla/5.0 (Windows NT 10.0; WOW64) AppleWebKit/537.36 (KHTML, like Gecko) Chrome/60.0.3112.101 Safari/537.36',
  'x-requested-with' => 'XMLHttpRequest',
)
[ info ] [ PARAM ] array (
)
[ info ] [ DB ] INIT mysql
[ info ] [ RUN ] app\index\controller\usermsg->classname[ /data/home/qxu1146510236/htdocs/application/index/controller/Usermsg.php ]
[ info ] [ LOG ] INIT File
---------------------------------------------------------------
[ 2018-01-04T21:09:50+08:00 ] 121.42.87.135 180.88.77.194 POST /public/admin/html/showimg
[ info ] www.yi-23.com/public/admin/html/showimg [运行时间：0.025527s][吞吐率：39.17req/s] [内存消耗：1,677.44kb] [文件加载：30]
[ info ] [ LANG ] /data/home/qxu1146510236/htdocs/thinkphp/lang/zh-cn.php
[ info ] [ ROUTE ] array (
  'type' => 'module',
  'module' => 
  array (
    0 => 'admin',
    1 => 'html',
    2 => 'showimg',
  ),
)
[ info ] [ HEADER ] array (
  'content-length' => '9',
  'content-type' => 'application/x-www-form-urlencoded; charset=UTF-8',
  'accept' => 'application/json, text/javascript, */*; q=0.01',
  'accept-encoding' => 'gzip, deflate',
  'accept-language' => 'zh-CN,zh;q=0.8',
  'connection' => 'keep-alive',
  'cookie' => 'token=7892BDDA8F06E8B8B1D8143E68210EE3; PHPSESSID=auiinhi3uqbpj9sku2qn3nmga5',
  'host' => 'www.yi-23.com',
  'origin' => 'http://www.yi-23.com',
  'referer' => 'http://www.yi-23.com/',
  'user-agent' => 'Mozilla/5.0 (Windows NT 10.0; WOW64) AppleWebKit/537.36 (KHTML, like Gecko) Chrome/60.0.3112.101 Safari/537.36',
  'x-requested-with' => 'XMLHttpRequest',
)
[ info ] [ PARAM ] array (
  'key' => 'belle',
)
[ info ] [ RUN ] app\admin\controller\Html->showimg[ /data/home/qxu1146510236/htdocs/application/admin/controller/Html.php ]
[ info ] [ LOG ] INIT File
---------------------------------------------------------------
[ 2018-01-04T21:15:25+08:00 ] 121.42.87.135 42.117.128.118 GET /
[ info ] www.yi-23.com/ [运行时间：0.032779s][吞吐率：30.51req/s] [内存消耗：2,287.84kb] [文件加载：40]
[ info ] [ LANG ] /data/home/qxu1146510236/htdocs/thinkphp/lang/zh-cn.php
[ info ] [ ROUTE ] array (
  'type' => 'module',
  'module' => 
  array (
    0 => '',
    1 => NULL,
    2 => NULL,
  ),
)
[ info ] [ HEADER ] array (
  'accept' => '*/*',
  'connection' => 'Keep-Alive',
  'host' => 'www.yi-23.com',
  'user-agent' => 'Mozilla/5.0 (Windows NT 6.1; WOW64; rv:40.0) Gecko/20100101 Firefox/40.1',
)
[ info ] [ PARAM ] array (
)
[ info ] [ RUN ] app\index\controller\index->index[ /data/home/qxu1146510236/htdocs/application/index/controller/Index.php ]
[ info ] [ VIEW ] ./application/index/view/index/index.html [ array (
) ]
[ info ] [ LOG ] INIT File
---------------------------------------------------------------
[ 2018-01-04T21:26:01+08:00 ] 121.42.87.135 78.96.247.151 GET /
[ info ] www.yi-23.com/ [运行时间：0.031227s][吞吐率：32.02req/s] [内存消耗：2,287.84kb] [文件加载：40]
[ info ] [ LANG ] /data/home/qxu1146510236/htdocs/thinkphp/lang/zh-cn.php
[ info ] [ ROUTE ] array (
  'type' => 'module',
  'module' => 
  array (
    0 => '',
    1 => NULL,
    2 => NULL,
  ),
)
[ info ] [ HEADER ] array (
  'accept' => '*/*',
  'connection' => 'Keep-Alive',
  'host' => 'www.yi-23.com',
  'user-agent' => 'Mozilla/5.0 (Windows NT 6.1; WOW64; rv:40.0) Gecko/20100101 Firefox/40.1',
)
[ info ] [ PARAM ] array (
)
[ info ] [ RUN ] app\index\controller\index->index[ /data/home/qxu1146510236/htdocs/application/index/controller/Index.php ]
[ info ] [ VIEW ] ./application/index/view/index/index.html [ array (
) ]
[ info ] [ LOG ] INIT File
---------------------------------------------------------------
[ 2018-01-04T21:26:16+08:00 ] 121.42.87.135 1.200.201.61 GET /
[ info ] www.yi-23.com/ [运行时间：0.030886s][吞吐率：32.38req/s] [内存消耗：2,287.84kb] [文件加载：40]
[ info ] [ LANG ] /data/home/qxu1146510236/htdocs/thinkphp/lang/zh-cn.php
[ info ] [ ROUTE ] array (
  'type' => 'module',
  'module' => 
  array (
    0 => '',
    1 => NULL,
    2 => NULL,
  ),
)
[ info ] [ HEADER ] array (
  'accept' => '*/*',
  'connection' => 'Keep-Alive',
  'host' => 'www.yi-23.com',
  'user-agent' => 'Mozilla/5.0 (Windows NT 6.1; WOW64; rv:40.0) Gecko/20100101 Firefox/40.1',
)
[ info ] [ PARAM ] array (
)
[ info ] [ RUN ] app\index\controller\index->index[ /data/home/qxu1146510236/htdocs/application/index/controller/Index.php ]
[ info ] [ VIEW ] ./application/index/view/index/index.html [ array (
) ]
[ info ] [ LOG ] INIT File
---------------------------------------------------------------
[ 2018-01-04T21:33:12+08:00 ] 121.42.87.135 1.94.41.198 GET /
[ info ] www.yi-23.com/ [运行时间：0.030785s][吞吐率：32.48req/s] [内存消耗：2,287.84kb] [文件加载：40]
[ info ] [ LANG ] /data/home/qxu1146510236/htdocs/thinkphp/lang/zh-cn.php
[ info ] [ ROUTE ] array (
  'type' => 'module',
  'module' => 
  array (
    0 => '',
    1 => NULL,
    2 => NULL,
  ),
)
[ info ] [ HEADER ] array (
  'accept' => '*/*',
  'connection' => 'Keep-Alive',
  'host' => 'www.yi-23.com',
  'user-agent' => 'Mozilla/5.0 (Windows NT 6.1; WOW64; rv:40.0) Gecko/20100101 Firefox/40.1',
)
[ info ] [ PARAM ] array (
)
[ info ] [ RUN ] app\index\controller\index->index[ /data/home/qxu1146510236/htdocs/application/index/controller/Index.php ]
[ info ] [ VIEW ] ./application/index/view/index/index.html [ array (
) ]
[ info ] [ LOG ] INIT File
---------------------------------------------------------------
[ 2018-01-04T21:42:54+08:00 ] 121.42.87.135 203.187.228.29 GET /
[ info ] www.yi-23.com/ [运行时间：0.031582s][吞吐率：31.66req/s] [内存消耗：2,287.84kb] [文件加载：40]
[ info ] [ LANG ] /data/home/qxu1146510236/htdocs/thinkphp/lang/zh-cn.php
[ info ] [ ROUTE ] array (
  'type' => 'module',
  'module' => 
  array (
    0 => '',
    1 => NULL,
    2 => NULL,
  ),
)
[ info ] [ HEADER ] array (
  'accept' => '*/*',
  'connection' => 'Keep-Alive',
  'host' => 'www.yi-23.com',
  'user-agent' => 'Mozilla/5.0 (Windows NT 6.1; WOW64; rv:40.0) Gecko/20100101 Firefox/40.1',
)
[ info ] [ PARAM ] array (
)
[ info ] [ RUN ] app\index\controller\index->index[ /data/home/qxu1146510236/htdocs/application/index/controller/Index.php ]
[ info ] [ VIEW ] ./application/index/view/index/index.html [ array (
) ]
[ info ] [ LOG ] INIT File
---------------------------------------------------------------
[ 2018-01-04T22:05:01+08:00 ] 121.42.87.135 180.88.77.194 GET /
[ info ] www.yi-23.com/ [运行时间：0.031354s][吞吐率：31.89req/s] [内存消耗：2,272.58kb] [文件加载：39]
[ info ] [ LANG ] /data/home/qxu1146510236/htdocs/thinkphp/lang/zh-cn.php
[ info ] [ ROUTE ] array (
  'type' => 'module',
  'module' => 
  array (
    0 => '',
    1 => NULL,
    2 => NULL,
  ),
)
[ info ] [ HEADER ] array (
  'accept' => 'text/html,application/xhtml+xml,application/xml;q=0.9,image/webp,image/apng,*/*;q=0.8',
  'accept-encoding' => 'gzip, deflate',
  'accept-language' => 'zh-CN,zh;q=0.8',
  'connection' => 'keep-alive',
  'cookie' => 'token=7892BDDA8F06E8B8B1D8143E68210EE3',
  'host' => 'www.yi-23.com',
  'upgrade-insecure-requests' => '1',
  'user-agent' => 'Mozilla/5.0 (Windows NT 10.0; WOW64) AppleWebKit/537.36 (KHTML, like Gecko) Chrome/60.0.3112.101 Safari/537.36',
)
[ info ] [ PARAM ] array (
)
[ info ] [ RUN ] app\index\controller\index->index[ /data/home/qxu1146510236/htdocs/application/index/controller/Index.php ]
[ info ] [ VIEW ] ./application/index/view/index/index.html [ array (
  0 => 'key',
  1 => 'aaa',
) ]
[ info ] [ LOG ] INIT File
---------------------------------------------------------------
[ 2018-01-04T22:05:02+08:00 ] 121.42.87.135 180.88.77.194 POST /public/index/Usermsg/usermsg
[ info ] www.yi-23.com/public/index/Usermsg/usermsg [运行时间：0.045793s][吞吐率：21.84req/s] [内存消耗：2,863.62kb] [文件加载：37]
[ info ] [ LANG ] /data/home/qxu1146510236/htdocs/thinkphp/lang/zh-cn.php
[ info ] [ ROUTE ] array (
  'type' => 'module',
  'module' => 
  array (
    0 => 'index',
    1 => 'Usermsg',
    2 => 'usermsg',
  ),
)
[ info ] [ HEADER ] array (
  'content-length' => '0',
  'accept' => 'application/json, text/javascript, */*; q=0.01',
  'accept-encoding' => 'gzip, deflate',
  'accept-language' => 'zh-CN,zh;q=0.8',
  'connection' => 'keep-alive',
  'cookie' => 'token=7892BDDA8F06E8B8B1D8143E68210EE3; PHPSESSID=p7rutpjdr37acttkjjm82v3mp7',
  'host' => 'www.yi-23.com',
  'origin' => 'http://www.yi-23.com',
  'referer' => 'http://www.yi-23.com/',
  'user-agent' => 'Mozilla/5.0 (Windows NT 10.0; WOW64) AppleWebKit/537.36 (KHTML, like Gecko) Chrome/60.0.3112.101 Safari/537.36',
  'x-requested-with' => 'XMLHttpRequest',
)
[ info ] [ PARAM ] array (
)
[ info ] [ DB ] INIT mysql
[ info ] [ RUN ] app\index\controller\usermsg->usermsg[ /data/home/qxu1146510236/htdocs/application/index/controller/Usermsg.php ]
[ info ] [ LOG ] INIT File
---------------------------------------------------------------
[ 2018-01-04T22:05:02+08:00 ] 121.42.87.135 180.88.77.194 POST /public/admin/html/show
[ info ] www.yi-23.com/public/admin/html/show [运行时间：0.023156s][吞吐率：43.19req/s] [内存消耗：1,676.45kb] [文件加载：30]
[ info ] [ LANG ] /data/home/qxu1146510236/htdocs/thinkphp/lang/zh-cn.php
[ info ] [ ROUTE ] array (
  'type' => 'module',
  'module' => 
  array (
    0 => 'admin',
    1 => 'html',
    2 => 'show',
  ),
)
[ info ] [ HEADER ] array (
  'content-length' => '0',
  'accept' => 'application/json, text/javascript, */*; q=0.01',
  'accept-encoding' => 'gzip, deflate',
  'accept-language' => 'zh-CN,zh;q=0.8',
  'connection' => 'keep-alive',
  'cookie' => 'token=7892BDDA8F06E8B8B1D8143E68210EE3; PHPSESSID=p7rutpjdr37acttkjjm82v3mp7',
  'host' => 'www.yi-23.com',
  'origin' => 'http://www.yi-23.com',
  'referer' => 'http://www.yi-23.com/',
  'user-agent' => 'Mozilla/5.0 (Windows NT 10.0; WOW64) AppleWebKit/537.36 (KHTML, like Gecko) Chrome/60.0.3112.101 Safari/537.36',
  'x-requested-with' => 'XMLHttpRequest',
)
[ info ] [ PARAM ] array (
)
[ info ] [ RUN ] app\admin\controller\Html->show[ /data/home/qxu1146510236/htdocs/application/admin/controller/Html.php ]
[ info ] [ LOG ] INIT File
---------------------------------------------------------------
[ 2018-01-04T22:05:02+08:00 ] 121.42.87.135 180.88.77.194 POST /public/index/Usermsg/classname
[ info ] www.yi-23.com/public/index/Usermsg/classname [运行时间：0.046191s][吞吐率：21.65req/s] [内存消耗：3,058.16kb] [文件加载：37]
[ info ] [ LANG ] /data/home/qxu1146510236/htdocs/thinkphp/lang/zh-cn.php
[ info ] [ ROUTE ] array (
  'type' => 'module',
  'module' => 
  array (
    0 => 'index',
    1 => 'Usermsg',
    2 => 'classname',
  ),
)
[ info ] [ HEADER ] array (
  'content-length' => '0',
  'accept' => 'application/json, text/javascript, */*; q=0.01',
  'accept-encoding' => 'gzip, deflate',
  'accept-language' => 'zh-CN,zh;q=0.8',
  'connection' => 'keep-alive',
  'cookie' => 'token=7892BDDA8F06E8B8B1D8143E68210EE3; PHPSESSID=p7rutpjdr37acttkjjm82v3mp7',
  'host' => 'www.yi-23.com',
  'origin' => 'http://www.yi-23.com',
  'referer' => 'http://www.yi-23.com/',
  'user-agent' => 'Mozilla/5.0 (Windows NT 10.0; WOW64) AppleWebKit/537.36 (KHTML, like Gecko) Chrome/60.0.3112.101 Safari/537.36',
  'x-requested-with' => 'XMLHttpRequest',
)
[ info ] [ PARAM ] array (
)
[ info ] [ DB ] INIT mysql
[ info ] [ RUN ] app\index\controller\usermsg->classname[ /data/home/qxu1146510236/htdocs/application/index/controller/Usermsg.php ]
[ info ] [ LOG ] INIT File
---------------------------------------------------------------
[ 2018-01-04T22:05:03+08:00 ] 121.42.87.135 180.88.77.194 POST /public/admin/html/showimg
[ info ] www.yi-23.com/public/admin/html/showimg [运行时间：0.023586s][吞吐率：42.40req/s] [内存消耗：1,677.44kb] [文件加载：30]
[ info ] [ LANG ] /data/home/qxu1146510236/htdocs/thinkphp/lang/zh-cn.php
[ info ] [ ROUTE ] array (
  'type' => 'module',
  'module' => 
  array (
    0 => 'admin',
    1 => 'html',
    2 => 'showimg',
  ),
)
[ info ] [ HEADER ] array (
  'content-length' => '9',
  'content-type' => 'application/x-www-form-urlencoded; charset=UTF-8',
  'accept' => 'application/json, text/javascript, */*; q=0.01',
  'accept-encoding' => 'gzip, deflate',
  'accept-language' => 'zh-CN,zh;q=0.8',
  'connection' => 'keep-alive',
  'cookie' => 'token=7892BDDA8F06E8B8B1D8143E68210EE3; PHPSESSID=p7rutpjdr37acttkjjm82v3mp7',
  'host' => 'www.yi-23.com',
  'origin' => 'http://www.yi-23.com',
  'referer' => 'http://www.yi-23.com/',
  'user-agent' => 'Mozilla/5.0 (Windows NT 10.0; WOW64) AppleWebKit/537.36 (KHTML, like Gecko) Chrome/60.0.3112.101 Safari/537.36',
  'x-requested-with' => 'XMLHttpRequest',
)
[ info ] [ PARAM ] array (
  'key' => 'belle',
)
[ info ] [ RUN ] app\admin\controller\Html->showimg[ /data/home/qxu1146510236/htdocs/application/admin/controller/Html.php ]
[ info ] [ LOG ] INIT File
---------------------------------------------------------------
[ 2018-01-04T22:06:37+08:00 ] 121.42.87.135 182.55.83.182 GET /
[ info ] www.yi-23.com/ [运行时间：0.031259s][吞吐率：31.99req/s] [内存消耗：2,287.84kb] [文件加载：40]
[ info ] [ LANG ] /data/home/qxu1146510236/htdocs/thinkphp/lang/zh-cn.php
[ info ] [ ROUTE ] array (
  'type' => 'module',
  'module' => 
  array (
    0 => '',
    1 => NULL,
    2 => NULL,
  ),
)
[ info ] [ HEADER ] array (
  'accept' => '*/*',
  'connection' => 'Keep-Alive',
  'host' => 'www.yi-23.com',
  'user-agent' => 'Mozilla/5.0 (Windows NT 6.1; WOW64; rv:40.0) Gecko/20100101 Firefox/40.1',
)
[ info ] [ PARAM ] array (
)
[ info ] [ RUN ] app\index\controller\index->index[ /data/home/qxu1146510236/htdocs/application/index/controller/Index.php ]
[ info ] [ VIEW ] ./application/index/view/index/index.html [ array (
) ]
[ info ] [ LOG ] INIT File
---------------------------------------------------------------
[ 2018-01-04T22:17:19+08:00 ] 121.42.87.135 111.206.36.133 GET /
[ info ] www.yi-23.com/ [运行时间：0.031015s][吞吐率：32.24req/s] [内存消耗：2,287.88kb] [文件加载：40]
[ info ] [ LANG ] /data/home/qxu1146510236/htdocs/thinkphp/lang/zh-cn.php
[ info ] [ ROUTE ] array (
  'type' => 'module',
  'module' => 
  array (
    0 => '',
    1 => NULL,
    2 => NULL,
  ),
)
[ info ] [ HEADER ] array (
  'connection' => 'close',
  'host' => 'www.yi-23.com',
  'user-agent' => 'Mozilla/5.0 (Macintosh; Intel Mac OS X 10_11_2) AppleWebKit/537.36 (KHTML, like Gecko) Chrome/47.0.2526.80 Safari/537.36',
)
[ info ] [ PARAM ] array (
)
[ info ] [ RUN ] app\index\controller\index->index[ /data/home/qxu1146510236/htdocs/application/index/controller/Index.php ]
[ info ] [ VIEW ] ./application/index/view/index/index.html [ array (
) ]
[ info ] [ LOG ] INIT File
---------------------------------------------------------------
[ 2018-01-04T22:17:21+08:00 ] 121.42.87.135 61.135.165.42 GET /
[ info ] www.yi-23.com/ [运行时间：0.031324s][吞吐率：31.92req/s] [内存消耗：2,287.88kb] [文件加载：40]
[ info ] [ LANG ] /data/home/qxu1146510236/htdocs/thinkphp/lang/zh-cn.php
[ info ] [ ROUTE ] array (
  'type' => 'module',
  'module' => 
  array (
    0 => '',
    1 => NULL,
    2 => NULL,
  ),
)
[ info ] [ HEADER ] array (
  'connection' => 'close',
  'host' => 'www.yi-23.com',
  'user-agent' => 'Mozilla/5.0 (Macintosh; Intel Mac OS X 10_11_2) AppleWebKit/537.36 (KHTML, like Gecko) Chrome/47.0.2526.80 Safari/537.36',
)
[ info ] [ PARAM ] array (
)
[ info ] [ RUN ] app\index\controller\index->index[ /data/home/qxu1146510236/htdocs/application/index/controller/Index.php ]
[ info ] [ VIEW ] ./application/index/view/index/index.html [ array (
) ]
[ info ] [ LOG ] INIT File
---------------------------------------------------------------
[ 2018-01-04T22:17:24+08:00 ] 121.42.87.135 111.206.36.135 GET /
[ info ] www.yi-23.com/ [运行时间：0.032870s][吞吐率：30.42req/s] [内存消耗：2,287.88kb] [文件加载：40]
[ info ] [ LANG ] /data/home/qxu1146510236/htdocs/thinkphp/lang/zh-cn.php
[ info ] [ ROUTE ] array (
  'type' => 'module',
  'module' => 
  array (
    0 => '',
    1 => NULL,
    2 => NULL,
  ),
)
[ info ] [ HEADER ] array (
  'connection' => 'close',
  'host' => 'www.yi-23.com',
  'user-agent' => 'Mozilla/5.0 (Macintosh; Intel Mac OS X 10_11_2) AppleWebKit/537.36 (KHTML, like Gecko) Chrome/47.0.2526.80 Safari/537.36',
)
[ info ] [ PARAM ] array (
)
[ info ] [ RUN ] app\index\controller\index->index[ /data/home/qxu1146510236/htdocs/application/index/controller/Index.php ]
[ info ] [ VIEW ] ./application/index/view/index/index.html [ array (
) ]
[ info ] [ LOG ] INIT File
---------------------------------------------------------------
[ 2018-01-04T23:05:25+08:00 ] 121.42.87.135 94.59.230.146 GET /
[ info ] www.yi-23.com/ [运行时间：0.036246s][吞吐率：27.59req/s] [内存消耗：2,287.84kb] [文件加载：40]
[ info ] [ LANG ] /data/home/qxu1146510236/htdocs/thinkphp/lang/zh-cn.php
[ info ] [ ROUTE ] array (
  'type' => 'module',
  'module' => 
  array (
    0 => '',
    1 => NULL,
    2 => NULL,
  ),
)
[ info ] [ HEADER ] array (
  'accept' => '*/*',
  'connection' => 'Keep-Alive',
  'host' => 'www.yi-23.com',
  'user-agent' => 'Mozilla/5.0 (Windows NT 6.1; WOW64; rv:40.0) Gecko/20100101 Firefox/40.1',
)
[ info ] [ PARAM ] array (
)
[ info ] [ RUN ] app\index\controller\index->index[ /data/home/qxu1146510236/htdocs/application/index/controller/Index.php ]
[ info ] [ VIEW ] ./application/index/view/index/index.html [ array (
) ]
[ info ] [ LOG ] INIT File
---------------------------------------------------------------
[ 2018-01-04T23:48:09+08:00 ] 121.42.87.135 95.218.116.142 GET /
[ info ] www.yi-23.com/ [运行时间：0.031346s][吞吐率：31.90req/s] [内存消耗：2,287.84kb] [文件加载：40]
[ info ] [ LANG ] /data/home/qxu1146510236/htdocs/thinkphp/lang/zh-cn.php
[ info ] [ ROUTE ] array (
  'type' => 'module',
  'module' => 
  array (
    0 => '',
    1 => NULL,
    2 => NULL,
  ),
)
[ info ] [ HEADER ] array (
  'accept' => '*/*',
  'connection' => 'Keep-Alive',
  'host' => 'www.yi-23.com',
  'user-agent' => 'Mozilla/5.0 (Windows NT 6.1; WOW64; rv:40.0) Gecko/20100101 Firefox/40.1',
)
[ info ] [ PARAM ] array (
)
[ info ] [ RUN ] app\index\controller\index->index[ /data/home/qxu1146510236/htdocs/application/index/controller/Index.php ]
[ info ] [ VIEW ] ./application/index/view/index/index.html [ array (
) ]
[ info ] [ LOG ] INIT File
---------------------------------------------------------------
[ 2018-01-04T23:54:12+08:00 ] 121.42.87.135 92.86.201.161 GET /
[ info ] www.yi-23.com/ [运行时间：0.031439s][吞吐率：31.81req/s] [内存消耗：2,287.84kb] [文件加载：40]
[ info ] [ LANG ] /data/home/qxu1146510236/htdocs/thinkphp/lang/zh-cn.php
[ info ] [ ROUTE ] array (
  'type' => 'module',
  'module' => 
  array (
    0 => '',
    1 => NULL,
    2 => NULL,
  ),
)
[ info ] [ HEADER ] array (
  'accept' => '*/*',
  'connection' => 'Keep-Alive',
  'host' => 'www.yi-23.com',
  'user-agent' => 'Mozilla/5.0 (Windows NT 6.1; WOW64; rv:40.0) Gecko/20100101 Firefox/40.1',
)
[ info ] [ PARAM ] array (
)
[ info ] [ RUN ] app\index\controller\index->index[ /data/home/qxu1146510236/htdocs/application/index/controller/Index.php ]
[ info ] [ VIEW ] ./application/index/view/index/index.html [ array (
) ]
[ info ] [ LOG ] INIT File
---------------------------------------------------------------
[ 2018-01-04T23:55:14+08:00 ] 121.42.87.135 89.181.58.14 GET /
[ info ] www.yi-23.com/ [运行时间：0.031210s][吞吐率：32.04req/s] [内存消耗：2,287.84kb] [文件加载：40]
[ info ] [ LANG ] /data/home/qxu1146510236/htdocs/thinkphp/lang/zh-cn.php
[ info ] [ ROUTE ] array (
  'type' => 'module',
  'module' => 
  array (
    0 => '',
    1 => NULL,
    2 => NULL,
  ),
)
[ info ] [ HEADER ] array (
  'accept' => '*/*',
  'connection' => 'Keep-Alive',
  'host' => 'www.yi-23.com',
  'user-agent' => 'Mozilla/5.0 (Windows NT 6.1; WOW64; rv:40.0) Gecko/20100101 Firefox/40.1',
)
[ info ] [ PARAM ] array (
)
[ info ] [ RUN ] app\index\controller\index->index[ /data/home/qxu1146510236/htdocs/application/index/controller/Index.php ]
[ info ] [ VIEW ] ./application/index/view/index/index.html [ array (
) ]
[ info ] [ LOG ] INIT File
