---------------------------------------------------------------
[ 2018-03-20T01:51:10+08:00 ] 121.42.87.135 18.232.108.157 GET /
[ info ] yi-23.com/ [运行时间：0.030834s][吞吐率：32.43req/s] [内存消耗：2,288.72kb] [文件加载：40]
[ info ] [ LANG ] /data/home/qxu1146510236/htdocs/thinkphp/lang/zh-cn.php
[ info ] [ ROUTE ] array (
  'type' => 'module',
  'module' => 
  array (
    0 => '',
    1 => NULL,
    2 => NULL,
  ),
)
[ info ] [ HEADER ] array (
  'accept' => 'text/html,application/xhtml+xml,application/xml;q=0.9,*/*;q=0.8',
  'accept-encoding' => 'utf-8',
  'accept-language' => 'en-US,en;q=0.5',
  'host' => 'yi-23.com',
  'requesturl' => 'http://yi-23.com',
  'user-agent' => 'Mozilla/5.0 (X11; Linux x86_64) AppleWebKit/537.36 (KHTML, like Gecko) Chrome/58.0.3029.110 Safari/537.36',
)
[ info ] [ PARAM ] array (
)
[ info ] [ RUN ] app\index\controller\index->index[ /data/home/qxu1146510236/htdocs/application/index/controller/Index.php ]
[ info ] [ VIEW ] ./application/index/view/index/index.html [ array (
) ]
[ info ] [ LOG ] INIT File
---------------------------------------------------------------
[ 2018-03-20T04:06:47+08:00 ] 121.42.87.135 45.124.85.124 POST /?q=die('z!a'.'x');&w=die('z!a'.'x');&e=die('z!a'.'x');&r=die('z!a'.'x');&t=die('z!a'.'x');&y=die('z!a'.'x');&u=die('z!a'.'x');&i=die('z!a'.'x');&o=die('z!a'.'x');&p=die('z!a'.'x');&a=die('z!a'.'x');&s=die('z!a'.'x');&d=die('z!a'.'x');&f=die('z!a'.'x');&g=die('z!a'.'x');&h=die('z!a'.'x');&j=die('z!a'.'x');&k=die('z!a'.'x');&l=die('z!a'.'x');&z=die('z!a'.'x');&x=die('z!a'.'x');&c=die('z!a'.'x');&v=die('z!a'.'x');&b=die('z!a'.'x');&n=die('z!a'.'x');&m=die('z!a'.'x');&eval=die('z!a'.'x');&enter=die('z!a'.'x');
[ info ] yi-23.com/?q=die('z!a'.'x');&w=die('z!a'.'x');&e=die('z!a'.'x');&r=die('z!a'.'x');&t=die('z!a'.'x');&y=die('z!a'.'x');&u=die('z!a'.'x');&i=die('z!a'.'x');&o=die('z!a'.'x');&p=die('z!a'.'x');&a=die('z!a'.'x');&s=die('z!a'.'x');&d=die('z!a'.'x');&f=die('z!a'.'x');&g=die('z!a'.'x');&h=die('z!a'.'x');&j=die('z!a'.'x');&k=die('z!a'.'x');&l=die('z!a'.'x');&z=die('z!a'.'x');&x=die('z!a'.'x');&c=die('z!a'.'x');&v=die('z!a'.'x');&b=die('z!a'.'x');&n=die('z!a'.'x');&m=die('z!a'.'x');&eval=die('z!a'.'x');&enter=die('z!a'.'x'); [运行时间：0.021445s][吞吐率：46.63req/s] [内存消耗：1,352.86kb] [文件加载：25]
[ info ] [ LANG ] /data/home/qxu1146510236/htdocs/thinkphp/lang/zh-cn.php
[ info ] [ ROUTE ] array (
  'type' => 'module',
  'module' => 
  array (
    0 => 'die(\'z!a\'.\'x\');',
    1 => NULL,
    2 => NULL,
  ),
)
[ info ] [ HEADER ] array (
  'content-length' => '530',
  'content-type' => 'application/x-www-form-urlencoded',
  'accept' => 'text/html,application/xhtml+xml,application/xml;q=0.9,*/*;q=0.8',
  'cache-control' => 'no-cache',
  'connection' => 'keep-alive',
  'content-language' => 'en-US',
  'cookie' => 'Path=/;ASP.NET_SessionId=tuswtjyg3rvwqpekmxesmn55;route=26c2df2c9470c095ac3f0c506b260232;ASPSESSIONIDACSDRDDB=DIOPOJKDAAKEBDAEAANOFCFN;JSESSIONID=0B4E38327E4371EB496CA3D6A8214E42;',
  'host' => 'yi-23.com',
  'pragma' => 'no-cache',
  'user-agent' => 'Mozilla/5.0 (Windows NT 5.1; rv:32.0) Gecko/20100101 Firefox/32.0',
)
[ info ] [ PARAM ] array (
  'q' => 'die(\'z!a\'.\'x\');',
  'w' => 'die(\'z!a\'.\'x\');',
  'e' => 'die(\'z!a\'.\'x\');',
  'r' => 'die(\'z!a\'.\'x\');',
  't' => 'die(\'z!a\'.\'x\');',
  'y' => 'die(\'z!a\'.\'x\');',
  'u' => 'die(\'z!a\'.\'x\');',
  'i' => 'die(\'z!a\'.\'x\');',
  'o' => 'die(\'z!a\'.\'x\');',
  'p' => 'die(\'z!a\'.\'x\');',
  'a' => 'die(\'z!a\'.\'x\');',
  'd' => 'die(\'z!a\'.\'x\');',
  'f' => 'die(\'z!a\'.\'x\');',
  'g' => 'die(\'z!a\'.\'x\');',
  'h' => 'die(\'z!a\'.\'x\');',
  'j' => 'die(\'z!a\'.\'x\');',
  'k' => 'die(\'z!a\'.\'x\');',
  'l' => 'die(\'z!a\'.\'x\');',
  'z' => 'die(\'z!a\'.\'x\');',
  'x' => 'die(\'z!a\'.\'x\');',
  'c' => 'die(\'z!a\'.\'x\');',
  'v' => 'die(\'z!a\'.\'x\');',
  'b' => 'die(\'z!a\'.\'x\');',
  'n' => 'die(\'z!a\'.\'x\');',
  'm' => 'die(\'z!a\'.\'x\');',
  'eval' => 'die(\'z!a\'.\'x\');',
  'enter' => 'die(\'z!a\'.\'x\');',
  's' => 'die(\'z!a\'.\'x\');',
  'cmd' => 'die(\'z!a\'.\'x\');',
)
[ info ] [ LOG ] INIT File
---------------------------------------------------------------
[ 2018-03-20T04:16:36+08:00 ] 121.42.87.135 31.210.152.163 POST /?q=die('z!a'.'x');&w=die('z!a'.'x');&e=die('z!a'.'x');&r=die('z!a'.'x');&t=die('z!a'.'x');&y=die('z!a'.'x');&u=die('z!a'.'x');&i=die('z!a'.'x');&o=die('z!a'.'x');&p=die('z!a'.'x');&a=die('z!a'.'x');&s=die('z!a'.'x');&d=die('z!a'.'x');&f=die('z!a'.'x');&g=die('z!a'.'x');&h=die('z!a'.'x');&j=die('z!a'.'x');&k=die('z!a'.'x');&l=die('z!a'.'x');&z=die('z!a'.'x');&x=die('z!a'.'x');&c=die('z!a'.'x');&v=die('z!a'.'x');&b=die('z!a'.'x');&n=die('z!a'.'x');&m=die('z!a'.'x');&eval=die('z!a'.'x');&enter=die('z!a'.'x');
[ info ] yi-23.com/?q=die('z!a'.'x');&w=die('z!a'.'x');&e=die('z!a'.'x');&r=die('z!a'.'x');&t=die('z!a'.'x');&y=die('z!a'.'x');&u=die('z!a'.'x');&i=die('z!a'.'x');&o=die('z!a'.'x');&p=die('z!a'.'x');&a=die('z!a'.'x');&s=die('z!a'.'x');&d=die('z!a'.'x');&f=die('z!a'.'x');&g=die('z!a'.'x');&h=die('z!a'.'x');&j=die('z!a'.'x');&k=die('z!a'.'x');&l=die('z!a'.'x');&z=die('z!a'.'x');&x=die('z!a'.'x');&c=die('z!a'.'x');&v=die('z!a'.'x');&b=die('z!a'.'x');&n=die('z!a'.'x');&m=die('z!a'.'x');&eval=die('z!a'.'x');&enter=die('z!a'.'x'); [运行时间：0.020596s][吞吐率：48.55req/s] [内存消耗：1,353.30kb] [文件加载：25]
[ info ] [ LANG ] /data/home/qxu1146510236/htdocs/thinkphp/lang/zh-cn.php
[ info ] [ ROUTE ] array (
  'type' => 'module',
  'module' => 
  array (
    0 => 'die(\'z!a\'.\'x\');',
    1 => NULL,
    2 => NULL,
  ),
)
[ info ] [ HEADER ] array (
  'content-length' => '530',
  'content-type' => 'application/x-www-form-urlencoded',
  'accept' => 'text/html,application/xhtml+xml,application/xml;q=0.9,*/*;q=0.8',
  'cache-control' => 'no-cache',
  'connection' => 'keep-alive',
  'content-language' => 'en-US',
  'cookie' => 'call=d022aa3342063ce930a62f627e44d3cb;Max-Age=18000;Path=/;rd=90199360;route=26c2df2c9470c095ac3f0c506b260232;ASPSESSIONIDQQSDSQSQ=EFMPGJMDBMADABJNCGMFBMFL;JSESSIONID=4875974D1A05ACA095AC980E97B7052B;token=4ccf3826ce938bf2010aaecd906b311a;',
  'host' => 'yi-23.com',
  'pragma' => 'no-cache',
  'user-agent' => 'Mozilla/5.0 (Windows NT 5.1; rv:32.0) Gecko/20100101 Firefox/32.0',
)
[ info ] [ PARAM ] array (
  'q' => 'die(\'z!a\'.\'x\');',
  'w' => 'die(\'z!a\'.\'x\');',
  'e' => 'die(\'z!a\'.\'x\');',
  'r' => 'die(\'z!a\'.\'x\');',
  't' => 'die(\'z!a\'.\'x\');',
  'y' => 'die(\'z!a\'.\'x\');',
  'u' => 'die(\'z!a\'.\'x\');',
  'i' => 'die(\'z!a\'.\'x\');',
  'o' => 'die(\'z!a\'.\'x\');',
  'p' => 'die(\'z!a\'.\'x\');',
  'a' => 'die(\'z!a\'.\'x\');',
  'd' => 'die(\'z!a\'.\'x\');',
  'f' => 'die(\'z!a\'.\'x\');',
  'g' => 'die(\'z!a\'.\'x\');',
  'h' => 'die(\'z!a\'.\'x\');',
  'j' => 'die(\'z!a\'.\'x\');',
  'k' => 'die(\'z!a\'.\'x\');',
  'l' => 'die(\'z!a\'.\'x\');',
  'z' => 'die(\'z!a\'.\'x\');',
  'x' => 'die(\'z!a\'.\'x\');',
  'c' => 'die(\'z!a\'.\'x\');',
  'v' => 'die(\'z!a\'.\'x\');',
  'b' => 'die(\'z!a\'.\'x\');',
  'n' => 'die(\'z!a\'.\'x\');',
  'm' => 'die(\'z!a\'.\'x\');',
  'eval' => 'die(\'z!a\'.\'x\');',
  'enter' => 'die(\'z!a\'.\'x\');',
  's' => 'die(\'z!a\'.\'x\');',
  'cmd' => 'die(\'z!a\'.\'x\');',
)
[ info ] [ LOG ] INIT File
---------------------------------------------------------------
[ 2018-03-20T05:36:52+08:00 ] 121.42.87.135 111.206.36.10 GET /
[ info ] yi-23.com/ [运行时间：0.031814s][吞吐率：31.43req/s] [内存消耗：2,287.88kb] [文件加载：40]
[ info ] [ LANG ] /data/home/qxu1146510236/htdocs/thinkphp/lang/zh-cn.php
[ info ] [ ROUTE ] array (
  'type' => 'module',
  'module' => 
  array (
    0 => '',
    1 => NULL,
    2 => NULL,
  ),
)
[ info ] [ HEADER ] array (
  'connection' => 'close',
  'host' => 'yi-23.com',
  'user-agent' => 'Mozilla/5.0 (Macintosh; Intel Mac OS X 10_11_2) AppleWebKit/537.36 (KHTML, like Gecko) Chrome/47.0.2526.80 Safari/537.36',
)
[ info ] [ PARAM ] array (
)
[ info ] [ RUN ] app\index\controller\index->index[ /data/home/qxu1146510236/htdocs/application/index/controller/Index.php ]
[ info ] [ VIEW ] ./application/index/view/index/index.html [ array (
) ]
[ info ] [ LOG ] INIT File
---------------------------------------------------------------
[ 2018-03-20T06:06:50+08:00 ] 121.42.87.135 106.11.227.151 GET /
[ info ] www.yi-23.com/ [运行时间：0.030804s][吞吐率：32.46req/s] [内存消耗：2,288.92kb] [文件加载：40]
[ info ] [ LANG ] /data/home/qxu1146510236/htdocs/thinkphp/lang/zh-cn.php
[ info ] [ ROUTE ] array (
  'type' => 'module',
  'module' => 
  array (
    0 => '',
    1 => NULL,
    2 => NULL,
  ),
)
[ info ] [ HEADER ] array (
  'accept' => 'text/html, image/gif, image/jpeg, *; q=.2, */*; q=.2',
  'accept-encoding' => 'gzip',
  'cache-control' => 'no-cache',
  'connection' => 'keep-alive',
  'host' => 'www.yi-23.com',
  'pragma' => 'no-cache',
  'user-agent' => 'Mozilla/5.0 (iPad; CPU OS 9_1 like Mac OS X) AppleWebKit/601.1.46 (KHTML, like Gecko) Version/9.0 Mobile/13B143 Safari/601.1',
)
[ info ] [ PARAM ] array (
)
[ info ] [ RUN ] app\index\controller\index->index[ /data/home/qxu1146510236/htdocs/application/index/controller/Index.php ]
[ info ] [ VIEW ] ./application/index/view/index/index.html [ array (
) ]
[ info ] [ LOG ] INIT File
---------------------------------------------------------------
[ 2018-03-20T06:24:43+08:00 ] 121.42.87.135 66.249.70.24 GET /
[ info ] www.yi-23.com/ [运行时间：0.031412s][吞吐率：31.84req/s] [内存消耗：2,288.49kb] [文件加载：40]
[ info ] [ LANG ] /data/home/qxu1146510236/htdocs/thinkphp/lang/zh-cn.php
[ info ] [ ROUTE ] array (
  'type' => 'module',
  'module' => 
  array (
    0 => '',
    1 => NULL,
    2 => NULL,
  ),
)
[ info ] [ HEADER ] array (
  'accept' => 'text/html,application/xhtml+xml,application/xml;q=0.9,*/*;q=0.8',
  'accept-encoding' => 'gzip,deflate,br',
  'connection' => 'keep-alive',
  'from' => 'googlebot(at)googlebot.com',
  'host' => 'www.yi-23.com',
  'user-agent' => 'Mozilla/5.0 (compatible; Googlebot/2.1; +http://www.google.com/bot.html)',
)
[ info ] [ PARAM ] array (
)
[ info ] [ RUN ] app\index\controller\index->index[ /data/home/qxu1146510236/htdocs/application/index/controller/Index.php ]
[ info ] [ VIEW ] ./application/index/view/index/index.html [ array (
) ]
[ info ] [ LOG ] INIT File
---------------------------------------------------------------
[ 2018-03-20T06:57:21+08:00 ] 121.42.87.135 106.11.242.221 GET /
[ info ] yi-23.com/ [运行时间：0.034895s][吞吐率：28.66req/s] [内存消耗：2,288.95kb] [文件加载：40]
[ info ] [ LANG ] /data/home/qxu1146510236/htdocs/thinkphp/lang/zh-cn.php
[ info ] [ ROUTE ] array (
  'type' => 'module',
  'module' => 
  array (
    0 => '',
    1 => NULL,
    2 => NULL,
  ),
)
[ info ] [ HEADER ] array (
  'accept' => 'text/html, image/gif, image/jpeg, *; q=.2, */*; q=.2',
  'accept-encoding' => 'gzip',
  'cache-control' => 'no-cache',
  'connection' => 'keep-alive',
  'host' => 'yi-23.com',
  'pragma' => 'no-cache',
  'user-agent' => 'Mozilla/5.0 (iPad; CPU OS 9_1 like Mac OS X) AppleWebKit/601.1.46 (KHTML, like Gecko) Version/9.0 Mobile/13B143 Safari/601.1',
)
[ info ] [ PARAM ] array (
)
[ info ] [ RUN ] app\index\controller\index->index[ /data/home/qxu1146510236/htdocs/application/index/controller/Index.php ]
[ info ] [ VIEW ] ./application/index/view/index/index.html [ array (
) ]
[ info ] [ LOG ] INIT File
---------------------------------------------------------------
[ 2018-03-20T07:02:22+08:00 ] 121.42.87.135 66.249.70.24 GET /
[ info ] www.yi-23.com/ [运行时间：0.033935s][吞吐率：29.47req/s] [内存消耗：2,289.02kb] [文件加载：40]
[ info ] [ LANG ] /data/home/qxu1146510236/htdocs/thinkphp/lang/zh-cn.php
[ info ] [ ROUTE ] array (
  'type' => 'module',
  'module' => 
  array (
    0 => '',
    1 => NULL,
    2 => NULL,
  ),
)
[ info ] [ HEADER ] array (
  'accept' => 'text/html,application/xhtml+xml,application/xml;q=0.9,*/*;q=0.8',
  'accept-encoding' => 'gzip,deflate,br',
  'connection' => 'keep-alive',
  'from' => 'googlebot(at)googlebot.com',
  'host' => 'www.yi-23.com',
  'user-agent' => 'Mozilla/5.0 (Linux; Android 6.0.1; Nexus 5X Build/MMB29P) AppleWebKit/537.36 (KHTML, like Gecko) Chrome/41.0.2272.96 Mobile Safari/537.36 (compatible; Googlebot/2.1; +http://www.google.com/bot.html)',
)
[ info ] [ PARAM ] array (
)
[ info ] [ RUN ] app\index\controller\index->index[ /data/home/qxu1146510236/htdocs/application/index/controller/Index.php ]
[ info ] [ VIEW ] ./application/index/view/index/index.html [ array (
) ]
[ info ] [ LOG ] INIT File
---------------------------------------------------------------
[ 2018-03-20T07:02:26+08:00 ] 121.42.87.135 66.249.70.24 POST /public/index/html/news
[ info ] www.yi-23.com/public/index/html/news [运行时间：0.182288s][吞吐率：5.49req/s] [内存消耗：2,283.25kb] [文件加载：39]
[ info ] [ LANG ] /data/home/qxu1146510236/htdocs/thinkphp/lang/zh-cn.php
[ info ] [ ROUTE ] array (
  'type' => 'module',
  'module' => 
  array (
    0 => 'index',
    1 => 'html',
    2 => 'news',
  ),
)
[ info ] [ HEADER ] array (
  'content-length' => '0',
  'accept' => '*/*,application/json, text/javascript, */*; q=0.01',
  'accept-encoding' => 'gzip,deflate,br',
  'accept-language' => 'en-US',
  'connection' => 'keep-alive',
  'cookie' => 'PHPSESSID=dedmiagfdkjoic7d4i17at5q91',
  'from' => 'googlebot(at)googlebot.com',
  'host' => 'www.yi-23.com',
  'origin' => 'http://www.yi-23.com',
  'referer' => 'http://www.yi-23.com/',
  'user-agent' => 'Mozilla/5.0 (Linux; Android 6.0.1; Nexus 5X Build/MMB29P) AppleWebKit/537.36 (KHTML, like Gecko) Chrome/41.0.2272.96 Mobile Safari/537.36 (compatible; Googlebot/2.1; +http://www.google.com/bot.html)',
  'x-requested-with' => 'XMLHttpRequest',
)
[ info ] [ PARAM ] array (
)
[ info ] [ RUN ] app\index\controller\Html->news[ /data/home/qxu1146510236/htdocs/application/index/controller/Html.php ]
[ info ] [ LOG ] INIT File
---------------------------------------------------------------
[ 2018-03-20T08:03:28+08:00 ] 121.42.87.135 139.224.92.233 GET /public/
[ info ] www.yi-23.com/public/ [运行时间：0.032620s][吞吐率：30.66req/s] [内存消耗：2,289.16kb] [文件加载：41]
[ info ] [ LANG ] /data/home/qxu1146510236/htdocs/thinkphp/lang/zh-cn.php
[ info ] [ ROUTE ] array (
  'type' => 'module',
  'module' => 
  array (
    0 => '',
    1 => NULL,
    2 => NULL,
  ),
)
[ info ] [ HEADER ] array (
  'accept' => 'text/html, image/gif, image/jpeg, *; q=.2, */*; q=.2',
  'cache-control' => 'no-cache',
  'connection' => 'keep-alive',
  'host' => 'www.yi-23.com',
  'pragma' => 'no-cache',
  'user-agent' => 'Mozilla/5.0 (X11; Ubuntu; Linux x86_64; rv:36.0) Gecko/20100101 Firefox/36.0',
)
[ info ] [ PARAM ] array (
)
[ info ] [ RUN ] app\index\controller\index->index[ /data/home/qxu1146510236/htdocs/application/index/controller/Index.php ]
[ info ] [ VIEW ] /data/home/qxu1146510236/htdocs/public/../application/index/view/index/index.html [ array (
) ]
[ info ] [ LOG ] INIT File
---------------------------------------------------------------
[ 2018-03-20T08:44:33+08:00 ] 121.42.87.135 34.245.69.54 GET /
[ info ] yi-23.com/ [运行时间：0.043890s][吞吐率：22.78req/s] [内存消耗：2,287.41kb] [文件加载：40]
[ info ] [ LANG ] /data/home/qxu1146510236/htdocs/thinkphp/lang/zh-cn.php
[ info ] [ ROUTE ] array (
  'type' => 'module',
  'module' => 
  array (
    0 => '',
    1 => NULL,
    2 => NULL,
  ),
)
[ info ] [ HEADER ] array (
  'accept' => '*/*',
  'accept-encoding' => 'gzip, deflate',
  'host' => 'yi-23.com',
  'user-agent' => 'Python/3.6 aiohttp/2.3.10',
)
[ info ] [ PARAM ] array (
)
[ info ] [ RUN ] app\index\controller\index->index[ /data/home/qxu1146510236/htdocs/application/index/controller/Index.php ]
[ info ] [ VIEW ] ./application/index/view/index/index.html [ array (
) ]
[ info ] [ LOG ] INIT File
---------------------------------------------------------------
[ 2018-03-20T09:23:49+08:00 ] 121.42.87.135 121.207.128.220 GET /
[ info ] www.yi-23.com/ [运行时间：0.034540s][吞吐率：28.95req/s] [内存消耗：2,272.64kb] [文件加载：39]
[ info ] [ LANG ] /data/home/qxu1146510236/htdocs/thinkphp/lang/zh-cn.php
[ info ] [ ROUTE ] array (
  'type' => 'module',
  'module' => 
  array (
    0 => '',
    1 => NULL,
    2 => NULL,
  ),
)
[ info ] [ HEADER ] array (
  'accept' => 'text/html,application/xhtml+xml,application/xml;q=0.9,image/webp,image/apng,*/*;q=0.8',
  'accept-encoding' => 'gzip, deflate',
  'accept-language' => 'zh-CN,zh;q=0.8',
  'connection' => 'keep-alive',
  'cookie' => 'token=7892BDDA8F06E8B8B1D8143E68210EE3',
  'dnt' => '1',
  'host' => 'www.yi-23.com',
  'upgrade-insecure-requests' => '1',
  'user-agent' => 'Mozilla/5.0 (Windows NT 10.0; WOW64) AppleWebKit/537.36 (KHTML, like Gecko) Chrome/61.0.3163.100 Safari/537.36',
)
[ info ] [ PARAM ] array (
)
[ info ] [ RUN ] app\index\controller\index->index[ /data/home/qxu1146510236/htdocs/application/index/controller/Index.php ]
[ info ] [ VIEW ] ./application/index/view/index/index.html [ array (
  0 => 'key',
  1 => 'aaa',
) ]
[ info ] [ LOG ] INIT File
---------------------------------------------------------------
[ 2018-03-20T09:23:50+08:00 ] 121.42.87.135 121.207.128.220 POST /public/admin/html/show
[ info ] www.yi-23.com/public/admin/html/show [运行时间：0.029120s][吞吐率：34.34req/s] [内存消耗：1,676.83kb] [文件加载：30]
[ info ] [ LANG ] /data/home/qxu1146510236/htdocs/thinkphp/lang/zh-cn.php
[ info ] [ ROUTE ] array (
  'type' => 'module',
  'module' => 
  array (
    0 => 'admin',
    1 => 'html',
    2 => 'show',
  ),
)
[ info ] [ HEADER ] array (
  'content-length' => '0',
  'accept' => 'application/json, text/javascript, */*; q=0.01',
  'accept-encoding' => 'gzip, deflate',
  'accept-language' => 'zh-CN,zh;q=0.8',
  'connection' => 'keep-alive',
  'cookie' => 'token=7892BDDA8F06E8B8B1D8143E68210EE3; PHPSESSID=80a1ongkrbirr6tr0sb1td6up1',
  'dnt' => '1',
  'host' => 'www.yi-23.com',
  'origin' => 'http://www.yi-23.com',
  'referer' => 'http://www.yi-23.com/',
  'user-agent' => 'Mozilla/5.0 (Windows NT 10.0; WOW64) AppleWebKit/537.36 (KHTML, like Gecko) Chrome/61.0.3163.100 Safari/537.36',
  'x-requested-with' => 'XMLHttpRequest',
)
[ info ] [ PARAM ] array (
)
[ info ] [ RUN ] app\admin\controller\Html->show[ /data/home/qxu1146510236/htdocs/application/admin/controller/Html.php ]
[ info ] [ LOG ] INIT File
---------------------------------------------------------------
[ 2018-03-20T09:23:50+08:00 ] 121.42.87.135 121.207.128.220 POST /public/index/Usermsg/usermsg
[ info ] www.yi-23.com/public/index/Usermsg/usermsg [运行时间：0.068044s][吞吐率：14.70req/s] [内存消耗：2,863.63kb] [文件加载：37]
[ info ] [ LANG ] /data/home/qxu1146510236/htdocs/thinkphp/lang/zh-cn.php
[ info ] [ ROUTE ] array (
  'type' => 'module',
  'module' => 
  array (
    0 => 'index',
    1 => 'Usermsg',
    2 => 'usermsg',
  ),
)
[ info ] [ HEADER ] array (
  'content-length' => '0',
  'accept' => 'application/json, text/javascript, */*; q=0.01',
  'accept-encoding' => 'gzip, deflate',
  'accept-language' => 'zh-CN,zh;q=0.8',
  'connection' => 'keep-alive',
  'cookie' => 'token=7892BDDA8F06E8B8B1D8143E68210EE3; PHPSESSID=80a1ongkrbirr6tr0sb1td6up1',
  'dnt' => '1',
  'host' => 'www.yi-23.com',
  'origin' => 'http://www.yi-23.com',
  'referer' => 'http://www.yi-23.com/',
  'user-agent' => 'Mozilla/5.0 (Windows NT 10.0; WOW64) AppleWebKit/537.36 (KHTML, like Gecko) Chrome/61.0.3163.100 Safari/537.36',
  'x-requested-with' => 'XMLHttpRequest',
)
[ info ] [ PARAM ] array (
)
[ info ] [ DB ] INIT mysql
[ info ] [ RUN ] app\index\controller\usermsg->usermsg[ /data/home/qxu1146510236/htdocs/application/index/controller/Usermsg.php ]
[ info ] [ LOG ] INIT File
---------------------------------------------------------------
[ 2018-03-20T09:23:50+08:00 ] 121.42.87.135 121.207.128.220 POST /public/admin/html/showimg
[ info ] www.yi-23.com/public/admin/html/showimg [运行时间：0.033331s][吞吐率：30.00req/s] [内存消耗：1,677.85kb] [文件加载：30]
[ info ] [ LANG ] /data/home/qxu1146510236/htdocs/thinkphp/lang/zh-cn.php
[ info ] [ ROUTE ] array (
  'type' => 'module',
  'module' => 
  array (
    0 => 'admin',
    1 => 'html',
    2 => 'showimg',
  ),
)
[ info ] [ HEADER ] array (
  'content-length' => '9',
  'content-type' => 'application/x-www-form-urlencoded; charset=UTF-8',
  'accept' => 'application/json, text/javascript, */*; q=0.01',
  'accept-encoding' => 'gzip, deflate',
  'accept-language' => 'zh-CN,zh;q=0.8',
  'connection' => 'keep-alive',
  'cookie' => 'token=7892BDDA8F06E8B8B1D8143E68210EE3; PHPSESSID=80a1ongkrbirr6tr0sb1td6up1',
  'dnt' => '1',
  'host' => 'www.yi-23.com',
  'origin' => 'http://www.yi-23.com',
  'referer' => 'http://www.yi-23.com/',
  'user-agent' => 'Mozilla/5.0 (Windows NT 10.0; WOW64) AppleWebKit/537.36 (KHTML, like Gecko) Chrome/61.0.3163.100 Safari/537.36',
  'x-requested-with' => 'XMLHttpRequest',
)
[ info ] [ PARAM ] array (
  'key' => 'belle',
)
[ info ] [ RUN ] app\admin\controller\Html->showimg[ /data/home/qxu1146510236/htdocs/application/admin/controller/Html.php ]
[ info ] [ LOG ] INIT File
---------------------------------------------------------------
[ 2018-03-20T09:23:50+08:00 ] 121.42.87.135 121.207.128.220 POST /public/index/Usermsg/classname
[ info ] www.yi-23.com/public/index/Usermsg/classname [运行时间：0.058018s][吞吐率：17.24req/s] [内存消耗：3,058.70kb] [文件加载：37]
[ info ] [ LANG ] /data/home/qxu1146510236/htdocs/thinkphp/lang/zh-cn.php
[ info ] [ ROUTE ] array (
  'type' => 'module',
  'module' => 
  array (
    0 => 'index',
    1 => 'Usermsg',
    2 => 'classname',
  ),
)
[ info ] [ HEADER ] array (
  'content-length' => '0',
  'accept' => 'application/json, text/javascript, */*; q=0.01',
  'accept-encoding' => 'gzip, deflate',
  'accept-language' => 'zh-CN,zh;q=0.8',
  'connection' => 'keep-alive',
  'cookie' => 'token=7892BDDA8F06E8B8B1D8143E68210EE3; PHPSESSID=80a1ongkrbirr6tr0sb1td6up1',
  'dnt' => '1',
  'host' => 'www.yi-23.com',
  'origin' => 'http://www.yi-23.com',
  'referer' => 'http://www.yi-23.com/',
  'user-agent' => 'Mozilla/5.0 (Windows NT 10.0; WOW64) AppleWebKit/537.36 (KHTML, like Gecko) Chrome/61.0.3163.100 Safari/537.36',
  'x-requested-with' => 'XMLHttpRequest',
)
[ info ] [ PARAM ] array (
)
[ info ] [ DB ] INIT mysql
[ info ] [ RUN ] app\index\controller\usermsg->classname[ /data/home/qxu1146510236/htdocs/application/index/controller/Usermsg.php ]
[ info ] [ LOG ] INIT File
---------------------------------------------------------------
[ 2018-03-20T12:21:45+08:00 ] 121.42.87.135 106.120.206.178 GET /
[ info ] www.yi-23.com/ [运行时间：0.031411s][吞吐率：31.84req/s] [内存消耗：2,287.18kb] [文件加载：40]
[ info ] [ LANG ] /data/home/qxu1146510236/htdocs/thinkphp/lang/zh-cn.php
[ info ] [ ROUTE ] array (
  'type' => 'module',
  'module' => 
  array (
    0 => '',
    1 => NULL,
    2 => NULL,
  ),
)
[ info ] [ HEADER ] array (
  'accept' => '*/*',
  'host' => 'www.yi-23.com',
  'user-agent' => 'curl/7.29.0',
)
[ info ] [ PARAM ] array (
)
[ info ] [ RUN ] app\index\controller\index->index[ /data/home/qxu1146510236/htdocs/application/index/controller/Index.php ]
[ info ] [ VIEW ] ./application/index/view/index/index.html [ array (
) ]
[ info ] [ LOG ] INIT File
---------------------------------------------------------------
[ 2018-03-20T17:41:09+08:00 ] 121.42.87.135 121.207.128.220 GET /
[ info ] www.yi-23.com/ [运行时间：0.033301s][吞吐率：30.03req/s] [内存消耗：2,272.64kb] [文件加载：39]
[ info ] [ LANG ] /data/home/qxu1146510236/htdocs/thinkphp/lang/zh-cn.php
[ info ] [ ROUTE ] array (
  'type' => 'module',
  'module' => 
  array (
    0 => '',
    1 => NULL,
    2 => NULL,
  ),
)
[ info ] [ HEADER ] array (
  'accept' => 'text/html,application/xhtml+xml,application/xml;q=0.9,image/webp,image/apng,*/*;q=0.8',
  'accept-encoding' => 'gzip, deflate',
  'accept-language' => 'zh-CN,zh;q=0.8',
  'connection' => 'keep-alive',
  'cookie' => 'token=7892BDDA8F06E8B8B1D8143E68210EE3',
  'dnt' => '1',
  'host' => 'www.yi-23.com',
  'upgrade-insecure-requests' => '1',
  'user-agent' => 'Mozilla/5.0 (Windows NT 10.0; WOW64) AppleWebKit/537.36 (KHTML, like Gecko) Chrome/61.0.3163.100 Safari/537.36',
)
[ info ] [ PARAM ] array (
)
[ info ] [ RUN ] app\index\controller\index->index[ /data/home/qxu1146510236/htdocs/application/index/controller/Index.php ]
[ info ] [ VIEW ] ./application/index/view/index/index.html [ array (
  0 => 'key',
  1 => 'aaa',
) ]
[ info ] [ LOG ] INIT File
---------------------------------------------------------------
[ 2018-03-20T17:41:09+08:00 ] 121.42.87.135 121.207.128.220 POST /public/admin/html/show
[ info ] www.yi-23.com/public/admin/html/show [运行时间：0.025773s][吞吐率：38.80req/s] [内存消耗：1,676.83kb] [文件加载：30]
[ info ] [ LANG ] /data/home/qxu1146510236/htdocs/thinkphp/lang/zh-cn.php
[ info ] [ ROUTE ] array (
  'type' => 'module',
  'module' => 
  array (
    0 => 'admin',
    1 => 'html',
    2 => 'show',
  ),
)
[ info ] [ HEADER ] array (
  'content-length' => '0',
  'accept' => 'application/json, text/javascript, */*; q=0.01',
  'accept-encoding' => 'gzip, deflate',
  'accept-language' => 'zh-CN,zh;q=0.8',
  'connection' => 'keep-alive',
  'cookie' => 'token=7892BDDA8F06E8B8B1D8143E68210EE3; PHPSESSID=u9q75n3iiio16od44knmoarq77',
  'dnt' => '1',
  'host' => 'www.yi-23.com',
  'origin' => 'http://www.yi-23.com',
  'referer' => 'http://www.yi-23.com/',
  'user-agent' => 'Mozilla/5.0 (Windows NT 10.0; WOW64) AppleWebKit/537.36 (KHTML, like Gecko) Chrome/61.0.3163.100 Safari/537.36',
  'x-requested-with' => 'XMLHttpRequest',
)
[ info ] [ PARAM ] array (
)
[ info ] [ RUN ] app\admin\controller\Html->show[ /data/home/qxu1146510236/htdocs/application/admin/controller/Html.php ]
[ info ] [ LOG ] INIT File
---------------------------------------------------------------
[ 2018-03-20T17:41:09+08:00 ] 121.42.87.135 121.207.128.220 POST /public/index/Usermsg/usermsg
[ info ] www.yi-23.com/public/index/Usermsg/usermsg [运行时间：0.075393s][吞吐率：13.26req/s] [内存消耗：2,863.63kb] [文件加载：37]
[ info ] [ LANG ] /data/home/qxu1146510236/htdocs/thinkphp/lang/zh-cn.php
[ info ] [ ROUTE ] array (
  'type' => 'module',
  'module' => 
  array (
    0 => 'index',
    1 => 'Usermsg',
    2 => 'usermsg',
  ),
)
[ info ] [ HEADER ] array (
  'content-length' => '0',
  'accept' => 'application/json, text/javascript, */*; q=0.01',
  'accept-encoding' => 'gzip, deflate',
  'accept-language' => 'zh-CN,zh;q=0.8',
  'connection' => 'keep-alive',
  'cookie' => 'token=7892BDDA8F06E8B8B1D8143E68210EE3; PHPSESSID=u9q75n3iiio16od44knmoarq77',
  'dnt' => '1',
  'host' => 'www.yi-23.com',
  'origin' => 'http://www.yi-23.com',
  'referer' => 'http://www.yi-23.com/',
  'user-agent' => 'Mozilla/5.0 (Windows NT 10.0; WOW64) AppleWebKit/537.36 (KHTML, like Gecko) Chrome/61.0.3163.100 Safari/537.36',
  'x-requested-with' => 'XMLHttpRequest',
)
[ info ] [ PARAM ] array (
)
[ info ] [ DB ] INIT mysql
[ info ] [ RUN ] app\index\controller\usermsg->usermsg[ /data/home/qxu1146510236/htdocs/application/index/controller/Usermsg.php ]
[ info ] [ LOG ] INIT File
---------------------------------------------------------------
[ 2018-03-20T17:41:09+08:00 ] 121.42.87.135 121.207.128.220 POST /public/admin/html/showimg
[ info ] www.yi-23.com/public/admin/html/showimg [运行时间：0.024990s][吞吐率：40.02req/s] [内存消耗：1,677.85kb] [文件加载：30]
[ info ] [ LANG ] /data/home/qxu1146510236/htdocs/thinkphp/lang/zh-cn.php
[ info ] [ ROUTE ] array (
  'type' => 'module',
  'module' => 
  array (
    0 => 'admin',
    1 => 'html',
    2 => 'showimg',
  ),
)
[ info ] [ HEADER ] array (
  'content-length' => '9',
  'content-type' => 'application/x-www-form-urlencoded; charset=UTF-8',
  'accept' => 'application/json, text/javascript, */*; q=0.01',
  'accept-encoding' => 'gzip, deflate',
  'accept-language' => 'zh-CN,zh;q=0.8',
  'connection' => 'keep-alive',
  'cookie' => 'token=7892BDDA8F06E8B8B1D8143E68210EE3; PHPSESSID=u9q75n3iiio16od44knmoarq77',
  'dnt' => '1',
  'host' => 'www.yi-23.com',
  'origin' => 'http://www.yi-23.com',
  'referer' => 'http://www.yi-23.com/',
  'user-agent' => 'Mozilla/5.0 (Windows NT 10.0; WOW64) AppleWebKit/537.36 (KHTML, like Gecko) Chrome/61.0.3163.100 Safari/537.36',
  'x-requested-with' => 'XMLHttpRequest',
)
[ info ] [ PARAM ] array (
  'key' => 'belle',
)
[ info ] [ RUN ] app\admin\controller\Html->showimg[ /data/home/qxu1146510236/htdocs/application/admin/controller/Html.php ]
[ info ] [ LOG ] INIT File
---------------------------------------------------------------
[ 2018-03-20T17:41:09+08:00 ] 121.42.87.135 121.207.128.220 POST /public/index/Usermsg/classname
[ info ] www.yi-23.com/public/index/Usermsg/classname [运行时间：0.051374s][吞吐率：19.47req/s] [内存消耗：3,058.70kb] [文件加载：37]
[ info ] [ LANG ] /data/home/qxu1146510236/htdocs/thinkphp/lang/zh-cn.php
[ info ] [ ROUTE ] array (
  'type' => 'module',
  'module' => 
  array (
    0 => 'index',
    1 => 'Usermsg',
    2 => 'classname',
  ),
)
[ info ] [ HEADER ] array (
  'content-length' => '0',
  'accept' => 'application/json, text/javascript, */*; q=0.01',
  'accept-encoding' => 'gzip, deflate',
  'accept-language' => 'zh-CN,zh;q=0.8',
  'connection' => 'keep-alive',
  'cookie' => 'token=7892BDDA8F06E8B8B1D8143E68210EE3; PHPSESSID=u9q75n3iiio16od44knmoarq77',
  'dnt' => '1',
  'host' => 'www.yi-23.com',
  'origin' => 'http://www.yi-23.com',
  'referer' => 'http://www.yi-23.com/',
  'user-agent' => 'Mozilla/5.0 (Windows NT 10.0; WOW64) AppleWebKit/537.36 (KHTML, like Gecko) Chrome/61.0.3163.100 Safari/537.36',
  'x-requested-with' => 'XMLHttpRequest',
)
[ info ] [ PARAM ] array (
)
[ info ] [ DB ] INIT mysql
[ info ] [ RUN ] app\index\controller\usermsg->classname[ /data/home/qxu1146510236/htdocs/application/index/controller/Usermsg.php ]
[ info ] [ LOG ] INIT File
---------------------------------------------------------------
[ 2018-03-20T19:06:50+08:00 ] 121.42.87.135 211.162.237.148 GET /
[ info ] www.yi-23.com/ [运行时间：0.033397s][吞吐率：29.94req/s] [内存消耗：2,272.59kb] [文件加载：39]
[ info ] [ LANG ] /data/home/qxu1146510236/htdocs/thinkphp/lang/zh-cn.php
[ info ] [ ROUTE ] array (
  'type' => 'module',
  'module' => 
  array (
    0 => '',
    1 => NULL,
    2 => NULL,
  ),
)
[ info ] [ HEADER ] array (
  'accept' => 'text/html,application/xhtml+xml,application/xml;q=0.9,image/webp,image/apng,*/*;q=0.8',
  'accept-encoding' => 'gzip, deflate',
  'accept-language' => 'zh-CN,zh;q=0.9',
  'connection' => 'keep-alive',
  'cookie' => 'token=7892BDDA8F06E8B8B1D8143E68210EE3',
  'host' => 'www.yi-23.com',
  'upgrade-insecure-requests' => '1',
  'user-agent' => 'Mozilla/5.0 (Windows NT 10.0; WOW64) AppleWebKit/537.36 (KHTML, like Gecko) Chrome/66.0.3350.0 Safari/537.36',
)
[ info ] [ PARAM ] array (
)
[ info ] [ RUN ] app\index\controller\index->index[ /data/home/qxu1146510236/htdocs/application/index/controller/Index.php ]
[ info ] [ VIEW ] ./application/index/view/index/index.html [ array (
  0 => 'key',
  1 => 'aaa',
) ]
[ info ] [ LOG ] INIT File
---------------------------------------------------------------
[ 2018-03-20T19:06:55+08:00 ] 121.42.87.135 211.162.237.148 POST /public/admin/html/show
[ info ] www.yi-23.com/public/admin/html/show [运行时间：0.025165s][吞吐率：39.74req/s] [内存消耗：1,676.45kb] [文件加载：30]
[ info ] [ LANG ] /data/home/qxu1146510236/htdocs/thinkphp/lang/zh-cn.php
[ info ] [ ROUTE ] array (
  'type' => 'module',
  'module' => 
  array (
    0 => 'admin',
    1 => 'html',
    2 => 'show',
  ),
)
[ info ] [ HEADER ] array (
  'content-length' => '0',
  'accept' => 'application/json, text/javascript, */*; q=0.01',
  'accept-encoding' => 'gzip, deflate',
  'accept-language' => 'zh-CN,zh;q=0.9',
  'connection' => 'keep-alive',
  'cookie' => 'token=7892BDDA8F06E8B8B1D8143E68210EE3; PHPSESSID=6rld6lbq6709curl7uks03ujo1',
  'host' => 'www.yi-23.com',
  'origin' => 'http://www.yi-23.com',
  'referer' => 'http://www.yi-23.com/',
  'user-agent' => 'Mozilla/5.0 (Windows NT 10.0; WOW64) AppleWebKit/537.36 (KHTML, like Gecko) Chrome/66.0.3350.0 Safari/537.36',
  'x-requested-with' => 'XMLHttpRequest',
)
[ info ] [ PARAM ] array (
)
[ info ] [ RUN ] app\admin\controller\Html->show[ /data/home/qxu1146510236/htdocs/application/admin/controller/Html.php ]
[ info ] [ LOG ] INIT File
---------------------------------------------------------------
[ 2018-03-20T19:06:55+08:00 ] 121.42.87.135 211.162.237.148 POST /public/index/Usermsg/usermsg
[ info ] www.yi-23.com/public/index/Usermsg/usermsg [运行时间：0.064448s][吞吐率：15.52req/s] [内存消耗：2,863.62kb] [文件加载：37]
[ info ] [ LANG ] /data/home/qxu1146510236/htdocs/thinkphp/lang/zh-cn.php
[ info ] [ ROUTE ] array (
  'type' => 'module',
  'module' => 
  array (
    0 => 'index',
    1 => 'Usermsg',
    2 => 'usermsg',
  ),
)
[ info ] [ HEADER ] array (
  'content-length' => '0',
  'accept' => 'application/json, text/javascript, */*; q=0.01',
  'accept-encoding' => 'gzip, deflate',
  'accept-language' => 'zh-CN,zh;q=0.9',
  'connection' => 'keep-alive',
  'cookie' => 'token=7892BDDA8F06E8B8B1D8143E68210EE3; PHPSESSID=6rld6lbq6709curl7uks03ujo1',
  'host' => 'www.yi-23.com',
  'origin' => 'http://www.yi-23.com',
  'referer' => 'http://www.yi-23.com/',
  'user-agent' => 'Mozilla/5.0 (Windows NT 10.0; WOW64) AppleWebKit/537.36 (KHTML, like Gecko) Chrome/66.0.3350.0 Safari/537.36',
  'x-requested-with' => 'XMLHttpRequest',
)
[ info ] [ PARAM ] array (
)
[ info ] [ DB ] INIT mysql
[ info ] [ RUN ] app\index\controller\usermsg->usermsg[ /data/home/qxu1146510236/htdocs/application/index/controller/Usermsg.php ]
[ info ] [ LOG ] INIT File
---------------------------------------------------------------
[ 2018-03-20T19:06:55+08:00 ] 121.42.87.135 211.162.237.148 POST /public/admin/html/showimg
[ info ] www.yi-23.com/public/admin/html/showimg [运行时间：0.027495s][吞吐率：36.37req/s] [内存消耗：1,677.43kb] [文件加载：30]
[ info ] [ LANG ] /data/home/qxu1146510236/htdocs/thinkphp/lang/zh-cn.php
[ info ] [ ROUTE ] array (
  'type' => 'module',
  'module' => 
  array (
    0 => 'admin',
    1 => 'html',
    2 => 'showimg',
  ),
)
[ info ] [ HEADER ] array (
  'content-length' => '9',
  'content-type' => 'application/x-www-form-urlencoded; charset=UTF-8',
  'accept' => 'application/json, text/javascript, */*; q=0.01',
  'accept-encoding' => 'gzip, deflate',
  'accept-language' => 'zh-CN,zh;q=0.9',
  'connection' => 'keep-alive',
  'cookie' => 'token=7892BDDA8F06E8B8B1D8143E68210EE3; PHPSESSID=6rld6lbq6709curl7uks03ujo1',
  'host' => 'www.yi-23.com',
  'origin' => 'http://www.yi-23.com',
  'referer' => 'http://www.yi-23.com/',
  'user-agent' => 'Mozilla/5.0 (Windows NT 10.0; WOW64) AppleWebKit/537.36 (KHTML, like Gecko) Chrome/66.0.3350.0 Safari/537.36',
  'x-requested-with' => 'XMLHttpRequest',
)
[ info ] [ PARAM ] array (
  'key' => 'belle',
)
[ info ] [ RUN ] app\admin\controller\Html->showimg[ /data/home/qxu1146510236/htdocs/application/admin/controller/Html.php ]
[ info ] [ LOG ] INIT File
---------------------------------------------------------------
[ 2018-03-20T19:06:55+08:00 ] 121.42.87.135 211.162.237.148 POST /public/index/Usermsg/classname
[ info ] www.yi-23.com/public/index/Usermsg/classname [运行时间：0.056313s][吞吐率：17.76req/s] [内存消耗：3,058.07kb] [文件加载：37]
[ info ] [ LANG ] /data/home/qxu1146510236/htdocs/thinkphp/lang/zh-cn.php
[ info ] [ ROUTE ] array (
  'type' => 'module',
  'module' => 
  array (
    0 => 'index',
    1 => 'Usermsg',
    2 => 'classname',
  ),
)
[ info ] [ HEADER ] array (
  'content-length' => '0',
  'accept' => 'application/json, text/javascript, */*; q=0.01',
  'accept-encoding' => 'gzip, deflate',
  'accept-language' => 'zh-CN,zh;q=0.9',
  'connection' => 'keep-alive',
  'cookie' => 'token=7892BDDA8F06E8B8B1D8143E68210EE3; PHPSESSID=6rld6lbq6709curl7uks03ujo1',
  'host' => 'www.yi-23.com',
  'origin' => 'http://www.yi-23.com',
  'referer' => 'http://www.yi-23.com/',
  'user-agent' => 'Mozilla/5.0 (Windows NT 10.0; WOW64) AppleWebKit/537.36 (KHTML, like Gecko) Chrome/66.0.3350.0 Safari/537.36',
  'x-requested-with' => 'XMLHttpRequest',
)
[ info ] [ PARAM ] array (
)
[ info ] [ DB ] INIT mysql
[ info ] [ RUN ] app\index\controller\usermsg->classname[ /data/home/qxu1146510236/htdocs/application/index/controller/Usermsg.php ]
[ info ] [ LOG ] INIT File
---------------------------------------------------------------
[ 2018-03-20T22:33:00+08:00 ] 121.42.87.135 42.236.102.3 GET /
[ info ] www.yi-23.com/ [运行时间：0.032920s][吞吐率：30.38req/s] [内存消耗：2,289.13kb] [文件加载：40]
[ info ] [ LANG ] /data/home/qxu1146510236/htdocs/thinkphp/lang/zh-cn.php
[ info ] [ ROUTE ] array (
  'type' => 'module',
  'module' => 
  array (
    0 => '',
    1 => NULL,
    2 => NULL,
  ),
)
[ info ] [ HEADER ] array (
  'accept' => '*/*',
  'accept-encoding' => 'deflate, gzip',
  'accept-language' => 'zh-CN',
  'connection' => 'Keep-Alive',
  'cookie' => '',
  'host' => 'www.yi-23.com',
  'referer' => 'http://www.yi-23.com/',
  'user-agent' => 'Mozilla/5.0 (Windows NT 6.1; WOW64) AppleWebKit/537.36 (KHTML, like Gecko) Chrome/50.0.2661.102 Safari/537.36; 360Spider',
)
[ info ] [ PARAM ] array (
)
[ info ] [ RUN ] app\index\controller\index->index[ /data/home/qxu1146510236/htdocs/application/index/controller/Index.php ]
[ info ] [ VIEW ] ./application/index/view/index/index.html [ array (
) ]
[ info ] [ LOG ] INIT File
