---------------------------------------------------------------
[ 2018-02-05T00:14:22+08:00 ] 121.42.87.135 211.162.237.213 GET /
[ info ] www.yi-23.com/ [运行时间：0.031711s][吞吐率：31.53req/s] [内存消耗：2,272.58kb] [文件加载：39]
[ info ] [ LANG ] /data/home/qxu1146510236/htdocs/thinkphp/lang/zh-cn.php
[ info ] [ ROUTE ] array (
  'type' => 'module',
  'module' => 
  array (
    0 => '',
    1 => NULL,
    2 => NULL,
  ),
)
[ info ] [ HEADER ] array (
  'accept' => 'text/html,application/xhtml+xml,application/xml;q=0.9,image/webp,image/apng,*/*;q=0.8',
  'accept-encoding' => 'gzip, deflate',
  'accept-language' => 'zh-CN,zh;q=0.9',
  'connection' => 'keep-alive',
  'cookie' => 'token=7892BDDA8F06E8B8B1D8143E68210EE3',
  'host' => 'www.yi-23.com',
  'upgrade-insecure-requests' => '1',
  'user-agent' => 'Mozilla/5.0 (Windows NT 10.0; WOW64) AppleWebKit/537.36 (KHTML, like Gecko) Chrome/65.0.3322.4 Safari/537.36',
)
[ info ] [ PARAM ] array (
)
[ info ] [ RUN ] app\index\controller\index->index[ /data/home/qxu1146510236/htdocs/application/index/controller/Index.php ]
[ info ] [ VIEW ] ./application/index/view/index/index.html [ array (
  0 => 'key',
  1 => 'aaa',
) ]
[ info ] [ LOG ] INIT File
---------------------------------------------------------------
[ 2018-02-05T00:14:23+08:00 ] 121.42.87.135 211.162.237.213 POST /public/admin/html/show
[ info ] www.yi-23.com/public/admin/html/show [运行时间：0.024298s][吞吐率：41.16req/s] [内存消耗：1,676.45kb] [文件加载：30]
[ info ] [ LANG ] /data/home/qxu1146510236/htdocs/thinkphp/lang/zh-cn.php
[ info ] [ ROUTE ] array (
  'type' => 'module',
  'module' => 
  array (
    0 => 'admin',
    1 => 'html',
    2 => 'show',
  ),
)
[ info ] [ HEADER ] array (
  'content-length' => '0',
  'accept' => 'application/json, text/javascript, */*; q=0.01',
  'accept-encoding' => 'gzip, deflate',
  'accept-language' => 'zh-CN,zh;q=0.9',
  'connection' => 'keep-alive',
  'cookie' => 'token=7892BDDA8F06E8B8B1D8143E68210EE3; PHPSESSID=35p6ge9dglbh2odp6jtmsvgbl0',
  'host' => 'www.yi-23.com',
  'origin' => 'http://www.yi-23.com',
  'referer' => 'http://www.yi-23.com/',
  'user-agent' => 'Mozilla/5.0 (Windows NT 10.0; WOW64) AppleWebKit/537.36 (KHTML, like Gecko) Chrome/65.0.3322.4 Safari/537.36',
  'x-requested-with' => 'XMLHttpRequest',
)
[ info ] [ PARAM ] array (
)
[ info ] [ RUN ] app\admin\controller\Html->show[ /data/home/qxu1146510236/htdocs/application/admin/controller/Html.php ]
[ info ] [ LOG ] INIT File
---------------------------------------------------------------
[ 2018-02-05T00:14:23+08:00 ] 121.42.87.135 211.162.237.213 POST /public/index/Usermsg/usermsg
[ info ] www.yi-23.com/public/index/Usermsg/usermsg [运行时间：0.441569s][吞吐率：2.26req/s] [内存消耗：2,863.62kb] [文件加载：37]
[ info ] [ LANG ] /data/home/qxu1146510236/htdocs/thinkphp/lang/zh-cn.php
[ info ] [ ROUTE ] array (
  'type' => 'module',
  'module' => 
  array (
    0 => 'index',
    1 => 'Usermsg',
    2 => 'usermsg',
  ),
)
[ info ] [ HEADER ] array (
  'content-length' => '0',
  'accept' => 'application/json, text/javascript, */*; q=0.01',
  'accept-encoding' => 'gzip, deflate',
  'accept-language' => 'zh-CN,zh;q=0.9',
  'connection' => 'keep-alive',
  'cookie' => 'token=7892BDDA8F06E8B8B1D8143E68210EE3; PHPSESSID=35p6ge9dglbh2odp6jtmsvgbl0',
  'host' => 'www.yi-23.com',
  'origin' => 'http://www.yi-23.com',
  'referer' => 'http://www.yi-23.com/',
  'user-agent' => 'Mozilla/5.0 (Windows NT 10.0; WOW64) AppleWebKit/537.36 (KHTML, like Gecko) Chrome/65.0.3322.4 Safari/537.36',
  'x-requested-with' => 'XMLHttpRequest',
)
[ info ] [ PARAM ] array (
)
[ info ] [ DB ] INIT mysql
[ info ] [ RUN ] app\index\controller\usermsg->usermsg[ /data/home/qxu1146510236/htdocs/application/index/controller/Usermsg.php ]
[ info ] [ LOG ] INIT File
---------------------------------------------------------------
[ 2018-02-05T00:14:23+08:00 ] 121.42.87.135 211.162.237.213 POST /public/admin/html/showimg
[ info ] www.yi-23.com/public/admin/html/showimg [运行时间：0.024443s][吞吐率：40.91req/s] [内存消耗：1,677.43kb] [文件加载：30]
[ info ] [ LANG ] /data/home/qxu1146510236/htdocs/thinkphp/lang/zh-cn.php
[ info ] [ ROUTE ] array (
  'type' => 'module',
  'module' => 
  array (
    0 => 'admin',
    1 => 'html',
    2 => 'showimg',
  ),
)
[ info ] [ HEADER ] array (
  'content-length' => '9',
  'content-type' => 'application/x-www-form-urlencoded; charset=UTF-8',
  'accept' => 'application/json, text/javascript, */*; q=0.01',
  'accept-encoding' => 'gzip, deflate',
  'accept-language' => 'zh-CN,zh;q=0.9',
  'connection' => 'keep-alive',
  'cookie' => 'token=7892BDDA8F06E8B8B1D8143E68210EE3; PHPSESSID=35p6ge9dglbh2odp6jtmsvgbl0',
  'host' => 'www.yi-23.com',
  'origin' => 'http://www.yi-23.com',
  'referer' => 'http://www.yi-23.com/',
  'user-agent' => 'Mozilla/5.0 (Windows NT 10.0; WOW64) AppleWebKit/537.36 (KHTML, like Gecko) Chrome/65.0.3322.4 Safari/537.36',
  'x-requested-with' => 'XMLHttpRequest',
)
[ info ] [ PARAM ] array (
  'key' => 'belle',
)
[ info ] [ RUN ] app\admin\controller\Html->showimg[ /data/home/qxu1146510236/htdocs/application/admin/controller/Html.php ]
[ info ] [ LOG ] INIT File
---------------------------------------------------------------
[ 2018-02-05T00:14:24+08:00 ] 121.42.87.135 211.162.237.213 POST /public/index/Usermsg/classname
[ info ] www.yi-23.com/public/index/Usermsg/classname [运行时间：0.049519s][吞吐率：20.19req/s] [内存消耗：3,058.06kb] [文件加载：37]
[ info ] [ LANG ] /data/home/qxu1146510236/htdocs/thinkphp/lang/zh-cn.php
[ info ] [ ROUTE ] array (
  'type' => 'module',
  'module' => 
  array (
    0 => 'index',
    1 => 'Usermsg',
    2 => 'classname',
  ),
)
[ info ] [ HEADER ] array (
  'content-length' => '0',
  'accept' => 'application/json, text/javascript, */*; q=0.01',
  'accept-encoding' => 'gzip, deflate',
  'accept-language' => 'zh-CN,zh;q=0.9',
  'connection' => 'keep-alive',
  'cookie' => 'token=7892BDDA8F06E8B8B1D8143E68210EE3; PHPSESSID=35p6ge9dglbh2odp6jtmsvgbl0',
  'host' => 'www.yi-23.com',
  'origin' => 'http://www.yi-23.com',
  'referer' => 'http://www.yi-23.com/',
  'user-agent' => 'Mozilla/5.0 (Windows NT 10.0; WOW64) AppleWebKit/537.36 (KHTML, like Gecko) Chrome/65.0.3322.4 Safari/537.36',
  'x-requested-with' => 'XMLHttpRequest',
)
[ info ] [ PARAM ] array (
)
[ info ] [ DB ] INIT mysql
[ info ] [ RUN ] app\index\controller\usermsg->classname[ /data/home/qxu1146510236/htdocs/application/index/controller/Usermsg.php ]
[ info ] [ LOG ] INIT File
---------------------------------------------------------------
[ 2018-02-05T00:26:05+08:00 ] 121.42.87.135 42.236.48.72 GET /
[ info ] www.yi-23.com/ [运行时间：0.031144s][吞吐率：32.11req/s] [内存消耗：2,289.13kb] [文件加载：40]
[ info ] [ LANG ] /data/home/qxu1146510236/htdocs/thinkphp/lang/zh-cn.php
[ info ] [ ROUTE ] array (
  'type' => 'module',
  'module' => 
  array (
    0 => '',
    1 => NULL,
    2 => NULL,
  ),
)
[ info ] [ HEADER ] array (
  'accept' => '*/*',
  'accept-encoding' => 'deflate, gzip',
  'accept-language' => 'zh-CN',
  'connection' => 'Keep-Alive',
  'cookie' => '',
  'host' => 'www.yi-23.com',
  'referer' => 'http://www.yi-23.com/',
  'user-agent' => 'Mozilla/5.0 (Windows NT 6.1; WOW64) AppleWebKit/537.36 (KHTML, like Gecko) Chrome/50.0.2661.102 Safari/537.36; 360Spider',
)
[ info ] [ PARAM ] array (
)
[ info ] [ RUN ] app\index\controller\index->index[ /data/home/qxu1146510236/htdocs/application/index/controller/Index.php ]
[ info ] [ VIEW ] ./application/index/view/index/index.html [ array (
) ]
[ info ] [ LOG ] INIT File
---------------------------------------------------------------
[ 2018-02-05T00:26:19+08:00 ] 121.42.87.135 42.236.48.200 GET /public/index/index/qq_login
[ info ] www.yi-23.com/public/index/index/qq_login [运行时间：0.031215s][吞吐率：32.04req/s] [内存消耗：2,241.41kb] [文件加载：40]
[ info ] [ LANG ] /data/home/qxu1146510236/htdocs/thinkphp/lang/zh-cn.php
[ info ] [ ROUTE ] array (
  'type' => 'module',
  'module' => 
  array (
    0 => 'index',
    1 => 'index',
    2 => 'qq_login',
  ),
)
[ info ] [ HEADER ] array (
  'accept' => '*/*',
  'accept-encoding' => 'deflate, gzip',
  'accept-language' => 'zh-CN',
  'connection' => 'Keep-Alive',
  'cookie' => '',
  'host' => 'www.yi-23.com',
  'referer' => 'http://www.yi-23.com/public/index/index/qq_login',
  'user-agent' => 'Mozilla/5.0 (Windows NT 6.1; WOW64) AppleWebKit/537.36 (KHTML, like Gecko) Chrome/50.0.2661.102 Safari/537.36; 360Spider',
)
[ info ] [ PARAM ] array (
)
[ info ] [ RUN ] app\index\controller\index->qq_login[ /data/home/qxu1146510236/htdocs/application/index/controller/Index.php ]
[ info ] [ LOG ] INIT File
---------------------------------------------------------------
[ 2018-02-05T05:30:22+08:00 ] 121.42.87.135 111.206.36.138 GET /
[ info ] yi-23.com/ [运行时间：0.031777s][吞吐率：31.47req/s] [内存消耗：2,287.88kb] [文件加载：40]
[ info ] [ LANG ] /data/home/qxu1146510236/htdocs/thinkphp/lang/zh-cn.php
[ info ] [ ROUTE ] array (
  'type' => 'module',
  'module' => 
  array (
    0 => '',
    1 => NULL,
    2 => NULL,
  ),
)
[ info ] [ HEADER ] array (
  'connection' => 'close',
  'host' => 'yi-23.com',
  'user-agent' => 'Mozilla/5.0 (Macintosh; Intel Mac OS X 10_11_2) AppleWebKit/537.36 (KHTML, like Gecko) Chrome/47.0.2526.80 Safari/537.36',
)
[ info ] [ PARAM ] array (
)
[ info ] [ RUN ] app\index\controller\index->index[ /data/home/qxu1146510236/htdocs/application/index/controller/Index.php ]
[ info ] [ VIEW ] ./application/index/view/index/index.html [ array (
) ]
[ info ] [ LOG ] INIT File
---------------------------------------------------------------
[ 2018-02-05T05:46:50+08:00 ] 121.42.87.135 106.11.229.4 GET /
[ info ] yi-23.com/ [运行时间：0.033221s][吞吐率：30.10req/s] [内存消耗：2,287.26kb] [文件加载：40]
[ info ] [ LANG ] /data/home/qxu1146510236/htdocs/thinkphp/lang/zh-cn.php
[ info ] [ ROUTE ] array (
  'type' => 'module',
  'module' => 
  array (
    0 => '',
    1 => NULL,
    2 => NULL,
  ),
)
[ info ] [ HEADER ] array (
  'accept-encoding' => 'gzip',
  'host' => 'yi-23.com',
  'user-agent' => 'Go-http-client/1.1',
)
[ info ] [ PARAM ] array (
)
[ info ] [ RUN ] app\index\controller\index->index[ /data/home/qxu1146510236/htdocs/application/index/controller/Index.php ]
[ info ] [ VIEW ] ./application/index/view/index/index.html [ array (
) ]
[ info ] [ LOG ] INIT File
---------------------------------------------------------------
[ 2018-02-05T05:46:51+08:00 ] 121.42.87.135 106.11.229.63 GET /
[ info ] www.yi-23.com/ [运行时间：0.034359s][吞吐率：29.10req/s] [内存消耗：2,287.31kb] [文件加载：40]
[ info ] [ LANG ] /data/home/qxu1146510236/htdocs/thinkphp/lang/zh-cn.php
[ info ] [ ROUTE ] array (
  'type' => 'module',
  'module' => 
  array (
    0 => '',
    1 => NULL,
    2 => NULL,
  ),
)
[ info ] [ HEADER ] array (
  'accept-encoding' => 'gzip',
  'host' => 'www.yi-23.com',
  'user-agent' => 'Go-http-client/1.1',
)
[ info ] [ PARAM ] array (
)
[ info ] [ RUN ] app\index\controller\index->index[ /data/home/qxu1146510236/htdocs/application/index/controller/Index.php ]
[ info ] [ VIEW ] ./application/index/view/index/index.html [ array (
) ]
[ info ] [ LOG ] INIT File
---------------------------------------------------------------
[ 2018-02-05T06:31:17+08:00 ] 121.42.87.135 106.11.242.47 GET /
[ info ] www.yi-23.com/ [运行时间：0.033450s][吞吐率：29.90req/s] [内存消耗：2,288.92kb] [文件加载：40]
[ info ] [ LANG ] /data/home/qxu1146510236/htdocs/thinkphp/lang/zh-cn.php
[ info ] [ ROUTE ] array (
  'type' => 'module',
  'module' => 
  array (
    0 => '',
    1 => NULL,
    2 => NULL,
  ),
)
[ info ] [ HEADER ] array (
  'accept' => 'text/html, image/gif, image/jpeg, *; q=.2, */*; q=.2',
  'accept-encoding' => 'gzip',
  'cache-control' => 'no-cache',
  'connection' => 'keep-alive',
  'host' => 'www.yi-23.com',
  'pragma' => 'no-cache',
  'user-agent' => 'Mozilla/5.0 (iPad; CPU OS 9_1 like Mac OS X) AppleWebKit/601.1.46 (KHTML, like Gecko) Version/9.0 Mobile/13B143 Safari/601.1',
)
[ info ] [ PARAM ] array (
)
[ info ] [ RUN ] app\index\controller\index->index[ /data/home/qxu1146510236/htdocs/application/index/controller/Index.php ]
[ info ] [ VIEW ] ./application/index/view/index/index.html [ array (
) ]
[ info ] [ LOG ] INIT File
---------------------------------------------------------------
[ 2018-02-05T09:59:08+08:00 ] 121.42.87.135 27.154.78.103 GET /
[ info ] www.yi-23.com/ [运行时间：0.032855s][吞吐率：30.44req/s] [内存消耗：2,272.64kb] [文件加载：39]
[ info ] [ LANG ] /data/home/qxu1146510236/htdocs/thinkphp/lang/zh-cn.php
[ info ] [ ROUTE ] array (
  'type' => 'module',
  'module' => 
  array (
    0 => '',
    1 => NULL,
    2 => NULL,
  ),
)
[ info ] [ HEADER ] array (
  'accept' => 'text/html,application/xhtml+xml,application/xml;q=0.9,image/webp,image/apng,*/*;q=0.8',
  'accept-encoding' => 'gzip, deflate',
  'accept-language' => 'zh-CN,zh;q=0.8',
  'connection' => 'keep-alive',
  'cookie' => 'token=7892BDDA8F06E8B8B1D8143E68210EE3',
  'dnt' => '1',
  'host' => 'www.yi-23.com',
  'upgrade-insecure-requests' => '1',
  'user-agent' => 'Mozilla/5.0 (Windows NT 10.0; WOW64) AppleWebKit/537.36 (KHTML, like Gecko) Chrome/61.0.3163.100 Safari/537.36',
)
[ info ] [ PARAM ] array (
)
[ info ] [ RUN ] app\index\controller\index->index[ /data/home/qxu1146510236/htdocs/application/index/controller/Index.php ]
[ info ] [ VIEW ] ./application/index/view/index/index.html [ array (
  0 => 'key',
  1 => 'aaa',
) ]
[ info ] [ LOG ] INIT File
---------------------------------------------------------------
[ 2018-02-05T09:59:09+08:00 ] 121.42.87.135 27.154.78.103 POST /public/admin/html/show
[ info ] www.yi-23.com/public/admin/html/show [运行时间：0.023737s][吞吐率：42.13req/s] [内存消耗：1,676.83kb] [文件加载：30]
[ info ] [ LANG ] /data/home/qxu1146510236/htdocs/thinkphp/lang/zh-cn.php
[ info ] [ ROUTE ] array (
  'type' => 'module',
  'module' => 
  array (
    0 => 'admin',
    1 => 'html',
    2 => 'show',
  ),
)
[ info ] [ HEADER ] array (
  'content-length' => '0',
  'accept' => 'application/json, text/javascript, */*; q=0.01',
  'accept-encoding' => 'gzip, deflate',
  'accept-language' => 'zh-CN,zh;q=0.8',
  'connection' => 'keep-alive',
  'cookie' => 'token=7892BDDA8F06E8B8B1D8143E68210EE3; PHPSESSID=ej07sijih5vt7jf7ajj30esgf4',
  'dnt' => '1',
  'host' => 'www.yi-23.com',
  'origin' => 'http://www.yi-23.com',
  'referer' => 'http://www.yi-23.com/',
  'user-agent' => 'Mozilla/5.0 (Windows NT 10.0; WOW64) AppleWebKit/537.36 (KHTML, like Gecko) Chrome/61.0.3163.100 Safari/537.36',
  'x-requested-with' => 'XMLHttpRequest',
)
[ info ] [ PARAM ] array (
)
[ info ] [ RUN ] app\admin\controller\Html->show[ /data/home/qxu1146510236/htdocs/application/admin/controller/Html.php ]
[ info ] [ LOG ] INIT File
---------------------------------------------------------------
[ 2018-02-05T09:59:09+08:00 ] 121.42.87.135 27.154.78.103 POST /public/index/Usermsg/usermsg
[ info ] www.yi-23.com/public/index/Usermsg/usermsg [运行时间：0.065178s][吞吐率：15.34req/s] [内存消耗：2,863.63kb] [文件加载：37]
[ info ] [ LANG ] /data/home/qxu1146510236/htdocs/thinkphp/lang/zh-cn.php
[ info ] [ ROUTE ] array (
  'type' => 'module',
  'module' => 
  array (
    0 => 'index',
    1 => 'Usermsg',
    2 => 'usermsg',
  ),
)
[ info ] [ HEADER ] array (
  'content-length' => '0',
  'accept' => 'application/json, text/javascript, */*; q=0.01',
  'accept-encoding' => 'gzip, deflate',
  'accept-language' => 'zh-CN,zh;q=0.8',
  'connection' => 'keep-alive',
  'cookie' => 'token=7892BDDA8F06E8B8B1D8143E68210EE3; PHPSESSID=ej07sijih5vt7jf7ajj30esgf4',
  'dnt' => '1',
  'host' => 'www.yi-23.com',
  'origin' => 'http://www.yi-23.com',
  'referer' => 'http://www.yi-23.com/',
  'user-agent' => 'Mozilla/5.0 (Windows NT 10.0; WOW64) AppleWebKit/537.36 (KHTML, like Gecko) Chrome/61.0.3163.100 Safari/537.36',
  'x-requested-with' => 'XMLHttpRequest',
)
[ info ] [ PARAM ] array (
)
[ info ] [ DB ] INIT mysql
[ info ] [ RUN ] app\index\controller\usermsg->usermsg[ /data/home/qxu1146510236/htdocs/application/index/controller/Usermsg.php ]
[ info ] [ LOG ] INIT File
---------------------------------------------------------------
[ 2018-02-05T09:59:09+08:00 ] 121.42.87.135 27.154.78.103 POST /public/admin/html/showimg
[ info ] www.yi-23.com/public/admin/html/showimg [运行时间：0.024550s][吞吐率：40.73req/s] [内存消耗：1,677.85kb] [文件加载：30]
[ info ] [ LANG ] /data/home/qxu1146510236/htdocs/thinkphp/lang/zh-cn.php
[ info ] [ ROUTE ] array (
  'type' => 'module',
  'module' => 
  array (
    0 => 'admin',
    1 => 'html',
    2 => 'showimg',
  ),
)
[ info ] [ HEADER ] array (
  'content-length' => '9',
  'content-type' => 'application/x-www-form-urlencoded; charset=UTF-8',
  'accept' => 'application/json, text/javascript, */*; q=0.01',
  'accept-encoding' => 'gzip, deflate',
  'accept-language' => 'zh-CN,zh;q=0.8',
  'connection' => 'keep-alive',
  'cookie' => 'token=7892BDDA8F06E8B8B1D8143E68210EE3; PHPSESSID=ej07sijih5vt7jf7ajj30esgf4',
  'dnt' => '1',
  'host' => 'www.yi-23.com',
  'origin' => 'http://www.yi-23.com',
  'referer' => 'http://www.yi-23.com/',
  'user-agent' => 'Mozilla/5.0 (Windows NT 10.0; WOW64) AppleWebKit/537.36 (KHTML, like Gecko) Chrome/61.0.3163.100 Safari/537.36',
  'x-requested-with' => 'XMLHttpRequest',
)
[ info ] [ PARAM ] array (
  'key' => 'belle',
)
[ info ] [ RUN ] app\admin\controller\Html->showimg[ /data/home/qxu1146510236/htdocs/application/admin/controller/Html.php ]
[ info ] [ LOG ] INIT File
---------------------------------------------------------------
[ 2018-02-05T09:59:09+08:00 ] 121.42.87.135 27.154.78.103 POST /public/index/Usermsg/classname
[ info ] www.yi-23.com/public/index/Usermsg/classname [运行时间：0.062485s][吞吐率：16.00req/s] [内存消耗：3,058.73kb] [文件加载：37]
[ info ] [ LANG ] /data/home/qxu1146510236/htdocs/thinkphp/lang/zh-cn.php
[ info ] [ ROUTE ] array (
  'type' => 'module',
  'module' => 
  array (
    0 => 'index',
    1 => 'Usermsg',
    2 => 'classname',
  ),
)
[ info ] [ HEADER ] array (
  'content-length' => '0',
  'accept' => 'application/json, text/javascript, */*; q=0.01',
  'accept-encoding' => 'gzip, deflate',
  'accept-language' => 'zh-CN,zh;q=0.8',
  'connection' => 'keep-alive',
  'cookie' => 'token=7892BDDA8F06E8B8B1D8143E68210EE3; PHPSESSID=ej07sijih5vt7jf7ajj30esgf4',
  'dnt' => '1',
  'host' => 'www.yi-23.com',
  'origin' => 'http://www.yi-23.com',
  'referer' => 'http://www.yi-23.com/',
  'user-agent' => 'Mozilla/5.0 (Windows NT 10.0; WOW64) AppleWebKit/537.36 (KHTML, like Gecko) Chrome/61.0.3163.100 Safari/537.36',
  'x-requested-with' => 'XMLHttpRequest',
)
[ info ] [ PARAM ] array (
)
[ info ] [ DB ] INIT mysql
[ info ] [ RUN ] app\index\controller\usermsg->classname[ /data/home/qxu1146510236/htdocs/application/index/controller/Usermsg.php ]
[ info ] [ LOG ] INIT File
---------------------------------------------------------------
[ 2018-02-05T12:33:33+08:00 ] 121.42.87.135 42.236.99.230 GET /
[ info ] www.yi-23.com/ [运行时间：0.032708s][吞吐率：30.57req/s] [内存消耗：2,289.13kb] [文件加载：40]
[ info ] [ LANG ] /data/home/qxu1146510236/htdocs/thinkphp/lang/zh-cn.php
[ info ] [ ROUTE ] array (
  'type' => 'module',
  'module' => 
  array (
    0 => '',
    1 => NULL,
    2 => NULL,
  ),
)
[ info ] [ HEADER ] array (
  'accept' => '*/*',
  'accept-encoding' => 'deflate, gzip',
  'accept-language' => 'zh-CN',
  'connection' => 'Keep-Alive',
  'cookie' => '',
  'host' => 'www.yi-23.com',
  'referer' => 'http://www.yi-23.com/',
  'user-agent' => 'Mozilla/5.0 (Windows NT 6.1; WOW64) AppleWebKit/537.36 (KHTML, like Gecko) Chrome/50.0.2661.102 Safari/537.36; 360Spider',
)
[ info ] [ PARAM ] array (
)
[ info ] [ RUN ] app\index\controller\index->index[ /data/home/qxu1146510236/htdocs/application/index/controller/Index.php ]
[ info ] [ VIEW ] ./application/index/view/index/index.html [ array (
) ]
[ info ] [ LOG ] INIT File
---------------------------------------------------------------
[ 2018-02-05T13:33:25+08:00 ] 121.42.87.135 27.154.78.103 GET /
[ info ] www.yi-23.com/ [运行时间：0.031951s][吞吐率：31.30req/s] [内存消耗：2,272.64kb] [文件加载：39]
[ info ] [ LANG ] /data/home/qxu1146510236/htdocs/thinkphp/lang/zh-cn.php
[ info ] [ ROUTE ] array (
  'type' => 'module',
  'module' => 
  array (
    0 => '',
    1 => NULL,
    2 => NULL,
  ),
)
[ info ] [ HEADER ] array (
  'accept' => 'text/html,application/xhtml+xml,application/xml;q=0.9,image/webp,image/apng,*/*;q=0.8',
  'accept-encoding' => 'gzip, deflate',
  'accept-language' => 'zh-CN,zh;q=0.8',
  'connection' => 'keep-alive',
  'cookie' => 'token=7892BDDA8F06E8B8B1D8143E68210EE3',
  'dnt' => '1',
  'host' => 'www.yi-23.com',
  'upgrade-insecure-requests' => '1',
  'user-agent' => 'Mozilla/5.0 (Windows NT 10.0; WOW64) AppleWebKit/537.36 (KHTML, like Gecko) Chrome/61.0.3163.100 Safari/537.36',
)
[ info ] [ PARAM ] array (
)
[ info ] [ RUN ] app\index\controller\index->index[ /data/home/qxu1146510236/htdocs/application/index/controller/Index.php ]
[ info ] [ VIEW ] ./application/index/view/index/index.html [ array (
  0 => 'key',
  1 => 'aaa',
) ]
[ info ] [ LOG ] INIT File
---------------------------------------------------------------
[ 2018-02-05T13:33:26+08:00 ] 121.42.87.135 27.154.78.103 POST /public/admin/html/show
[ info ] www.yi-23.com/public/admin/html/show [运行时间：0.024922s][吞吐率：40.13req/s] [内存消耗：1,676.83kb] [文件加载：30]
[ info ] [ LANG ] /data/home/qxu1146510236/htdocs/thinkphp/lang/zh-cn.php
[ info ] [ ROUTE ] array (
  'type' => 'module',
  'module' => 
  array (
    0 => 'admin',
    1 => 'html',
    2 => 'show',
  ),
)
[ info ] [ HEADER ] array (
  'content-length' => '0',
  'accept' => 'application/json, text/javascript, */*; q=0.01',
  'accept-encoding' => 'gzip, deflate',
  'accept-language' => 'zh-CN,zh;q=0.8',
  'connection' => 'keep-alive',
  'cookie' => 'token=7892BDDA8F06E8B8B1D8143E68210EE3; PHPSESSID=s14eor3tjabipoihljf43s5ba2',
  'dnt' => '1',
  'host' => 'www.yi-23.com',
  'origin' => 'http://www.yi-23.com',
  'referer' => 'http://www.yi-23.com/',
  'user-agent' => 'Mozilla/5.0 (Windows NT 10.0; WOW64) AppleWebKit/537.36 (KHTML, like Gecko) Chrome/61.0.3163.100 Safari/537.36',
  'x-requested-with' => 'XMLHttpRequest',
)
[ info ] [ PARAM ] array (
)
[ info ] [ RUN ] app\admin\controller\Html->show[ /data/home/qxu1146510236/htdocs/application/admin/controller/Html.php ]
[ info ] [ LOG ] INIT File
---------------------------------------------------------------
[ 2018-02-05T13:33:26+08:00 ] 121.42.87.135 27.154.78.103 POST /public/index/Usermsg/usermsg
[ info ] www.yi-23.com/public/index/Usermsg/usermsg [运行时间：0.069677s][吞吐率：14.35req/s] [内存消耗：2,863.63kb] [文件加载：37]
[ info ] [ LANG ] /data/home/qxu1146510236/htdocs/thinkphp/lang/zh-cn.php
[ info ] [ ROUTE ] array (
  'type' => 'module',
  'module' => 
  array (
    0 => 'index',
    1 => 'Usermsg',
    2 => 'usermsg',
  ),
)
[ info ] [ HEADER ] array (
  'content-length' => '0',
  'accept' => 'application/json, text/javascript, */*; q=0.01',
  'accept-encoding' => 'gzip, deflate',
  'accept-language' => 'zh-CN,zh;q=0.8',
  'connection' => 'keep-alive',
  'cookie' => 'token=7892BDDA8F06E8B8B1D8143E68210EE3; PHPSESSID=s14eor3tjabipoihljf43s5ba2',
  'dnt' => '1',
  'host' => 'www.yi-23.com',
  'origin' => 'http://www.yi-23.com',
  'referer' => 'http://www.yi-23.com/',
  'user-agent' => 'Mozilla/5.0 (Windows NT 10.0; WOW64) AppleWebKit/537.36 (KHTML, like Gecko) Chrome/61.0.3163.100 Safari/537.36',
  'x-requested-with' => 'XMLHttpRequest',
)
[ info ] [ PARAM ] array (
)
[ info ] [ DB ] INIT mysql
[ info ] [ RUN ] app\index\controller\usermsg->usermsg[ /data/home/qxu1146510236/htdocs/application/index/controller/Usermsg.php ]
[ info ] [ LOG ] INIT File
---------------------------------------------------------------
[ 2018-02-05T13:33:26+08:00 ] 121.42.87.135 27.154.78.103 POST /public/admin/html/showimg
[ info ] www.yi-23.com/public/admin/html/showimg [运行时间：0.025456s][吞吐率：39.28req/s] [内存消耗：1,677.85kb] [文件加载：30]
[ info ] [ LANG ] /data/home/qxu1146510236/htdocs/thinkphp/lang/zh-cn.php
[ info ] [ ROUTE ] array (
  'type' => 'module',
  'module' => 
  array (
    0 => 'admin',
    1 => 'html',
    2 => 'showimg',
  ),
)
[ info ] [ HEADER ] array (
  'content-length' => '9',
  'content-type' => 'application/x-www-form-urlencoded; charset=UTF-8',
  'accept' => 'application/json, text/javascript, */*; q=0.01',
  'accept-encoding' => 'gzip, deflate',
  'accept-language' => 'zh-CN,zh;q=0.8',
  'connection' => 'keep-alive',
  'cookie' => 'token=7892BDDA8F06E8B8B1D8143E68210EE3; PHPSESSID=s14eor3tjabipoihljf43s5ba2',
  'dnt' => '1',
  'host' => 'www.yi-23.com',
  'origin' => 'http://www.yi-23.com',
  'referer' => 'http://www.yi-23.com/',
  'user-agent' => 'Mozilla/5.0 (Windows NT 10.0; WOW64) AppleWebKit/537.36 (KHTML, like Gecko) Chrome/61.0.3163.100 Safari/537.36',
  'x-requested-with' => 'XMLHttpRequest',
)
[ info ] [ PARAM ] array (
  'key' => 'belle',
)
[ info ] [ RUN ] app\admin\controller\Html->showimg[ /data/home/qxu1146510236/htdocs/application/admin/controller/Html.php ]
[ info ] [ LOG ] INIT File
---------------------------------------------------------------
[ 2018-02-05T13:33:26+08:00 ] 121.42.87.135 27.154.78.103 POST /public/index/Usermsg/classname
[ info ] www.yi-23.com/public/index/Usermsg/classname [运行时间：0.047792s][吞吐率：20.92req/s] [内存消耗：3,058.73kb] [文件加载：37]
[ info ] [ LANG ] /data/home/qxu1146510236/htdocs/thinkphp/lang/zh-cn.php
[ info ] [ ROUTE ] array (
  'type' => 'module',
  'module' => 
  array (
    0 => 'index',
    1 => 'Usermsg',
    2 => 'classname',
  ),
)
[ info ] [ HEADER ] array (
  'content-length' => '0',
  'accept' => 'application/json, text/javascript, */*; q=0.01',
  'accept-encoding' => 'gzip, deflate',
  'accept-language' => 'zh-CN,zh;q=0.8',
  'connection' => 'keep-alive',
  'cookie' => 'token=7892BDDA8F06E8B8B1D8143E68210EE3; PHPSESSID=s14eor3tjabipoihljf43s5ba2',
  'dnt' => '1',
  'host' => 'www.yi-23.com',
  'origin' => 'http://www.yi-23.com',
  'referer' => 'http://www.yi-23.com/',
  'user-agent' => 'Mozilla/5.0 (Windows NT 10.0; WOW64) AppleWebKit/537.36 (KHTML, like Gecko) Chrome/61.0.3163.100 Safari/537.36',
  'x-requested-with' => 'XMLHttpRequest',
)
[ info ] [ PARAM ] array (
)
[ info ] [ DB ] INIT mysql
[ info ] [ RUN ] app\index\controller\usermsg->classname[ /data/home/qxu1146510236/htdocs/application/index/controller/Usermsg.php ]
[ info ] [ LOG ] INIT File
---------------------------------------------------------------
[ 2018-02-05T14:09:49+08:00 ] 121.42.87.135 39.104.29.35 GET /
[ info ] www.yi-23.com/ [运行时间：0.032222s][吞吐率：31.03req/s] [内存消耗：2,288.45kb] [文件加载：40]
[ info ] [ LANG ] /data/home/qxu1146510236/htdocs/thinkphp/lang/zh-cn.php
[ info ] [ ROUTE ] array (
  'type' => 'module',
  'module' => 
  array (
    0 => '',
    1 => NULL,
    2 => NULL,
  ),
)
[ info ] [ HEADER ] array (
  'accept' => 'text/html, image/gif, image/jpeg, *; q=.2, */*; q=.2',
  'cache-control' => 'no-cache',
  'connection' => 'keep-alive',
  'host' => 'www.yi-23.com',
  'pragma' => 'no-cache',
  'user-agent' => 'Mozilla/5.0 (X11; Ubuntu; Linux x86_64; rv:36.0) Gecko/20100101 Firefox/36.0',
)
[ info ] [ PARAM ] array (
)
[ info ] [ RUN ] app\index\controller\index->index[ /data/home/qxu1146510236/htdocs/application/index/controller/Index.php ]
[ info ] [ VIEW ] ./application/index/view/index/index.html [ array (
) ]
[ info ] [ LOG ] INIT File
---------------------------------------------------------------
[ 2018-02-05T14:26:45+08:00 ] 121.42.87.135 106.11.227.206 GET /
[ info ] yi-23.com/ [运行时间：0.032167s][吞吐率：31.09req/s] [内存消耗：2,288.95kb] [文件加载：40]
[ info ] [ LANG ] /data/home/qxu1146510236/htdocs/thinkphp/lang/zh-cn.php
[ info ] [ ROUTE ] array (
  'type' => 'module',
  'module' => 
  array (
    0 => '',
    1 => NULL,
    2 => NULL,
  ),
)
[ info ] [ HEADER ] array (
  'accept' => 'text/html, image/gif, image/jpeg, *; q=.2, */*; q=.2',
  'accept-encoding' => 'gzip',
  'cache-control' => 'no-cache',
  'connection' => 'keep-alive',
  'host' => 'yi-23.com',
  'pragma' => 'no-cache',
  'user-agent' => 'Mozilla/5.0 (iPad; CPU OS 9_1 like Mac OS X) AppleWebKit/601.1.46 (KHTML, like Gecko) Version/9.0 Mobile/13B143 Safari/601.1',
)
[ info ] [ PARAM ] array (
)
[ info ] [ RUN ] app\index\controller\index->index[ /data/home/qxu1146510236/htdocs/application/index/controller/Index.php ]
[ info ] [ VIEW ] ./application/index/view/index/index.html [ array (
) ]
[ info ] [ LOG ] INIT File
---------------------------------------------------------------
[ 2018-02-05T14:50:26+08:00 ] 121.42.87.135 106.11.229.53 GET /
[ info ] yi-23.com/ [运行时间：0.032109s][吞吐率：31.14req/s] [内存消耗：2,287.26kb] [文件加载：40]
[ info ] [ LANG ] /data/home/qxu1146510236/htdocs/thinkphp/lang/zh-cn.php
[ info ] [ ROUTE ] array (
  'type' => 'module',
  'module' => 
  array (
    0 => '',
    1 => NULL,
    2 => NULL,
  ),
)
[ info ] [ HEADER ] array (
  'accept-encoding' => 'gzip',
  'host' => 'yi-23.com',
  'user-agent' => 'Go-http-client/1.1',
)
[ info ] [ PARAM ] array (
)
[ info ] [ RUN ] app\index\controller\index->index[ /data/home/qxu1146510236/htdocs/application/index/controller/Index.php ]
[ info ] [ VIEW ] ./application/index/view/index/index.html [ array (
) ]
[ info ] [ LOG ] INIT File
---------------------------------------------------------------
[ 2018-02-05T14:50:26+08:00 ] 121.42.87.135 106.11.229.161 GET /
[ info ] www.yi-23.com/ [运行时间：0.034651s][吞吐率：28.86req/s] [内存消耗：2,287.31kb] [文件加载：40]
[ info ] [ LANG ] /data/home/qxu1146510236/htdocs/thinkphp/lang/zh-cn.php
[ info ] [ ROUTE ] array (
  'type' => 'module',
  'module' => 
  array (
    0 => '',
    1 => NULL,
    2 => NULL,
  ),
)
[ info ] [ HEADER ] array (
  'accept-encoding' => 'gzip',
  'host' => 'www.yi-23.com',
  'user-agent' => 'Go-http-client/1.1',
)
[ info ] [ PARAM ] array (
)
[ info ] [ RUN ] app\index\controller\index->index[ /data/home/qxu1146510236/htdocs/application/index/controller/Index.php ]
[ info ] [ VIEW ] ./application/index/view/index/index.html [ array (
) ]
[ info ] [ LOG ] INIT File
---------------------------------------------------------------
[ 2018-02-05T15:03:46+08:00 ] 121.42.87.135 27.154.78.103 GET /
[ info ] www.yi-23.com/ [运行时间：0.033170s][吞吐率：30.15req/s] [内存消耗：2,272.67kb] [文件加载：39]
[ info ] [ LANG ] /data/home/qxu1146510236/htdocs/thinkphp/lang/zh-cn.php
[ info ] [ ROUTE ] array (
  'type' => 'module',
  'module' => 
  array (
    0 => '',
    1 => NULL,
    2 => NULL,
  ),
)
[ info ] [ HEADER ] array (
  'accept' => 'text/html,application/xhtml+xml,application/xml;q=0.9,image/webp,image/apng,*/*;q=0.8',
  'accept-encoding' => 'gzip, deflate',
  'accept-language' => 'zh-CN,zh;q=0.8',
  'connection' => 'keep-alive',
  'cookie' => 'token=7892BDDA8F06E8B8B1D8143E68210EE3; PHPSESSID=s14eor3tjabipoihljf43s5ba2',
  'dnt' => '1',
  'host' => 'www.yi-23.com',
  'referer' => 'http://www.891hy.com/',
  'upgrade-insecure-requests' => '1',
  'user-agent' => 'Mozilla/5.0 (Windows NT 10.0; WOW64) AppleWebKit/537.36 (KHTML, like Gecko) Chrome/61.0.3163.100 Safari/537.36',
)
[ info ] [ PARAM ] array (
)
[ info ] [ RUN ] app\index\controller\index->index[ /data/home/qxu1146510236/htdocs/application/index/controller/Index.php ]
[ info ] [ VIEW ] ./application/index/view/index/index.html [ array (
  0 => 'key',
  1 => 'aaa',
) ]
[ info ] [ LOG ] INIT File
---------------------------------------------------------------
[ 2018-02-05T15:03:46+08:00 ] 121.42.87.135 27.154.78.103 POST /public/admin/html/show
[ info ] www.yi-23.com/public/admin/html/show [运行时间：0.025161s][吞吐率：39.74req/s] [内存消耗：1,676.83kb] [文件加载：30]
[ info ] [ LANG ] /data/home/qxu1146510236/htdocs/thinkphp/lang/zh-cn.php
[ info ] [ ROUTE ] array (
  'type' => 'module',
  'module' => 
  array (
    0 => 'admin',
    1 => 'html',
    2 => 'show',
  ),
)
[ info ] [ HEADER ] array (
  'content-length' => '0',
  'accept' => 'application/json, text/javascript, */*; q=0.01',
  'accept-encoding' => 'gzip, deflate',
  'accept-language' => 'zh-CN,zh;q=0.8',
  'connection' => 'keep-alive',
  'cookie' => 'token=7892BDDA8F06E8B8B1D8143E68210EE3; PHPSESSID=s14eor3tjabipoihljf43s5ba2',
  'dnt' => '1',
  'host' => 'www.yi-23.com',
  'origin' => 'http://www.yi-23.com',
  'referer' => 'http://www.yi-23.com/',
  'user-agent' => 'Mozilla/5.0 (Windows NT 10.0; WOW64) AppleWebKit/537.36 (KHTML, like Gecko) Chrome/61.0.3163.100 Safari/537.36',
  'x-requested-with' => 'XMLHttpRequest',
)
[ info ] [ PARAM ] array (
)
[ info ] [ RUN ] app\admin\controller\Html->show[ /data/home/qxu1146510236/htdocs/application/admin/controller/Html.php ]
[ info ] [ LOG ] INIT File
---------------------------------------------------------------
[ 2018-02-05T15:03:46+08:00 ] 121.42.87.135 27.154.78.103 POST /public/index/Usermsg/usermsg
[ info ] www.yi-23.com/public/index/Usermsg/usermsg [运行时间：0.061734s][吞吐率：16.20req/s] [内存消耗：2,863.63kb] [文件加载：37]
[ info ] [ LANG ] /data/home/qxu1146510236/htdocs/thinkphp/lang/zh-cn.php
[ info ] [ ROUTE ] array (
  'type' => 'module',
  'module' => 
  array (
    0 => 'index',
    1 => 'Usermsg',
    2 => 'usermsg',
  ),
)
[ info ] [ HEADER ] array (
  'content-length' => '0',
  'accept' => 'application/json, text/javascript, */*; q=0.01',
  'accept-encoding' => 'gzip, deflate',
  'accept-language' => 'zh-CN,zh;q=0.8',
  'connection' => 'keep-alive',
  'cookie' => 'token=7892BDDA8F06E8B8B1D8143E68210EE3; PHPSESSID=s14eor3tjabipoihljf43s5ba2',
  'dnt' => '1',
  'host' => 'www.yi-23.com',
  'origin' => 'http://www.yi-23.com',
  'referer' => 'http://www.yi-23.com/',
  'user-agent' => 'Mozilla/5.0 (Windows NT 10.0; WOW64) AppleWebKit/537.36 (KHTML, like Gecko) Chrome/61.0.3163.100 Safari/537.36',
  'x-requested-with' => 'XMLHttpRequest',
)
[ info ] [ PARAM ] array (
)
[ info ] [ DB ] INIT mysql
[ info ] [ RUN ] app\index\controller\usermsg->usermsg[ /data/home/qxu1146510236/htdocs/application/index/controller/Usermsg.php ]
[ info ] [ LOG ] INIT File
---------------------------------------------------------------
[ 2018-02-05T15:03:46+08:00 ] 121.42.87.135 27.154.78.103 POST /public/admin/html/showimg
[ info ] www.yi-23.com/public/admin/html/showimg [运行时间：0.027818s][吞吐率：35.95req/s] [内存消耗：1,677.85kb] [文件加载：30]
[ info ] [ LANG ] /data/home/qxu1146510236/htdocs/thinkphp/lang/zh-cn.php
[ info ] [ ROUTE ] array (
  'type' => 'module',
  'module' => 
  array (
    0 => 'admin',
    1 => 'html',
    2 => 'showimg',
  ),
)
[ info ] [ HEADER ] array (
  'content-length' => '9',
  'content-type' => 'application/x-www-form-urlencoded; charset=UTF-8',
  'accept' => 'application/json, text/javascript, */*; q=0.01',
  'accept-encoding' => 'gzip, deflate',
  'accept-language' => 'zh-CN,zh;q=0.8',
  'connection' => 'keep-alive',
  'cookie' => 'token=7892BDDA8F06E8B8B1D8143E68210EE3; PHPSESSID=s14eor3tjabipoihljf43s5ba2',
  'dnt' => '1',
  'host' => 'www.yi-23.com',
  'origin' => 'http://www.yi-23.com',
  'referer' => 'http://www.yi-23.com/',
  'user-agent' => 'Mozilla/5.0 (Windows NT 10.0; WOW64) AppleWebKit/537.36 (KHTML, like Gecko) Chrome/61.0.3163.100 Safari/537.36',
  'x-requested-with' => 'XMLHttpRequest',
)
[ info ] [ PARAM ] array (
  'key' => 'belle',
)
[ info ] [ RUN ] app\admin\controller\Html->showimg[ /data/home/qxu1146510236/htdocs/application/admin/controller/Html.php ]
[ info ] [ LOG ] INIT File
---------------------------------------------------------------
[ 2018-02-05T15:03:46+08:00 ] 121.42.87.135 27.154.78.103 POST /public/index/Usermsg/classname
[ info ] www.yi-23.com/public/index/Usermsg/classname [运行时间：0.048278s][吞吐率：20.71req/s] [内存消耗：3,058.73kb] [文件加载：37]
[ info ] [ LANG ] /data/home/qxu1146510236/htdocs/thinkphp/lang/zh-cn.php
[ info ] [ ROUTE ] array (
  'type' => 'module',
  'module' => 
  array (
    0 => 'index',
    1 => 'Usermsg',
    2 => 'classname',
  ),
)
[ info ] [ HEADER ] array (
  'content-length' => '0',
  'accept' => 'application/json, text/javascript, */*; q=0.01',
  'accept-encoding' => 'gzip, deflate',
  'accept-language' => 'zh-CN,zh;q=0.8',
  'connection' => 'keep-alive',
  'cookie' => 'token=7892BDDA8F06E8B8B1D8143E68210EE3; PHPSESSID=s14eor3tjabipoihljf43s5ba2',
  'dnt' => '1',
  'host' => 'www.yi-23.com',
  'origin' => 'http://www.yi-23.com',
  'referer' => 'http://www.yi-23.com/',
  'user-agent' => 'Mozilla/5.0 (Windows NT 10.0; WOW64) AppleWebKit/537.36 (KHTML, like Gecko) Chrome/61.0.3163.100 Safari/537.36',
  'x-requested-with' => 'XMLHttpRequest',
)
[ info ] [ PARAM ] array (
)
[ info ] [ DB ] INIT mysql
[ info ] [ RUN ] app\index\controller\usermsg->classname[ /data/home/qxu1146510236/htdocs/application/index/controller/Usermsg.php ]
[ info ] [ LOG ] INIT File
---------------------------------------------------------------
[ 2018-02-05T15:03:50+08:00 ] 121.42.87.135 27.154.78.103 GET /
[ info ] www.yi-23.com/ [运行时间：0.033406s][吞吐率：29.93req/s] [内存消耗：2,272.67kb] [文件加载：39]
[ info ] [ LANG ] /data/home/qxu1146510236/htdocs/thinkphp/lang/zh-cn.php
[ info ] [ ROUTE ] array (
  'type' => 'module',
  'module' => 
  array (
    0 => '',
    1 => NULL,
    2 => NULL,
  ),
)
[ info ] [ HEADER ] array (
  'accept' => 'text/html,application/xhtml+xml,application/xml;q=0.9,image/webp,image/apng,*/*;q=0.8',
  'accept-encoding' => 'gzip, deflate',
  'accept-language' => 'zh-CN,zh;q=0.8',
  'connection' => 'keep-alive',
  'cookie' => 'token=7892BDDA8F06E8B8B1D8143E68210EE3; PHPSESSID=s14eor3tjabipoihljf43s5ba2',
  'dnt' => '1',
  'host' => 'www.yi-23.com',
  'referer' => 'http://www.891hy.com/',
  'upgrade-insecure-requests' => '1',
  'user-agent' => 'Mozilla/5.0 (Windows NT 10.0; WOW64) AppleWebKit/537.36 (KHTML, like Gecko) Chrome/61.0.3163.100 Safari/537.36',
)
[ info ] [ PARAM ] array (
)
[ info ] [ RUN ] app\index\controller\index->index[ /data/home/qxu1146510236/htdocs/application/index/controller/Index.php ]
[ info ] [ VIEW ] ./application/index/view/index/index.html [ array (
  0 => 'key',
  1 => 'aaa',
) ]
[ info ] [ LOG ] INIT File
---------------------------------------------------------------
[ 2018-02-05T15:03:50+08:00 ] 121.42.87.135 27.154.78.103 POST /public/admin/html/show
[ info ] www.yi-23.com/public/admin/html/show [运行时间：0.024895s][吞吐率：40.17req/s] [内存消耗：1,676.83kb] [文件加载：30]
[ info ] [ LANG ] /data/home/qxu1146510236/htdocs/thinkphp/lang/zh-cn.php
[ info ] [ ROUTE ] array (
  'type' => 'module',
  'module' => 
  array (
    0 => 'admin',
    1 => 'html',
    2 => 'show',
  ),
)
[ info ] [ HEADER ] array (
  'content-length' => '0',
  'accept' => 'application/json, text/javascript, */*; q=0.01',
  'accept-encoding' => 'gzip, deflate',
  'accept-language' => 'zh-CN,zh;q=0.8',
  'connection' => 'keep-alive',
  'cookie' => 'token=7892BDDA8F06E8B8B1D8143E68210EE3; PHPSESSID=s14eor3tjabipoihljf43s5ba2',
  'dnt' => '1',
  'host' => 'www.yi-23.com',
  'origin' => 'http://www.yi-23.com',
  'referer' => 'http://www.yi-23.com/',
  'user-agent' => 'Mozilla/5.0 (Windows NT 10.0; WOW64) AppleWebKit/537.36 (KHTML, like Gecko) Chrome/61.0.3163.100 Safari/537.36',
  'x-requested-with' => 'XMLHttpRequest',
)
[ info ] [ PARAM ] array (
)
[ info ] [ RUN ] app\admin\controller\Html->show[ /data/home/qxu1146510236/htdocs/application/admin/controller/Html.php ]
[ info ] [ LOG ] INIT File
---------------------------------------------------------------
[ 2018-02-05T15:03:50+08:00 ] 121.42.87.135 27.154.78.103 POST /public/index/Usermsg/usermsg
[ info ] www.yi-23.com/public/index/Usermsg/usermsg [运行时间：0.045696s][吞吐率：21.88req/s] [内存消耗：2,863.63kb] [文件加载：37]
[ info ] [ LANG ] /data/home/qxu1146510236/htdocs/thinkphp/lang/zh-cn.php
[ info ] [ ROUTE ] array (
  'type' => 'module',
  'module' => 
  array (
    0 => 'index',
    1 => 'Usermsg',
    2 => 'usermsg',
  ),
)
[ info ] [ HEADER ] array (
  'content-length' => '0',
  'accept' => 'application/json, text/javascript, */*; q=0.01',
  'accept-encoding' => 'gzip, deflate',
  'accept-language' => 'zh-CN,zh;q=0.8',
  'connection' => 'keep-alive',
  'cookie' => 'token=7892BDDA8F06E8B8B1D8143E68210EE3; PHPSESSID=s14eor3tjabipoihljf43s5ba2',
  'dnt' => '1',
  'host' => 'www.yi-23.com',
  'origin' => 'http://www.yi-23.com',
  'referer' => 'http://www.yi-23.com/',
  'user-agent' => 'Mozilla/5.0 (Windows NT 10.0; WOW64) AppleWebKit/537.36 (KHTML, like Gecko) Chrome/61.0.3163.100 Safari/537.36',
  'x-requested-with' => 'XMLHttpRequest',
)
[ info ] [ PARAM ] array (
)
[ info ] [ DB ] INIT mysql
[ info ] [ RUN ] app\index\controller\usermsg->usermsg[ /data/home/qxu1146510236/htdocs/application/index/controller/Usermsg.php ]
[ info ] [ LOG ] INIT File
---------------------------------------------------------------
[ 2018-02-05T15:03:50+08:00 ] 121.42.87.135 27.154.78.103 POST /public/admin/html/showimg
[ info ] www.yi-23.com/public/admin/html/showimg [运行时间：0.024910s][吞吐率：40.14req/s] [内存消耗：1,677.85kb] [文件加载：30]
[ info ] [ LANG ] /data/home/qxu1146510236/htdocs/thinkphp/lang/zh-cn.php
[ info ] [ ROUTE ] array (
  'type' => 'module',
  'module' => 
  array (
    0 => 'admin',
    1 => 'html',
    2 => 'showimg',
  ),
)
[ info ] [ HEADER ] array (
  'content-length' => '9',
  'content-type' => 'application/x-www-form-urlencoded; charset=UTF-8',
  'accept' => 'application/json, text/javascript, */*; q=0.01',
  'accept-encoding' => 'gzip, deflate',
  'accept-language' => 'zh-CN,zh;q=0.8',
  'connection' => 'keep-alive',
  'cookie' => 'token=7892BDDA8F06E8B8B1D8143E68210EE3; PHPSESSID=s14eor3tjabipoihljf43s5ba2',
  'dnt' => '1',
  'host' => 'www.yi-23.com',
  'origin' => 'http://www.yi-23.com',
  'referer' => 'http://www.yi-23.com/',
  'user-agent' => 'Mozilla/5.0 (Windows NT 10.0; WOW64) AppleWebKit/537.36 (KHTML, like Gecko) Chrome/61.0.3163.100 Safari/537.36',
  'x-requested-with' => 'XMLHttpRequest',
)
[ info ] [ PARAM ] array (
  'key' => 'belle',
)
[ info ] [ RUN ] app\admin\controller\Html->showimg[ /data/home/qxu1146510236/htdocs/application/admin/controller/Html.php ]
[ info ] [ LOG ] INIT File
---------------------------------------------------------------
[ 2018-02-05T15:03:50+08:00 ] 121.42.87.135 27.154.78.103 POST /public/index/Usermsg/classname
[ info ] www.yi-23.com/public/index/Usermsg/classname [运行时间：0.046980s][吞吐率：21.29req/s] [内存消耗：3,058.73kb] [文件加载：37]
[ info ] [ LANG ] /data/home/qxu1146510236/htdocs/thinkphp/lang/zh-cn.php
[ info ] [ ROUTE ] array (
  'type' => 'module',
  'module' => 
  array (
    0 => 'index',
    1 => 'Usermsg',
    2 => 'classname',
  ),
)
[ info ] [ HEADER ] array (
  'content-length' => '0',
  'accept' => 'application/json, text/javascript, */*; q=0.01',
  'accept-encoding' => 'gzip, deflate',
  'accept-language' => 'zh-CN,zh;q=0.8',
  'connection' => 'keep-alive',
  'cookie' => 'token=7892BDDA8F06E8B8B1D8143E68210EE3; PHPSESSID=s14eor3tjabipoihljf43s5ba2',
  'dnt' => '1',
  'host' => 'www.yi-23.com',
  'origin' => 'http://www.yi-23.com',
  'referer' => 'http://www.yi-23.com/',
  'user-agent' => 'Mozilla/5.0 (Windows NT 10.0; WOW64) AppleWebKit/537.36 (KHTML, like Gecko) Chrome/61.0.3163.100 Safari/537.36',
  'x-requested-with' => 'XMLHttpRequest',
)
[ info ] [ PARAM ] array (
)
[ info ] [ DB ] INIT mysql
[ info ] [ RUN ] app\index\controller\usermsg->classname[ /data/home/qxu1146510236/htdocs/application/index/controller/Usermsg.php ]
[ info ] [ LOG ] INIT File
---------------------------------------------------------------
[ 2018-02-05T15:03:53+08:00 ] 121.42.87.135 27.154.78.103 GET /
[ info ] www.yi-23.com/ [运行时间：0.031566s][吞吐率：31.68req/s] [内存消耗：2,272.67kb] [文件加载：39]
[ info ] [ LANG ] /data/home/qxu1146510236/htdocs/thinkphp/lang/zh-cn.php
[ info ] [ ROUTE ] array (
  'type' => 'module',
  'module' => 
  array (
    0 => '',
    1 => NULL,
    2 => NULL,
  ),
)
[ info ] [ HEADER ] array (
  'accept' => 'text/html,application/xhtml+xml,application/xml;q=0.9,image/webp,image/apng,*/*;q=0.8',
  'accept-encoding' => 'gzip, deflate',
  'accept-language' => 'zh-CN,zh;q=0.8',
  'connection' => 'keep-alive',
  'cookie' => 'token=7892BDDA8F06E8B8B1D8143E68210EE3; PHPSESSID=s14eor3tjabipoihljf43s5ba2',
  'dnt' => '1',
  'host' => 'www.yi-23.com',
  'referer' => 'http://www.891hy.com/',
  'upgrade-insecure-requests' => '1',
  'user-agent' => 'Mozilla/5.0 (Windows NT 10.0; WOW64) AppleWebKit/537.36 (KHTML, like Gecko) Chrome/61.0.3163.100 Safari/537.36',
)
[ info ] [ PARAM ] array (
)
[ info ] [ RUN ] app\index\controller\index->index[ /data/home/qxu1146510236/htdocs/application/index/controller/Index.php ]
[ info ] [ VIEW ] ./application/index/view/index/index.html [ array (
  0 => 'key',
  1 => 'aaa',
) ]
[ info ] [ LOG ] INIT File
---------------------------------------------------------------
[ 2018-02-05T15:03:53+08:00 ] 121.42.87.135 27.154.78.103 POST /public/admin/html/show
[ info ] www.yi-23.com/public/admin/html/show [运行时间：0.027106s][吞吐率：36.89req/s] [内存消耗：1,676.83kb] [文件加载：30]
[ info ] [ LANG ] /data/home/qxu1146510236/htdocs/thinkphp/lang/zh-cn.php
[ info ] [ ROUTE ] array (
  'type' => 'module',
  'module' => 
  array (
    0 => 'admin',
    1 => 'html',
    2 => 'show',
  ),
)
[ info ] [ HEADER ] array (
  'content-length' => '0',
  'accept' => 'application/json, text/javascript, */*; q=0.01',
  'accept-encoding' => 'gzip, deflate',
  'accept-language' => 'zh-CN,zh;q=0.8',
  'connection' => 'keep-alive',
  'cookie' => 'token=7892BDDA8F06E8B8B1D8143E68210EE3; PHPSESSID=s14eor3tjabipoihljf43s5ba2',
  'dnt' => '1',
  'host' => 'www.yi-23.com',
  'origin' => 'http://www.yi-23.com',
  'referer' => 'http://www.yi-23.com/',
  'user-agent' => 'Mozilla/5.0 (Windows NT 10.0; WOW64) AppleWebKit/537.36 (KHTML, like Gecko) Chrome/61.0.3163.100 Safari/537.36',
  'x-requested-with' => 'XMLHttpRequest',
)
[ info ] [ PARAM ] array (
)
[ info ] [ RUN ] app\admin\controller\Html->show[ /data/home/qxu1146510236/htdocs/application/admin/controller/Html.php ]
[ info ] [ LOG ] INIT File
---------------------------------------------------------------
[ 2018-02-05T15:03:53+08:00 ] 121.42.87.135 27.154.78.103 POST /public/index/Usermsg/usermsg
[ info ] www.yi-23.com/public/index/Usermsg/usermsg [运行时间：0.052373s][吞吐率：19.09req/s] [内存消耗：2,863.63kb] [文件加载：37]
[ info ] [ LANG ] /data/home/qxu1146510236/htdocs/thinkphp/lang/zh-cn.php
[ info ] [ ROUTE ] array (
  'type' => 'module',
  'module' => 
  array (
    0 => 'index',
    1 => 'Usermsg',
    2 => 'usermsg',
  ),
)
[ info ] [ HEADER ] array (
  'content-length' => '0',
  'accept' => 'application/json, text/javascript, */*; q=0.01',
  'accept-encoding' => 'gzip, deflate',
  'accept-language' => 'zh-CN,zh;q=0.8',
  'connection' => 'keep-alive',
  'cookie' => 'token=7892BDDA8F06E8B8B1D8143E68210EE3; PHPSESSID=s14eor3tjabipoihljf43s5ba2',
  'dnt' => '1',
  'host' => 'www.yi-23.com',
  'origin' => 'http://www.yi-23.com',
  'referer' => 'http://www.yi-23.com/',
  'user-agent' => 'Mozilla/5.0 (Windows NT 10.0; WOW64) AppleWebKit/537.36 (KHTML, like Gecko) Chrome/61.0.3163.100 Safari/537.36',
  'x-requested-with' => 'XMLHttpRequest',
)
[ info ] [ PARAM ] array (
)
[ info ] [ DB ] INIT mysql
[ info ] [ RUN ] app\index\controller\usermsg->usermsg[ /data/home/qxu1146510236/htdocs/application/index/controller/Usermsg.php ]
[ info ] [ LOG ] INIT File
---------------------------------------------------------------
[ 2018-02-05T15:03:53+08:00 ] 121.42.87.135 27.154.78.103 POST /public/admin/html/showimg
[ info ] www.yi-23.com/public/admin/html/showimg [运行时间：0.026612s][吞吐率：37.58req/s] [内存消耗：1,677.85kb] [文件加载：30]
[ info ] [ LANG ] /data/home/qxu1146510236/htdocs/thinkphp/lang/zh-cn.php
[ info ] [ ROUTE ] array (
  'type' => 'module',
  'module' => 
  array (
    0 => 'admin',
    1 => 'html',
    2 => 'showimg',
  ),
)
[ info ] [ HEADER ] array (
  'content-length' => '9',
  'content-type' => 'application/x-www-form-urlencoded; charset=UTF-8',
  'accept' => 'application/json, text/javascript, */*; q=0.01',
  'accept-encoding' => 'gzip, deflate',
  'accept-language' => 'zh-CN,zh;q=0.8',
  'connection' => 'keep-alive',
  'cookie' => 'token=7892BDDA8F06E8B8B1D8143E68210EE3; PHPSESSID=s14eor3tjabipoihljf43s5ba2',
  'dnt' => '1',
  'host' => 'www.yi-23.com',
  'origin' => 'http://www.yi-23.com',
  'referer' => 'http://www.yi-23.com/',
  'user-agent' => 'Mozilla/5.0 (Windows NT 10.0; WOW64) AppleWebKit/537.36 (KHTML, like Gecko) Chrome/61.0.3163.100 Safari/537.36',
  'x-requested-with' => 'XMLHttpRequest',
)
[ info ] [ PARAM ] array (
  'key' => 'belle',
)
[ info ] [ RUN ] app\admin\controller\Html->showimg[ /data/home/qxu1146510236/htdocs/application/admin/controller/Html.php ]
[ info ] [ LOG ] INIT File
---------------------------------------------------------------
[ 2018-02-05T15:03:53+08:00 ] 121.42.87.135 27.154.78.103 POST /public/index/Usermsg/classname
[ info ] www.yi-23.com/public/index/Usermsg/classname [运行时间：0.049682s][吞吐率：20.13req/s] [内存消耗：3,058.73kb] [文件加载：37]
[ info ] [ LANG ] /data/home/qxu1146510236/htdocs/thinkphp/lang/zh-cn.php
[ info ] [ ROUTE ] array (
  'type' => 'module',
  'module' => 
  array (
    0 => 'index',
    1 => 'Usermsg',
    2 => 'classname',
  ),
)
[ info ] [ HEADER ] array (
  'content-length' => '0',
  'accept' => 'application/json, text/javascript, */*; q=0.01',
  'accept-encoding' => 'gzip, deflate',
  'accept-language' => 'zh-CN,zh;q=0.8',
  'connection' => 'keep-alive',
  'cookie' => 'token=7892BDDA8F06E8B8B1D8143E68210EE3; PHPSESSID=s14eor3tjabipoihljf43s5ba2',
  'dnt' => '1',
  'host' => 'www.yi-23.com',
  'origin' => 'http://www.yi-23.com',
  'referer' => 'http://www.yi-23.com/',
  'user-agent' => 'Mozilla/5.0 (Windows NT 10.0; WOW64) AppleWebKit/537.36 (KHTML, like Gecko) Chrome/61.0.3163.100 Safari/537.36',
  'x-requested-with' => 'XMLHttpRequest',
)
[ info ] [ PARAM ] array (
)
[ info ] [ DB ] INIT mysql
[ info ] [ RUN ] app\index\controller\usermsg->classname[ /data/home/qxu1146510236/htdocs/application/index/controller/Usermsg.php ]
[ info ] [ LOG ] INIT File
---------------------------------------------------------------
[ 2018-02-05T15:03:56+08:00 ] 121.42.87.135 27.154.78.103 GET /
[ info ] www.yi-23.com/ [运行时间：0.032191s][吞吐率：31.06req/s] [内存消耗：2,272.67kb] [文件加载：39]
[ info ] [ LANG ] /data/home/qxu1146510236/htdocs/thinkphp/lang/zh-cn.php
[ info ] [ ROUTE ] array (
  'type' => 'module',
  'module' => 
  array (
    0 => '',
    1 => NULL,
    2 => NULL,
  ),
)
[ info ] [ HEADER ] array (
  'accept' => 'text/html,application/xhtml+xml,application/xml;q=0.9,image/webp,image/apng,*/*;q=0.8',
  'accept-encoding' => 'gzip, deflate',
  'accept-language' => 'zh-CN,zh;q=0.8',
  'connection' => 'keep-alive',
  'cookie' => 'token=7892BDDA8F06E8B8B1D8143E68210EE3; PHPSESSID=s14eor3tjabipoihljf43s5ba2',
  'dnt' => '1',
  'host' => 'www.yi-23.com',
  'referer' => 'http://www.891hy.com/',
  'upgrade-insecure-requests' => '1',
  'user-agent' => 'Mozilla/5.0 (Windows NT 10.0; WOW64) AppleWebKit/537.36 (KHTML, like Gecko) Chrome/61.0.3163.100 Safari/537.36',
)
[ info ] [ PARAM ] array (
)
[ info ] [ RUN ] app\index\controller\index->index[ /data/home/qxu1146510236/htdocs/application/index/controller/Index.php ]
[ info ] [ VIEW ] ./application/index/view/index/index.html [ array (
  0 => 'key',
  1 => 'aaa',
) ]
[ info ] [ LOG ] INIT File
---------------------------------------------------------------
[ 2018-02-05T15:03:56+08:00 ] 121.42.87.135 27.154.78.103 POST /public/admin/html/show
[ info ] www.yi-23.com/public/admin/html/show [运行时间：0.026888s][吞吐率：37.19req/s] [内存消耗：1,676.83kb] [文件加载：30]
[ info ] [ LANG ] /data/home/qxu1146510236/htdocs/thinkphp/lang/zh-cn.php
[ info ] [ ROUTE ] array (
  'type' => 'module',
  'module' => 
  array (
    0 => 'admin',
    1 => 'html',
    2 => 'show',
  ),
)
[ info ] [ HEADER ] array (
  'content-length' => '0',
  'accept' => 'application/json, text/javascript, */*; q=0.01',
  'accept-encoding' => 'gzip, deflate',
  'accept-language' => 'zh-CN,zh;q=0.8',
  'connection' => 'keep-alive',
  'cookie' => 'token=7892BDDA8F06E8B8B1D8143E68210EE3; PHPSESSID=s14eor3tjabipoihljf43s5ba2',
  'dnt' => '1',
  'host' => 'www.yi-23.com',
  'origin' => 'http://www.yi-23.com',
  'referer' => 'http://www.yi-23.com/',
  'user-agent' => 'Mozilla/5.0 (Windows NT 10.0; WOW64) AppleWebKit/537.36 (KHTML, like Gecko) Chrome/61.0.3163.100 Safari/537.36',
  'x-requested-with' => 'XMLHttpRequest',
)
[ info ] [ PARAM ] array (
)
[ info ] [ RUN ] app\admin\controller\Html->show[ /data/home/qxu1146510236/htdocs/application/admin/controller/Html.php ]
[ info ] [ LOG ] INIT File
---------------------------------------------------------------
[ 2018-02-05T15:03:56+08:00 ] 121.42.87.135 27.154.78.103 POST /public/index/Usermsg/usermsg
[ info ] www.yi-23.com/public/index/Usermsg/usermsg [运行时间：0.047501s][吞吐率：21.05req/s] [内存消耗：2,863.63kb] [文件加载：37]
[ info ] [ LANG ] /data/home/qxu1146510236/htdocs/thinkphp/lang/zh-cn.php
[ info ] [ ROUTE ] array (
  'type' => 'module',
  'module' => 
  array (
    0 => 'index',
    1 => 'Usermsg',
    2 => 'usermsg',
  ),
)
[ info ] [ HEADER ] array (
  'content-length' => '0',
  'accept' => 'application/json, text/javascript, */*; q=0.01',
  'accept-encoding' => 'gzip, deflate',
  'accept-language' => 'zh-CN,zh;q=0.8',
  'connection' => 'keep-alive',
  'cookie' => 'token=7892BDDA8F06E8B8B1D8143E68210EE3; PHPSESSID=s14eor3tjabipoihljf43s5ba2',
  'dnt' => '1',
  'host' => 'www.yi-23.com',
  'origin' => 'http://www.yi-23.com',
  'referer' => 'http://www.yi-23.com/',
  'user-agent' => 'Mozilla/5.0 (Windows NT 10.0; WOW64) AppleWebKit/537.36 (KHTML, like Gecko) Chrome/61.0.3163.100 Safari/537.36',
  'x-requested-with' => 'XMLHttpRequest',
)
[ info ] [ PARAM ] array (
)
[ info ] [ DB ] INIT mysql
[ info ] [ RUN ] app\index\controller\usermsg->usermsg[ /data/home/qxu1146510236/htdocs/application/index/controller/Usermsg.php ]
[ info ] [ LOG ] INIT File
---------------------------------------------------------------
[ 2018-02-05T15:03:56+08:00 ] 121.42.87.135 27.154.78.103 POST /public/admin/html/showimg
[ info ] www.yi-23.com/public/admin/html/showimg [运行时间：0.024258s][吞吐率：41.22req/s] [内存消耗：1,677.85kb] [文件加载：30]
[ info ] [ LANG ] /data/home/qxu1146510236/htdocs/thinkphp/lang/zh-cn.php
[ info ] [ ROUTE ] array (
  'type' => 'module',
  'module' => 
  array (
    0 => 'admin',
    1 => 'html',
    2 => 'showimg',
  ),
)
[ info ] [ HEADER ] array (
  'content-length' => '9',
  'content-type' => 'application/x-www-form-urlencoded; charset=UTF-8',
  'accept' => 'application/json, text/javascript, */*; q=0.01',
  'accept-encoding' => 'gzip, deflate',
  'accept-language' => 'zh-CN,zh;q=0.8',
  'connection' => 'keep-alive',
  'cookie' => 'token=7892BDDA8F06E8B8B1D8143E68210EE3; PHPSESSID=s14eor3tjabipoihljf43s5ba2',
  'dnt' => '1',
  'host' => 'www.yi-23.com',
  'origin' => 'http://www.yi-23.com',
  'referer' => 'http://www.yi-23.com/',
  'user-agent' => 'Mozilla/5.0 (Windows NT 10.0; WOW64) AppleWebKit/537.36 (KHTML, like Gecko) Chrome/61.0.3163.100 Safari/537.36',
  'x-requested-with' => 'XMLHttpRequest',
)
[ info ] [ PARAM ] array (
  'key' => 'belle',
)
[ info ] [ RUN ] app\admin\controller\Html->showimg[ /data/home/qxu1146510236/htdocs/application/admin/controller/Html.php ]
[ info ] [ LOG ] INIT File
---------------------------------------------------------------
[ 2018-02-05T15:03:56+08:00 ] 121.42.87.135 27.154.78.103 POST /public/index/Usermsg/classname
[ info ] www.yi-23.com/public/index/Usermsg/classname [运行时间：0.049972s][吞吐率：20.01req/s] [内存消耗：3,058.73kb] [文件加载：37]
[ info ] [ LANG ] /data/home/qxu1146510236/htdocs/thinkphp/lang/zh-cn.php
[ info ] [ ROUTE ] array (
  'type' => 'module',
  'module' => 
  array (
    0 => 'index',
    1 => 'Usermsg',
    2 => 'classname',
  ),
)
[ info ] [ HEADER ] array (
  'content-length' => '0',
  'accept' => 'application/json, text/javascript, */*; q=0.01',
  'accept-encoding' => 'gzip, deflate',
  'accept-language' => 'zh-CN,zh;q=0.8',
  'connection' => 'keep-alive',
  'cookie' => 'token=7892BDDA8F06E8B8B1D8143E68210EE3; PHPSESSID=s14eor3tjabipoihljf43s5ba2',
  'dnt' => '1',
  'host' => 'www.yi-23.com',
  'origin' => 'http://www.yi-23.com',
  'referer' => 'http://www.yi-23.com/',
  'user-agent' => 'Mozilla/5.0 (Windows NT 10.0; WOW64) AppleWebKit/537.36 (KHTML, like Gecko) Chrome/61.0.3163.100 Safari/537.36',
  'x-requested-with' => 'XMLHttpRequest',
)
[ info ] [ PARAM ] array (
)
[ info ] [ DB ] INIT mysql
[ info ] [ RUN ] app\index\controller\usermsg->classname[ /data/home/qxu1146510236/htdocs/application/index/controller/Usermsg.php ]
[ info ] [ LOG ] INIT File
---------------------------------------------------------------
[ 2018-02-05T15:03:58+08:00 ] 121.42.87.135 27.154.78.103 GET /
[ info ] www.yi-23.com/ [运行时间：0.031285s][吞吐率：31.96req/s] [内存消耗：2,272.67kb] [文件加载：39]
[ info ] [ LANG ] /data/home/qxu1146510236/htdocs/thinkphp/lang/zh-cn.php
[ info ] [ ROUTE ] array (
  'type' => 'module',
  'module' => 
  array (
    0 => '',
    1 => NULL,
    2 => NULL,
  ),
)
[ info ] [ HEADER ] array (
  'accept' => 'text/html,application/xhtml+xml,application/xml;q=0.9,image/webp,image/apng,*/*;q=0.8',
  'accept-encoding' => 'gzip, deflate',
  'accept-language' => 'zh-CN,zh;q=0.8',
  'connection' => 'keep-alive',
  'cookie' => 'token=7892BDDA8F06E8B8B1D8143E68210EE3; PHPSESSID=s14eor3tjabipoihljf43s5ba2',
  'dnt' => '1',
  'host' => 'www.yi-23.com',
  'referer' => 'http://www.891hy.com/',
  'upgrade-insecure-requests' => '1',
  'user-agent' => 'Mozilla/5.0 (Windows NT 10.0; WOW64) AppleWebKit/537.36 (KHTML, like Gecko) Chrome/61.0.3163.100 Safari/537.36',
)
[ info ] [ PARAM ] array (
)
[ info ] [ RUN ] app\index\controller\index->index[ /data/home/qxu1146510236/htdocs/application/index/controller/Index.php ]
[ info ] [ VIEW ] ./application/index/view/index/index.html [ array (
  0 => 'key',
  1 => 'aaa',
) ]
[ info ] [ LOG ] INIT File
---------------------------------------------------------------
[ 2018-02-05T15:03:58+08:00 ] 121.42.87.135 27.154.78.103 POST /public/admin/html/show
[ info ] www.yi-23.com/public/admin/html/show [运行时间：0.024140s][吞吐率：41.43req/s] [内存消耗：1,676.83kb] [文件加载：30]
[ info ] [ LANG ] /data/home/qxu1146510236/htdocs/thinkphp/lang/zh-cn.php
[ info ] [ ROUTE ] array (
  'type' => 'module',
  'module' => 
  array (
    0 => 'admin',
    1 => 'html',
    2 => 'show',
  ),
)
[ info ] [ HEADER ] array (
  'content-length' => '0',
  'accept' => 'application/json, text/javascript, */*; q=0.01',
  'accept-encoding' => 'gzip, deflate',
  'accept-language' => 'zh-CN,zh;q=0.8',
  'connection' => 'keep-alive',
  'cookie' => 'token=7892BDDA8F06E8B8B1D8143E68210EE3; PHPSESSID=s14eor3tjabipoihljf43s5ba2',
  'dnt' => '1',
  'host' => 'www.yi-23.com',
  'origin' => 'http://www.yi-23.com',
  'referer' => 'http://www.yi-23.com/',
  'user-agent' => 'Mozilla/5.0 (Windows NT 10.0; WOW64) AppleWebKit/537.36 (KHTML, like Gecko) Chrome/61.0.3163.100 Safari/537.36',
  'x-requested-with' => 'XMLHttpRequest',
)
[ info ] [ PARAM ] array (
)
[ info ] [ RUN ] app\admin\controller\Html->show[ /data/home/qxu1146510236/htdocs/application/admin/controller/Html.php ]
[ info ] [ LOG ] INIT File
---------------------------------------------------------------
[ 2018-02-05T15:03:58+08:00 ] 121.42.87.135 27.154.78.103 POST /public/index/Usermsg/usermsg
[ info ] www.yi-23.com/public/index/Usermsg/usermsg [运行时间：0.043635s][吞吐率：22.92req/s] [内存消耗：2,863.63kb] [文件加载：37]
[ info ] [ LANG ] /data/home/qxu1146510236/htdocs/thinkphp/lang/zh-cn.php
[ info ] [ ROUTE ] array (
  'type' => 'module',
  'module' => 
  array (
    0 => 'index',
    1 => 'Usermsg',
    2 => 'usermsg',
  ),
)
[ info ] [ HEADER ] array (
  'content-length' => '0',
  'accept' => 'application/json, text/javascript, */*; q=0.01',
  'accept-encoding' => 'gzip, deflate',
  'accept-language' => 'zh-CN,zh;q=0.8',
  'connection' => 'keep-alive',
  'cookie' => 'token=7892BDDA8F06E8B8B1D8143E68210EE3; PHPSESSID=s14eor3tjabipoihljf43s5ba2',
  'dnt' => '1',
  'host' => 'www.yi-23.com',
  'origin' => 'http://www.yi-23.com',
  'referer' => 'http://www.yi-23.com/',
  'user-agent' => 'Mozilla/5.0 (Windows NT 10.0; WOW64) AppleWebKit/537.36 (KHTML, like Gecko) Chrome/61.0.3163.100 Safari/537.36',
  'x-requested-with' => 'XMLHttpRequest',
)
[ info ] [ PARAM ] array (
)
[ info ] [ DB ] INIT mysql
[ info ] [ RUN ] app\index\controller\usermsg->usermsg[ /data/home/qxu1146510236/htdocs/application/index/controller/Usermsg.php ]
[ info ] [ LOG ] INIT File
---------------------------------------------------------------
[ 2018-02-05T15:03:58+08:00 ] 121.42.87.135 27.154.78.103 POST /public/admin/html/showimg
[ info ] www.yi-23.com/public/admin/html/showimg [运行时间：0.024558s][吞吐率：40.72req/s] [内存消耗：1,677.85kb] [文件加载：30]
[ info ] [ LANG ] /data/home/qxu1146510236/htdocs/thinkphp/lang/zh-cn.php
[ info ] [ ROUTE ] array (
  'type' => 'module',
  'module' => 
  array (
    0 => 'admin',
    1 => 'html',
    2 => 'showimg',
  ),
)
[ info ] [ HEADER ] array (
  'content-length' => '9',
  'content-type' => 'application/x-www-form-urlencoded; charset=UTF-8',
  'accept' => 'application/json, text/javascript, */*; q=0.01',
  'accept-encoding' => 'gzip, deflate',
  'accept-language' => 'zh-CN,zh;q=0.8',
  'connection' => 'keep-alive',
  'cookie' => 'token=7892BDDA8F06E8B8B1D8143E68210EE3; PHPSESSID=s14eor3tjabipoihljf43s5ba2',
  'dnt' => '1',
  'host' => 'www.yi-23.com',
  'origin' => 'http://www.yi-23.com',
  'referer' => 'http://www.yi-23.com/',
  'user-agent' => 'Mozilla/5.0 (Windows NT 10.0; WOW64) AppleWebKit/537.36 (KHTML, like Gecko) Chrome/61.0.3163.100 Safari/537.36',
  'x-requested-with' => 'XMLHttpRequest',
)
[ info ] [ PARAM ] array (
  'key' => 'belle',
)
[ info ] [ RUN ] app\admin\controller\Html->showimg[ /data/home/qxu1146510236/htdocs/application/admin/controller/Html.php ]
[ info ] [ LOG ] INIT File
---------------------------------------------------------------
[ 2018-02-05T15:03:58+08:00 ] 121.42.87.135 27.154.78.103 POST /public/index/Usermsg/classname
[ info ] www.yi-23.com/public/index/Usermsg/classname [运行时间：0.047904s][吞吐率：20.88req/s] [内存消耗：3,058.73kb] [文件加载：37]
[ info ] [ LANG ] /data/home/qxu1146510236/htdocs/thinkphp/lang/zh-cn.php
[ info ] [ ROUTE ] array (
  'type' => 'module',
  'module' => 
  array (
    0 => 'index',
    1 => 'Usermsg',
    2 => 'classname',
  ),
)
[ info ] [ HEADER ] array (
  'content-length' => '0',
  'accept' => 'application/json, text/javascript, */*; q=0.01',
  'accept-encoding' => 'gzip, deflate',
  'accept-language' => 'zh-CN,zh;q=0.8',
  'connection' => 'keep-alive',
  'cookie' => 'token=7892BDDA8F06E8B8B1D8143E68210EE3; PHPSESSID=s14eor3tjabipoihljf43s5ba2',
  'dnt' => '1',
  'host' => 'www.yi-23.com',
  'origin' => 'http://www.yi-23.com',
  'referer' => 'http://www.yi-23.com/',
  'user-agent' => 'Mozilla/5.0 (Windows NT 10.0; WOW64) AppleWebKit/537.36 (KHTML, like Gecko) Chrome/61.0.3163.100 Safari/537.36',
  'x-requested-with' => 'XMLHttpRequest',
)
[ info ] [ PARAM ] array (
)
[ info ] [ DB ] INIT mysql
[ info ] [ RUN ] app\index\controller\usermsg->classname[ /data/home/qxu1146510236/htdocs/application/index/controller/Usermsg.php ]
[ info ] [ LOG ] INIT File
---------------------------------------------------------------
[ 2018-02-05T15:04:06+08:00 ] 121.42.87.135 27.154.78.103 GET /
[ info ] www.yi-23.com/ [运行时间：0.032829s][吞吐率：30.46req/s] [内存消耗：2,272.67kb] [文件加载：39]
[ info ] [ LANG ] /data/home/qxu1146510236/htdocs/thinkphp/lang/zh-cn.php
[ info ] [ ROUTE ] array (
  'type' => 'module',
  'module' => 
  array (
    0 => '',
    1 => NULL,
    2 => NULL,
  ),
)
[ info ] [ HEADER ] array (
  'accept' => 'text/html,application/xhtml+xml,application/xml;q=0.9,image/webp,image/apng,*/*;q=0.8',
  'accept-encoding' => 'gzip, deflate',
  'accept-language' => 'zh-CN,zh;q=0.8',
  'connection' => 'keep-alive',
  'cookie' => 'token=7892BDDA8F06E8B8B1D8143E68210EE3; PHPSESSID=s14eor3tjabipoihljf43s5ba2',
  'dnt' => '1',
  'host' => 'www.yi-23.com',
  'referer' => 'http://www.891hy.com/',
  'upgrade-insecure-requests' => '1',
  'user-agent' => 'Mozilla/5.0 (Windows NT 10.0; WOW64) AppleWebKit/537.36 (KHTML, like Gecko) Chrome/61.0.3163.100 Safari/537.36',
)
[ info ] [ PARAM ] array (
)
[ info ] [ RUN ] app\index\controller\index->index[ /data/home/qxu1146510236/htdocs/application/index/controller/Index.php ]
[ info ] [ VIEW ] ./application/index/view/index/index.html [ array (
  0 => 'key',
  1 => 'aaa',
) ]
[ info ] [ LOG ] INIT File
---------------------------------------------------------------
[ 2018-02-05T15:04:06+08:00 ] 121.42.87.135 27.154.78.103 POST /public/admin/html/show
[ info ] www.yi-23.com/public/admin/html/show [运行时间：0.026602s][吞吐率：37.59req/s] [内存消耗：1,676.83kb] [文件加载：30]
[ info ] [ LANG ] /data/home/qxu1146510236/htdocs/thinkphp/lang/zh-cn.php
[ info ] [ ROUTE ] array (
  'type' => 'module',
  'module' => 
  array (
    0 => 'admin',
    1 => 'html',
    2 => 'show',
  ),
)
[ info ] [ HEADER ] array (
  'content-length' => '0',
  'accept' => 'application/json, text/javascript, */*; q=0.01',
  'accept-encoding' => 'gzip, deflate',
  'accept-language' => 'zh-CN,zh;q=0.8',
  'connection' => 'keep-alive',
  'cookie' => 'token=7892BDDA8F06E8B8B1D8143E68210EE3; PHPSESSID=s14eor3tjabipoihljf43s5ba2',
  'dnt' => '1',
  'host' => 'www.yi-23.com',
  'origin' => 'http://www.yi-23.com',
  'referer' => 'http://www.yi-23.com/',
  'user-agent' => 'Mozilla/5.0 (Windows NT 10.0; WOW64) AppleWebKit/537.36 (KHTML, like Gecko) Chrome/61.0.3163.100 Safari/537.36',
  'x-requested-with' => 'XMLHttpRequest',
)
[ info ] [ PARAM ] array (
)
[ info ] [ RUN ] app\admin\controller\Html->show[ /data/home/qxu1146510236/htdocs/application/admin/controller/Html.php ]
[ info ] [ LOG ] INIT File
---------------------------------------------------------------
[ 2018-02-05T15:04:06+08:00 ] 121.42.87.135 27.154.78.103 POST /public/index/Usermsg/usermsg
[ info ] www.yi-23.com/public/index/Usermsg/usermsg [运行时间：0.046693s][吞吐率：21.42req/s] [内存消耗：2,863.63kb] [文件加载：37]
[ info ] [ LANG ] /data/home/qxu1146510236/htdocs/thinkphp/lang/zh-cn.php
[ info ] [ ROUTE ] array (
  'type' => 'module',
  'module' => 
  array (
    0 => 'index',
    1 => 'Usermsg',
    2 => 'usermsg',
  ),
)
[ info ] [ HEADER ] array (
  'content-length' => '0',
  'accept' => 'application/json, text/javascript, */*; q=0.01',
  'accept-encoding' => 'gzip, deflate',
  'accept-language' => 'zh-CN,zh;q=0.8',
  'connection' => 'keep-alive',
  'cookie' => 'token=7892BDDA8F06E8B8B1D8143E68210EE3; PHPSESSID=s14eor3tjabipoihljf43s5ba2',
  'dnt' => '1',
  'host' => 'www.yi-23.com',
  'origin' => 'http://www.yi-23.com',
  'referer' => 'http://www.yi-23.com/',
  'user-agent' => 'Mozilla/5.0 (Windows NT 10.0; WOW64) AppleWebKit/537.36 (KHTML, like Gecko) Chrome/61.0.3163.100 Safari/537.36',
  'x-requested-with' => 'XMLHttpRequest',
)
[ info ] [ PARAM ] array (
)
[ info ] [ DB ] INIT mysql
[ info ] [ RUN ] app\index\controller\usermsg->usermsg[ /data/home/qxu1146510236/htdocs/application/index/controller/Usermsg.php ]
[ info ] [ LOG ] INIT File
---------------------------------------------------------------
[ 2018-02-05T15:04:06+08:00 ] 121.42.87.135 27.154.78.103 POST /public/admin/html/showimg
[ info ] www.yi-23.com/public/admin/html/showimg [运行时间：0.024689s][吞吐率：40.50req/s] [内存消耗：1,677.85kb] [文件加载：30]
[ info ] [ LANG ] /data/home/qxu1146510236/htdocs/thinkphp/lang/zh-cn.php
[ info ] [ ROUTE ] array (
  'type' => 'module',
  'module' => 
  array (
    0 => 'admin',
    1 => 'html',
    2 => 'showimg',
  ),
)
[ info ] [ HEADER ] array (
  'content-length' => '9',
  'content-type' => 'application/x-www-form-urlencoded; charset=UTF-8',
  'accept' => 'application/json, text/javascript, */*; q=0.01',
  'accept-encoding' => 'gzip, deflate',
  'accept-language' => 'zh-CN,zh;q=0.8',
  'connection' => 'keep-alive',
  'cookie' => 'token=7892BDDA8F06E8B8B1D8143E68210EE3; PHPSESSID=s14eor3tjabipoihljf43s5ba2',
  'dnt' => '1',
  'host' => 'www.yi-23.com',
  'origin' => 'http://www.yi-23.com',
  'referer' => 'http://www.yi-23.com/',
  'user-agent' => 'Mozilla/5.0 (Windows NT 10.0; WOW64) AppleWebKit/537.36 (KHTML, like Gecko) Chrome/61.0.3163.100 Safari/537.36',
  'x-requested-with' => 'XMLHttpRequest',
)
[ info ] [ PARAM ] array (
  'key' => 'belle',
)
[ info ] [ RUN ] app\admin\controller\Html->showimg[ /data/home/qxu1146510236/htdocs/application/admin/controller/Html.php ]
[ info ] [ LOG ] INIT File
---------------------------------------------------------------
[ 2018-02-05T15:04:06+08:00 ] 121.42.87.135 27.154.78.103 POST /public/index/Usermsg/classname
[ info ] www.yi-23.com/public/index/Usermsg/classname [运行时间：0.051990s][吞吐率：19.23req/s] [内存消耗：3,058.73kb] [文件加载：37]
[ info ] [ LANG ] /data/home/qxu1146510236/htdocs/thinkphp/lang/zh-cn.php
[ info ] [ ROUTE ] array (
  'type' => 'module',
  'module' => 
  array (
    0 => 'index',
    1 => 'Usermsg',
    2 => 'classname',
  ),
)
[ info ] [ HEADER ] array (
  'content-length' => '0',
  'accept' => 'application/json, text/javascript, */*; q=0.01',
  'accept-encoding' => 'gzip, deflate',
  'accept-language' => 'zh-CN,zh;q=0.8',
  'connection' => 'keep-alive',
  'cookie' => 'token=7892BDDA8F06E8B8B1D8143E68210EE3; PHPSESSID=s14eor3tjabipoihljf43s5ba2',
  'dnt' => '1',
  'host' => 'www.yi-23.com',
  'origin' => 'http://www.yi-23.com',
  'referer' => 'http://www.yi-23.com/',
  'user-agent' => 'Mozilla/5.0 (Windows NT 10.0; WOW64) AppleWebKit/537.36 (KHTML, like Gecko) Chrome/61.0.3163.100 Safari/537.36',
  'x-requested-with' => 'XMLHttpRequest',
)
[ info ] [ PARAM ] array (
)
[ info ] [ DB ] INIT mysql
[ info ] [ RUN ] app\index\controller\usermsg->classname[ /data/home/qxu1146510236/htdocs/application/index/controller/Usermsg.php ]
[ info ] [ LOG ] INIT File
---------------------------------------------------------------
[ 2018-02-05T15:04:11+08:00 ] 121.42.87.135 27.154.78.103 GET /
[ info ] www.yi-23.com/ [运行时间：0.031820s][吞吐率：31.43req/s] [内存消耗：2,272.67kb] [文件加载：39]
[ info ] [ LANG ] /data/home/qxu1146510236/htdocs/thinkphp/lang/zh-cn.php
[ info ] [ ROUTE ] array (
  'type' => 'module',
  'module' => 
  array (
    0 => '',
    1 => NULL,
    2 => NULL,
  ),
)
[ info ] [ HEADER ] array (
  'accept' => 'text/html,application/xhtml+xml,application/xml;q=0.9,image/webp,image/apng,*/*;q=0.8',
  'accept-encoding' => 'gzip, deflate',
  'accept-language' => 'zh-CN,zh;q=0.8',
  'connection' => 'keep-alive',
  'cookie' => 'token=7892BDDA8F06E8B8B1D8143E68210EE3; PHPSESSID=s14eor3tjabipoihljf43s5ba2',
  'dnt' => '1',
  'host' => 'www.yi-23.com',
  'referer' => 'http://www.891hy.com/',
  'upgrade-insecure-requests' => '1',
  'user-agent' => 'Mozilla/5.0 (Windows NT 10.0; WOW64) AppleWebKit/537.36 (KHTML, like Gecko) Chrome/61.0.3163.100 Safari/537.36',
)
[ info ] [ PARAM ] array (
)
[ info ] [ RUN ] app\index\controller\index->index[ /data/home/qxu1146510236/htdocs/application/index/controller/Index.php ]
[ info ] [ VIEW ] ./application/index/view/index/index.html [ array (
  0 => 'key',
  1 => 'aaa',
) ]
[ info ] [ LOG ] INIT File
---------------------------------------------------------------
[ 2018-02-05T15:04:11+08:00 ] 121.42.87.135 27.154.78.103 POST /public/admin/html/show
[ info ] www.yi-23.com/public/admin/html/show [运行时间：0.024071s][吞吐率：41.54req/s] [内存消耗：1,676.83kb] [文件加载：30]
[ info ] [ LANG ] /data/home/qxu1146510236/htdocs/thinkphp/lang/zh-cn.php
[ info ] [ ROUTE ] array (
  'type' => 'module',
  'module' => 
  array (
    0 => 'admin',
    1 => 'html',
    2 => 'show',
  ),
)
[ info ] [ HEADER ] array (
  'content-length' => '0',
  'accept' => 'application/json, text/javascript, */*; q=0.01',
  'accept-encoding' => 'gzip, deflate',
  'accept-language' => 'zh-CN,zh;q=0.8',
  'connection' => 'keep-alive',
  'cookie' => 'token=7892BDDA8F06E8B8B1D8143E68210EE3; PHPSESSID=s14eor3tjabipoihljf43s5ba2',
  'dnt' => '1',
  'host' => 'www.yi-23.com',
  'origin' => 'http://www.yi-23.com',
  'referer' => 'http://www.yi-23.com/',
  'user-agent' => 'Mozilla/5.0 (Windows NT 10.0; WOW64) AppleWebKit/537.36 (KHTML, like Gecko) Chrome/61.0.3163.100 Safari/537.36',
  'x-requested-with' => 'XMLHttpRequest',
)
[ info ] [ PARAM ] array (
)
[ info ] [ RUN ] app\admin\controller\Html->show[ /data/home/qxu1146510236/htdocs/application/admin/controller/Html.php ]
[ info ] [ LOG ] INIT File
---------------------------------------------------------------
[ 2018-02-05T15:04:11+08:00 ] 121.42.87.135 27.154.78.103 POST /public/index/Usermsg/usermsg
[ info ] www.yi-23.com/public/index/Usermsg/usermsg [运行时间：0.045611s][吞吐率：21.92req/s] [内存消耗：2,863.63kb] [文件加载：37]
[ info ] [ LANG ] /data/home/qxu1146510236/htdocs/thinkphp/lang/zh-cn.php
[ info ] [ ROUTE ] array (
  'type' => 'module',
  'module' => 
  array (
    0 => 'index',
    1 => 'Usermsg',
    2 => 'usermsg',
  ),
)
[ info ] [ HEADER ] array (
  'content-length' => '0',
  'accept' => 'application/json, text/javascript, */*; q=0.01',
  'accept-encoding' => 'gzip, deflate',
  'accept-language' => 'zh-CN,zh;q=0.8',
  'connection' => 'keep-alive',
  'cookie' => 'token=7892BDDA8F06E8B8B1D8143E68210EE3; PHPSESSID=s14eor3tjabipoihljf43s5ba2',
  'dnt' => '1',
  'host' => 'www.yi-23.com',
  'origin' => 'http://www.yi-23.com',
  'referer' => 'http://www.yi-23.com/',
  'user-agent' => 'Mozilla/5.0 (Windows NT 10.0; WOW64) AppleWebKit/537.36 (KHTML, like Gecko) Chrome/61.0.3163.100 Safari/537.36',
  'x-requested-with' => 'XMLHttpRequest',
)
[ info ] [ PARAM ] array (
)
[ info ] [ DB ] INIT mysql
[ info ] [ RUN ] app\index\controller\usermsg->usermsg[ /data/home/qxu1146510236/htdocs/application/index/controller/Usermsg.php ]
[ info ] [ LOG ] INIT File
---------------------------------------------------------------
[ 2018-02-05T15:04:11+08:00 ] 121.42.87.135 27.154.78.103 POST /public/admin/html/showimg
[ info ] www.yi-23.com/public/admin/html/showimg [运行时间：0.024526s][吞吐率：40.77req/s] [内存消耗：1,677.85kb] [文件加载：30]
[ info ] [ LANG ] /data/home/qxu1146510236/htdocs/thinkphp/lang/zh-cn.php
[ info ] [ ROUTE ] array (
  'type' => 'module',
  'module' => 
  array (
    0 => 'admin',
    1 => 'html',
    2 => 'showimg',
  ),
)
[ info ] [ HEADER ] array (
  'content-length' => '9',
  'content-type' => 'application/x-www-form-urlencoded; charset=UTF-8',
  'accept' => 'application/json, text/javascript, */*; q=0.01',
  'accept-encoding' => 'gzip, deflate',
  'accept-language' => 'zh-CN,zh;q=0.8',
  'connection' => 'keep-alive',
  'cookie' => 'token=7892BDDA8F06E8B8B1D8143E68210EE3; PHPSESSID=s14eor3tjabipoihljf43s5ba2',
  'dnt' => '1',
  'host' => 'www.yi-23.com',
  'origin' => 'http://www.yi-23.com',
  'referer' => 'http://www.yi-23.com/',
  'user-agent' => 'Mozilla/5.0 (Windows NT 10.0; WOW64) AppleWebKit/537.36 (KHTML, like Gecko) Chrome/61.0.3163.100 Safari/537.36',
  'x-requested-with' => 'XMLHttpRequest',
)
[ info ] [ PARAM ] array (
  'key' => 'belle',
)
[ info ] [ RUN ] app\admin\controller\Html->showimg[ /data/home/qxu1146510236/htdocs/application/admin/controller/Html.php ]
[ info ] [ LOG ] INIT File
---------------------------------------------------------------
[ 2018-02-05T15:04:11+08:00 ] 121.42.87.135 27.154.78.103 POST /public/index/Usermsg/classname
[ info ] www.yi-23.com/public/index/Usermsg/classname [运行时间：0.046782s][吞吐率：21.38req/s] [内存消耗：3,058.73kb] [文件加载：37]
[ info ] [ LANG ] /data/home/qxu1146510236/htdocs/thinkphp/lang/zh-cn.php
[ info ] [ ROUTE ] array (
  'type' => 'module',
  'module' => 
  array (
    0 => 'index',
    1 => 'Usermsg',
    2 => 'classname',
  ),
)
[ info ] [ HEADER ] array (
  'content-length' => '0',
  'accept' => 'application/json, text/javascript, */*; q=0.01',
  'accept-encoding' => 'gzip, deflate',
  'accept-language' => 'zh-CN,zh;q=0.8',
  'connection' => 'keep-alive',
  'cookie' => 'token=7892BDDA8F06E8B8B1D8143E68210EE3; PHPSESSID=s14eor3tjabipoihljf43s5ba2',
  'dnt' => '1',
  'host' => 'www.yi-23.com',
  'origin' => 'http://www.yi-23.com',
  'referer' => 'http://www.yi-23.com/',
  'user-agent' => 'Mozilla/5.0 (Windows NT 10.0; WOW64) AppleWebKit/537.36 (KHTML, like Gecko) Chrome/61.0.3163.100 Safari/537.36',
  'x-requested-with' => 'XMLHttpRequest',
)
[ info ] [ PARAM ] array (
)
[ info ] [ DB ] INIT mysql
[ info ] [ RUN ] app\index\controller\usermsg->classname[ /data/home/qxu1146510236/htdocs/application/index/controller/Usermsg.php ]
[ info ] [ LOG ] INIT File
---------------------------------------------------------------
[ 2018-02-05T20:56:43+08:00 ] 121.42.87.135 111.206.36.11 GET /
[ info ] www.yi-23.com/ [运行时间：0.032443s][吞吐率：30.82req/s] [内存消耗：2,287.94kb] [文件加载：40]
[ info ] [ LANG ] /data/home/qxu1146510236/htdocs/thinkphp/lang/zh-cn.php
[ info ] [ ROUTE ] array (
  'type' => 'module',
  'module' => 
  array (
    0 => '',
    1 => NULL,
    2 => NULL,
  ),
)
[ info ] [ HEADER ] array (
  'connection' => 'close',
  'host' => 'www.yi-23.com',
  'user-agent' => 'Mozilla/5.0 (Macintosh; Intel Mac OS X 10_11_2) AppleWebKit/537.36 (KHTML, like Gecko) Chrome/47.0.2526.80 Safari/537.36',
)
[ info ] [ PARAM ] array (
)
[ info ] [ RUN ] app\index\controller\index->index[ /data/home/qxu1146510236/htdocs/application/index/controller/Index.php ]
[ info ] [ VIEW ] ./application/index/view/index/index.html [ array (
) ]
[ info ] [ LOG ] INIT File
---------------------------------------------------------------
[ 2018-02-05T20:56:51+08:00 ] 121.42.87.135 111.206.36.14 GET /
[ info ] www.yi-23.com/ [运行时间：0.032910s][吞吐率：30.39req/s] [内存消耗：2,287.94kb] [文件加载：40]
[ info ] [ LANG ] /data/home/qxu1146510236/htdocs/thinkphp/lang/zh-cn.php
[ info ] [ ROUTE ] array (
  'type' => 'module',
  'module' => 
  array (
    0 => '',
    1 => NULL,
    2 => NULL,
  ),
)
[ info ] [ HEADER ] array (
  'connection' => 'close',
  'host' => 'www.yi-23.com',
  'user-agent' => 'Mozilla/5.0 (Macintosh; Intel Mac OS X 10_11_2) AppleWebKit/537.36 (KHTML, like Gecko) Chrome/47.0.2526.80 Safari/537.36',
)
[ info ] [ PARAM ] array (
)
[ info ] [ RUN ] app\index\controller\index->index[ /data/home/qxu1146510236/htdocs/application/index/controller/Index.php ]
[ info ] [ VIEW ] ./application/index/view/index/index.html [ array (
) ]
[ info ] [ LOG ] INIT File
---------------------------------------------------------------
[ 2018-02-05T20:58:33+08:00 ] 121.42.87.135 111.206.36.12 GET /
[ info ] www.yi-23.com/ [运行时间：0.032179s][吞吐率：31.08req/s] [内存消耗：2,287.94kb] [文件加载：40]
[ info ] [ LANG ] /data/home/qxu1146510236/htdocs/thinkphp/lang/zh-cn.php
[ info ] [ ROUTE ] array (
  'type' => 'module',
  'module' => 
  array (
    0 => '',
    1 => NULL,
    2 => NULL,
  ),
)
[ info ] [ HEADER ] array (
  'connection' => 'close',
  'host' => 'www.yi-23.com',
  'user-agent' => 'Mozilla/5.0 (Macintosh; Intel Mac OS X 10_11_2) AppleWebKit/537.36 (KHTML, like Gecko) Chrome/47.0.2526.80 Safari/537.36',
)
[ info ] [ PARAM ] array (
)
[ info ] [ RUN ] app\index\controller\index->index[ /data/home/qxu1146510236/htdocs/application/index/controller/Index.php ]
[ info ] [ VIEW ] ./application/index/view/index/index.html [ array (
) ]
[ info ] [ LOG ] INIT File
---------------------------------------------------------------
[ 2018-02-05T21:27:43+08:00 ] 121.42.87.135 142.4.200.37 GET /
[ info ] www.yi-23.com/ [运行时间：0.032191s][吞吐率：31.06req/s] [内存消耗：2,287.89kb] [文件加载：40]
[ info ] [ LANG ] /data/home/qxu1146510236/htdocs/thinkphp/lang/zh-cn.php
[ info ] [ ROUTE ] array (
  'type' => 'module',
  'module' => 
  array (
    0 => '',
    1 => NULL,
    2 => NULL,
  ),
)
[ info ] [ HEADER ] array (
  'accept-encoding' => 'gzip',
  'connection' => 'Keep-Alive',
  'host' => 'www.yi-23.com',
  'user-agent' => 'Mozilla/5.0 (compatible; ExtLinksBot/1.5; +https://extlinks.com/Bot.html)',
)
[ info ] [ PARAM ] array (
)
[ info ] [ RUN ] app\index\controller\index->index[ /data/home/qxu1146510236/htdocs/application/index/controller/Index.php ]
[ info ] [ VIEW ] ./application/index/view/index/index.html [ array (
) ]
[ info ] [ LOG ] INIT File
---------------------------------------------------------------
[ 2018-02-05T21:39:50+08:00 ] 121.42.87.135 203.208.60.143 GET /
[ info ] www.yi-23.com/ [运行时间：0.034726s][吞吐率：28.80req/s] [内存消耗：2,288.49kb] [文件加载：40]
[ info ] [ LANG ] /data/home/qxu1146510236/htdocs/thinkphp/lang/zh-cn.php
[ info ] [ ROUTE ] array (
  'type' => 'module',
  'module' => 
  array (
    0 => '',
    1 => NULL,
    2 => NULL,
  ),
)
[ info ] [ HEADER ] array (
  'accept' => 'text/html,application/xhtml+xml,application/xml;q=0.9,*/*;q=0.8',
  'accept-encoding' => 'gzip,deflate,br',
  'connection' => 'keep-alive',
  'from' => 'googlebot(at)googlebot.com',
  'host' => 'www.yi-23.com',
  'user-agent' => 'Mozilla/5.0 (compatible; Googlebot/2.1; +http://www.google.com/bot.html)',
)
[ info ] [ PARAM ] array (
)
[ info ] [ RUN ] app\index\controller\index->index[ /data/home/qxu1146510236/htdocs/application/index/controller/Index.php ]
[ info ] [ VIEW ] ./application/index/view/index/index.html [ array (
) ]
[ info ] [ LOG ] INIT File
---------------------------------------------------------------
[ 2018-02-05T21:40:13+08:00 ] 121.42.87.135 203.208.60.139 POST /public/index/html/news
[ info ] www.yi-23.com/public/index/html/news [运行时间：0.161399s][吞吐率：6.20req/s] [内存消耗：2,282.92kb] [文件加载：39]
[ info ] [ LANG ] /data/home/qxu1146510236/htdocs/thinkphp/lang/zh-cn.php
[ info ] [ ROUTE ] array (
  'type' => 'module',
  'module' => 
  array (
    0 => 'index',
    1 => 'html',
    2 => 'news',
  ),
)
[ info ] [ HEADER ] array (
  'content-length' => '0',
  'accept' => '*/*,application/json, text/javascript, */*; q=0.01',
  'accept-encoding' => 'gzip,deflate,br',
  'accept-language' => 'en-US',
  'connection' => 'keep-alive',
  'cookie' => 'PHPSESSID=n8uq0b8jpctqjc35svlbm0irk4',
  'from' => 'googlebot(at)googlebot.com',
  'host' => 'www.yi-23.com',
  'origin' => 'http://www.yi-23.com',
  'referer' => 'http://www.yi-23.com/',
  'user-agent' => 'Mozilla/5.0 (compatible; Googlebot/2.1; +http://www.google.com/bot.html)',
  'x-requested-with' => 'XMLHttpRequest',
)
[ info ] [ PARAM ] array (
)
[ info ] [ RUN ] app\index\controller\Html->news[ /data/home/qxu1146510236/htdocs/application/index/controller/Html.php ]
[ info ] [ LOG ] INIT File
---------------------------------------------------------------
[ 2018-02-05T21:44:03+08:00 ] 121.42.87.135 211.162.237.33 GET /
[ info ] www.yi-23.com/ [运行时间：0.033036s][吞吐率：30.27req/s] [内存消耗：2,272.59kb] [文件加载：39]
[ info ] [ LANG ] /data/home/qxu1146510236/htdocs/thinkphp/lang/zh-cn.php
[ info ] [ ROUTE ] array (
  'type' => 'module',
  'module' => 
  array (
    0 => '',
    1 => NULL,
    2 => NULL,
  ),
)
[ info ] [ HEADER ] array (
  'accept' => 'text/html,application/xhtml+xml,application/xml;q=0.9,image/webp,image/apng,*/*;q=0.8',
  'accept-encoding' => 'gzip, deflate',
  'accept-language' => 'zh-CN,zh;q=0.9',
  'connection' => 'keep-alive',
  'cookie' => 'token=7892BDDA8F06E8B8B1D8143E68210EE3',
  'host' => 'www.yi-23.com',
  'upgrade-insecure-requests' => '1',
  'user-agent' => 'Mozilla/5.0 (Windows NT 10.0; WOW64) AppleWebKit/537.36 (KHTML, like Gecko) Chrome/65.0.3322.4 Safari/537.36',
)
[ info ] [ PARAM ] array (
)
[ info ] [ RUN ] app\index\controller\index->index[ /data/home/qxu1146510236/htdocs/application/index/controller/Index.php ]
[ info ] [ VIEW ] ./application/index/view/index/index.html [ array (
  0 => 'key',
  1 => 'aaa',
) ]
[ info ] [ LOG ] INIT File
---------------------------------------------------------------
[ 2018-02-05T21:44:04+08:00 ] 121.42.87.135 211.162.237.33 POST /public/admin/html/show
[ info ] www.yi-23.com/public/admin/html/show [运行时间：0.024601s][吞吐率：40.65req/s] [内存消耗：1,676.45kb] [文件加载：30]
[ info ] [ LANG ] /data/home/qxu1146510236/htdocs/thinkphp/lang/zh-cn.php
[ info ] [ ROUTE ] array (
  'type' => 'module',
  'module' => 
  array (
    0 => 'admin',
    1 => 'html',
    2 => 'show',
  ),
)
[ info ] [ HEADER ] array (
  'content-length' => '0',
  'accept' => 'application/json, text/javascript, */*; q=0.01',
  'accept-encoding' => 'gzip, deflate',
  'accept-language' => 'zh-CN,zh;q=0.9',
  'connection' => 'keep-alive',
  'cookie' => 'token=7892BDDA8F06E8B8B1D8143E68210EE3; PHPSESSID=nhn0hag8sngv4qbeb1ofo53ri3',
  'host' => 'www.yi-23.com',
  'origin' => 'http://www.yi-23.com',
  'referer' => 'http://www.yi-23.com/',
  'user-agent' => 'Mozilla/5.0 (Windows NT 10.0; WOW64) AppleWebKit/537.36 (KHTML, like Gecko) Chrome/65.0.3322.4 Safari/537.36',
  'x-requested-with' => 'XMLHttpRequest',
)
[ info ] [ PARAM ] array (
)
[ info ] [ RUN ] app\admin\controller\Html->show[ /data/home/qxu1146510236/htdocs/application/admin/controller/Html.php ]
[ info ] [ LOG ] INIT File
---------------------------------------------------------------
[ 2018-02-05T21:44:04+08:00 ] 121.42.87.135 211.162.237.33 POST /public/index/Usermsg/usermsg
[ info ] www.yi-23.com/public/index/Usermsg/usermsg [运行时间：0.062626s][吞吐率：15.97req/s] [内存消耗：2,863.62kb] [文件加载：37]
[ info ] [ LANG ] /data/home/qxu1146510236/htdocs/thinkphp/lang/zh-cn.php
[ info ] [ ROUTE ] array (
  'type' => 'module',
  'module' => 
  array (
    0 => 'index',
    1 => 'Usermsg',
    2 => 'usermsg',
  ),
)
[ info ] [ HEADER ] array (
  'content-length' => '0',
  'accept' => 'application/json, text/javascript, */*; q=0.01',
  'accept-encoding' => 'gzip, deflate',
  'accept-language' => 'zh-CN,zh;q=0.9',
  'connection' => 'keep-alive',
  'cookie' => 'token=7892BDDA8F06E8B8B1D8143E68210EE3; PHPSESSID=nhn0hag8sngv4qbeb1ofo53ri3',
  'host' => 'www.yi-23.com',
  'origin' => 'http://www.yi-23.com',
  'referer' => 'http://www.yi-23.com/',
  'user-agent' => 'Mozilla/5.0 (Windows NT 10.0; WOW64) AppleWebKit/537.36 (KHTML, like Gecko) Chrome/65.0.3322.4 Safari/537.36',
  'x-requested-with' => 'XMLHttpRequest',
)
[ info ] [ PARAM ] array (
)
[ info ] [ DB ] INIT mysql
[ info ] [ RUN ] app\index\controller\usermsg->usermsg[ /data/home/qxu1146510236/htdocs/application/index/controller/Usermsg.php ]
[ info ] [ LOG ] INIT File
---------------------------------------------------------------
[ 2018-02-05T21:44:04+08:00 ] 121.42.87.135 211.162.237.33 POST /public/admin/html/showimg
[ info ] www.yi-23.com/public/admin/html/showimg [运行时间：0.024347s][吞吐率：41.07req/s] [内存消耗：1,677.43kb] [文件加载：30]
[ info ] [ LANG ] /data/home/qxu1146510236/htdocs/thinkphp/lang/zh-cn.php
[ info ] [ ROUTE ] array (
  'type' => 'module',
  'module' => 
  array (
    0 => 'admin',
    1 => 'html',
    2 => 'showimg',
  ),
)
[ info ] [ HEADER ] array (
  'content-length' => '9',
  'content-type' => 'application/x-www-form-urlencoded; charset=UTF-8',
  'accept' => 'application/json, text/javascript, */*; q=0.01',
  'accept-encoding' => 'gzip, deflate',
  'accept-language' => 'zh-CN,zh;q=0.9',
  'connection' => 'keep-alive',
  'cookie' => 'token=7892BDDA8F06E8B8B1D8143E68210EE3; PHPSESSID=nhn0hag8sngv4qbeb1ofo53ri3',
  'host' => 'www.yi-23.com',
  'origin' => 'http://www.yi-23.com',
  'referer' => 'http://www.yi-23.com/',
  'user-agent' => 'Mozilla/5.0 (Windows NT 10.0; WOW64) AppleWebKit/537.36 (KHTML, like Gecko) Chrome/65.0.3322.4 Safari/537.36',
  'x-requested-with' => 'XMLHttpRequest',
)
[ info ] [ PARAM ] array (
  'key' => 'belle',
)
[ info ] [ RUN ] app\admin\controller\Html->showimg[ /data/home/qxu1146510236/htdocs/application/admin/controller/Html.php ]
[ info ] [ LOG ] INIT File
---------------------------------------------------------------
[ 2018-02-05T21:44:04+08:00 ] 121.42.87.135 211.162.237.33 POST /public/index/Usermsg/classname
[ info ] www.yi-23.com/public/index/Usermsg/classname [运行时间：0.049121s][吞吐率：20.36req/s] [内存消耗：3,058.06kb] [文件加载：37]
[ info ] [ LANG ] /data/home/qxu1146510236/htdocs/thinkphp/lang/zh-cn.php
[ info ] [ ROUTE ] array (
  'type' => 'module',
  'module' => 
  array (
    0 => 'index',
    1 => 'Usermsg',
    2 => 'classname',
  ),
)
[ info ] [ HEADER ] array (
  'content-length' => '0',
  'accept' => 'application/json, text/javascript, */*; q=0.01',
  'accept-encoding' => 'gzip, deflate',
  'accept-language' => 'zh-CN,zh;q=0.9',
  'connection' => 'keep-alive',
  'cookie' => 'token=7892BDDA8F06E8B8B1D8143E68210EE3; PHPSESSID=nhn0hag8sngv4qbeb1ofo53ri3',
  'host' => 'www.yi-23.com',
  'origin' => 'http://www.yi-23.com',
  'referer' => 'http://www.yi-23.com/',
  'user-agent' => 'Mozilla/5.0 (Windows NT 10.0; WOW64) AppleWebKit/537.36 (KHTML, like Gecko) Chrome/65.0.3322.4 Safari/537.36',
  'x-requested-with' => 'XMLHttpRequest',
)
[ info ] [ PARAM ] array (
)
[ info ] [ DB ] INIT mysql
[ info ] [ RUN ] app\index\controller\usermsg->classname[ /data/home/qxu1146510236/htdocs/application/index/controller/Usermsg.php ]
[ info ] [ LOG ] INIT File
